#! /usr/bin/vvp
:ivl_version "10.3 (stable)";
:ivl_delay_selection "TYPICAL";
:vpi_time_precision - 12;
:vpi_module "system";
:vpi_module "vhdl_sys";
:vpi_module "v2005_math";
:vpi_module "va_math";
S_0x55b5f9556400 .scope module, "RISC_V_tb" "RISC_V_tb" 2 11;
 .timescale -8 -12;
v0x55b5f95e5cf0_0 .var "addr_data", 7 0;
v0x55b5f95e5de0_0 .var "addr_ins", 7 0;
v0x55b5f95e5eb0_0 .var "address", 7 0;
v0x55b5f95e5fb0_0 .var "clock", 0 0;
v0x55b5f95e60a0_0 .net "data_memfull", 0 0, L_0x55b5f9613420;  1 drivers
v0x55b5f95e61e0_0 .var "dati_data", 31 0;
v0x55b5f95e6280_0 .var "dati_ins", 31 0;
v0x55b5f95e6320_0 .net "dato_data", 31 0, L_0x55b5f9612f00;  1 drivers
v0x55b5f95e63c0_0 .net "ins_memfull", 0 0, L_0x55b5f95f73c0;  1 drivers
v0x55b5f95e6460_0 .net "instruction", 31 0, L_0x55b5f95225a0;  1 drivers
v0x55b5f95e6500_0 .var "mem_clr_n", 0 0;
v0x55b5f95e6630_0 .var "read_data", 0 0;
v0x55b5f95e6700_0 .var "reset_n", 0 0;
v0x55b5f95e67d0_0 .var/i "tmp", 31 0;
v0x55b5f95e6870_0 .var/i "tmp1", 31 0;
v0x55b5f95e6910_0 .var "write_data", 0 0;
v0x55b5f95e69e0_0 .var "write_ins", 0 0;
E_0x55b5f951a650 .event posedge, v0x55b5f95cdae0_0;
S_0x55b5f9576e00 .scope module, "comp0" "RISC_V_core" 2 45, 3 11 0, S_0x55b5f9556400;
 .timescale -8 -12;
    .port_info 0 /INPUT 1 "clock"
    .port_info 1 /INPUT 1 "reset_n"
    .port_info 2 /INPUT 1 "mem_clr_n"
    .port_info 3 /INPUT 1 "write_ins"
    .port_info 4 /INPUT 1 "write_data"
    .port_info 5 /INPUT 1 "read_data"
    .port_info 6 /INPUT 8 "addr_ins"
    .port_info 7 /INPUT 32 "dati_ins"
    .port_info 8 /INPUT 8 "addr_data"
    .port_info 9 /INPUT 32 "dati_data"
    .port_info 10 /OUTPUT 32 "dato_data"
    .port_info 11 /OUTPUT 1 "data_memfull"
    .port_info 12 /OUTPUT 1 "ins_memfull"
L_0x55b5f94ef320 .functor NOT 1, v0x55b5f95e6700_0, C4<0>, C4<0>, C4<0>;
L_0x55b5f9519ae0 .functor BUFZ 8, v0x55b5f95e5de0_0, C4<00000000>, C4<00000000>, C4<00000000>;
L_0x55b5f9519e20 .functor BUFZ 32, v0x55b5f95e6280_0, C4<00000000000000000000000000000000>, C4<00000000000000000000000000000000>, C4<00000000000000000000000000000000>;
L_0x55b5f9519c10 .functor BUFZ 32, v0x55b5f95cdc90_0, C4<00000000000000000000000000000000>, C4<00000000000000000000000000000000>, C4<00000000000000000000000000000000>;
L_0x55b5f9548740 .functor OR 1, L_0x55b5f95f7d70, L_0x55b5f95f7f20, C4<0>, C4<0>;
L_0x55b5f95f7eb0 .functor OR 1, L_0x55b5f95f8140, L_0x55b5f95f82f0, C4<0>, C4<0>;
L_0x55b5f95f85f0 .functor OR 1, L_0x55b5f95f7eb0, L_0x55b5f95f8470, C4<0>, C4<0>;
L_0x55b5f95f87f0 .functor OR 1, L_0x55b5f95f85f0, L_0x55b5f95f8700, C4<0>, C4<0>;
L_0x55b5f95f8bf0 .functor OR 1, L_0x55b5f95f87f0, L_0x55b5f95f8950, C4<0>, C4<0>;
L_0x55b5f95f8df0 .functor OR 1, L_0x55b5f95f8bf0, L_0x55b5f95f8d00, C4<0>, C4<0>;
L_0x55b5f95f9100 .functor OR 1, L_0x55b5f95f8f60, L_0x55b5f95f8b50, C4<0>, C4<0>;
L_0x55b5f95f95c0 .functor OR 1, L_0x55b5f95f9320, L_0x55b5f95f94d0, C4<0>, C4<0>;
L_0x55b5f95f9900 .functor OR 1, L_0x55b5f95f95c0, L_0x55b5f95f9740, C4<0>, C4<0>;
L_0x55b5f95f9b00 .functor OR 1, L_0x55b5f95f9900, L_0x55b5f95f9a10, C4<0>, C4<0>;
L_0x55b5f95f96d0 .functor OR 1, L_0x55b5f95f9b00, L_0x55b5f95f8df0, C4<0>, C4<0>;
L_0x55b5f95fa180 .functor OR 1, L_0x55b5f95f96d0, L_0x55b5f95f9100, C4<0>, C4<0>;
L_0x55b5f95fa320 .functor OR 1, L_0x55b5f95fa180, L_0x55b5f95f9e60, C4<0>, C4<0>;
L_0x55b5f95fa520 .functor OR 1, L_0x55b5f95f9b00, L_0x55b5f95f8df0, C4<0>, C4<0>;
L_0x55b5f95fa630 .functor OR 1, L_0x55b5f95fa520, L_0x55b5f95f9100, C4<0>, C4<0>;
L_0x55b5f95fa6f0 .functor OR 1, L_0x55b5f95fa630, L_0x55b5f95f9e60, C4<0>, C4<0>;
L_0x55b5f95faa00 .functor OR 1, L_0x55b5f95f9b00, L_0x55b5f95f9100, C4<0>, C4<0>;
L_0x55b5f95faa70 .functor OR 1, L_0x55b5f95faa00, L_0x55b5f95f9e60, C4<0>, C4<0>;
L_0x55b5f95fac40 .functor OR 1, L_0x55b5f95f9b00, L_0x55b5f95f8df0, C4<0>, C4<0>;
L_0x55b5f95facb0 .functor OR 1, L_0x55b5f95fac40, L_0x55b5f9548740, C4<0>, C4<0>;
L_0x55b5f95fae40 .functor OR 1, L_0x55b5f95facb0, L_0x55b5f95f9c90, C4<0>, C4<0>;
L_0x55b5f95fb100 .functor BUFZ 1, L_0x55b5f95f9b00, C4<0>, C4<0>, C4<0>;
L_0x55b5f95feb70 .functor OR 1, L_0x55b5f95f8df0, L_0x55b5f95f9100, C4<0>, C4<0>;
L_0x55b5f95febe0 .functor OR 1, L_0x55b5f95feb70, L_0x55b5f95f9e60, C4<0>, C4<0>;
L_0x55b5f95fed90 .functor OR 1, L_0x55b5f95febe0, L_0x55b5f9548740, C4<0>, C4<0>;
L_0x55b5f95fee50 .functor OR 1, L_0x55b5f95fed90, L_0x55b5f95f9c90, C4<0>, C4<0>;
L_0x55b5f9607380 .functor AND 64, L_0x55b5f9606a60, L_0x55b5f9606f60, C4<1111111111111111111111111111111111111111111111111111111111111111>, C4<1111111111111111111111111111111111111111111111111111111111111111>;
L_0x55b5f9607a30 .functor OR 64, L_0x55b5f9607490, L_0x55b5f9607580, C4<0000000000000000000000000000000000000000000000000000000000000000>, C4<0000000000000000000000000000000000000000000000000000000000000000>;
L_0x55b5f9608200 .functor XOR 64, L_0x55b5f9607c50, L_0x55b5f9607d40, C4<0000000000000000000000000000000000000000000000000000000000000000>, C4<0000000000000000000000000000000000000000000000000000000000000000>;
L_0x55b5f9608970 .functor AND 64, L_0x55b5f9609d00, L_0x55b5f960a1e0, C4<1111111111111111111111111111111111111111111111111111111111111111>, C4<1111111111111111111111111111111111111111111111111111111111111111>;
L_0x55b5f960aa80 .functor OR 64, L_0x55b5f960a470, L_0x55b5f960a960, C4<0000000000000000000000000000000000000000000000000000000000000000>, C4<0000000000000000000000000000000000000000000000000000000000000000>;
L_0x55b5f960b1b0 .functor XOR 64, L_0x55b5f960ab90, L_0x55b5f960b090, C4<0000000000000000000000000000000000000000000000000000000000000000>, C4<0000000000000000000000000000000000000000000000000000000000000000>;
L_0x55b5f960b9a0 .functor XNOR 1, L_0x55b5f960cb80, L_0x55b5f960d380, C4<0>, C4<0>;
L_0x55b5f960d590 .functor XNOR 1, L_0x55b5f960db40, L_0x55b5f960dbe0, C4<0>, C4<0>;
L_0x55b5f960e9e0 .functor XOR 1, L_0x55b5f9611000, L_0x55b5f96110a0, C4<0>, C4<0>;
L_0x55b5f96111e0 .functor XOR 1, L_0x55b5f9610f60, L_0x55b5f960e9e0, C4<0>, C4<0>;
L_0x55b5f9611830 .functor XOR 1, L_0x55b5f9611e10, L_0x55b5f9611790, C4<0>, C4<0>;
L_0x55b5f9611940 .functor XOR 1, L_0x55b5f9611440, L_0x55b5f9611830, C4<0>, C4<0>;
L_0x55b5f9612f00 .functor BUFZ 32, v0x55b5f95ccdd0_0, C4<00000000000000000000000000000000>, C4<00000000000000000000000000000000>, C4<00000000000000000000000000000000>;
L_0x55b5f9613240 .functor BUFZ 32, v0x55b5f95ccdd0_0, C4<00000000000000000000000000000000>, C4<00000000000000000000000000000000>, C4<00000000000000000000000000000000>;
v0x55b5f95cf900_0 .net *"_s0", 0 0, L_0x55b5f94ef320;  1 drivers
v0x55b5f95cfa00_0 .net *"_s10", 31 0, L_0x55b5f95f6f10;  1 drivers
L_0x7f557b68e4e0 .functor BUFT 1, C4<01100>, C4<0>, C4<0>, C4<0>;
v0x55b5f95cfae0_0 .net/2u *"_s100", 4 0, L_0x7f557b68e4e0;  1 drivers
v0x55b5f95cfba0_0 .net *"_s102", 0 0, L_0x55b5f95f94d0;  1 drivers
v0x55b5f95cfc60_0 .net *"_s104", 0 0, L_0x55b5f95f95c0;  1 drivers
L_0x7f557b68e528 .functor BUFT 1, C4<01110>, C4<0>, C4<0>, C4<0>;
v0x55b5f95cfd70_0 .net/2u *"_s106", 4 0, L_0x7f557b68e528;  1 drivers
v0x55b5f95cfe50_0 .net *"_s108", 0 0, L_0x55b5f95f9740;  1 drivers
v0x55b5f95cff10_0 .net *"_s110", 0 0, L_0x55b5f95f9900;  1 drivers
L_0x7f557b68e570 .functor BUFT 1, C4<10100>, C4<0>, C4<0>, C4<0>;
v0x55b5f95cffd0_0 .net/2u *"_s112", 4 0, L_0x7f557b68e570;  1 drivers
v0x55b5f95d00b0_0 .net *"_s114", 0 0, L_0x55b5f95f9a10;  1 drivers
L_0x7f557b68e5b8 .functor BUFT 1, C4<11011>, C4<0>, C4<0>, C4<0>;
v0x55b5f95d0170_0 .net/2u *"_s118", 4 0, L_0x7f557b68e5b8;  1 drivers
v0x55b5f95d0250_0 .net *"_s12", 31 0, L_0x55b5f95f7060;  1 drivers
L_0x7f557b68e600 .functor BUFT 1, C4<11000>, C4<0>, C4<0>, C4<0>;
v0x55b5f95d0330_0 .net/2u *"_s122", 4 0, L_0x7f557b68e600;  1 drivers
v0x55b5f95d0410_0 .net *"_s128", 0 0, L_0x55b5f95f96d0;  1 drivers
v0x55b5f95d04d0_0 .net *"_s130", 0 0, L_0x55b5f95fa180;  1 drivers
v0x55b5f95d0590_0 .net *"_s136", 0 0, L_0x55b5f95fa520;  1 drivers
v0x55b5f95d0650_0 .net *"_s138", 0 0, L_0x55b5f95fa630;  1 drivers
v0x55b5f95d0710_0 .net *"_s144", 0 0, L_0x55b5f95faa00;  1 drivers
v0x55b5f95d07d0_0 .net *"_s150", 0 0, L_0x55b5f95fac40;  1 drivers
v0x55b5f95d0890_0 .net *"_s152", 0 0, L_0x55b5f95facb0;  1 drivers
v0x55b5f95d0950_0 .net *"_s161", 0 0, L_0x55b5f95fb250;  1 drivers
v0x55b5f95d0a30_0 .net *"_s162", 20 0, L_0x55b5f95fb2f0;  1 drivers
v0x55b5f95d0b10_0 .net *"_s165", 10 0, L_0x55b5f95fb820;  1 drivers
v0x55b5f95d0bf0_0 .net *"_s166", 31 0, L_0x55b5f95fb8c0;  1 drivers
v0x55b5f95d0cd0_0 .net *"_s169", 0 0, L_0x55b5f95fb700;  1 drivers
v0x55b5f95d0db0_0 .net *"_s170", 20 0, L_0x55b5f95fbae0;  1 drivers
v0x55b5f95d0e90_0 .net *"_s173", 5 0, L_0x55b5f95fbed0;  1 drivers
v0x55b5f95d0f70_0 .net *"_s175", 4 0, L_0x55b5f95fbf70;  1 drivers
v0x55b5f95d1050_0 .net *"_s176", 31 0, L_0x55b5f95fc160;  1 drivers
v0x55b5f95d1130_0 .net *"_s179", 0 0, L_0x55b5f95fc2a0;  1 drivers
L_0x7f557b68e0f0 .functor BUFT 1, C4<1>, C4<0>, C4<0>, C4<0>;
v0x55b5f95d1210_0 .net/2u *"_s18", 0 0, L_0x7f557b68e0f0;  1 drivers
v0x55b5f95d12f0_0 .net *"_s180", 19 0, L_0x55b5f95fc4a0;  1 drivers
v0x55b5f95d13d0_0 .net *"_s183", 0 0, L_0x55b5f95fc7a0;  1 drivers
v0x55b5f95d14b0_0 .net *"_s185", 5 0, L_0x55b5f95fcbc0;  1 drivers
v0x55b5f95d1590_0 .net *"_s187", 3 0, L_0x55b5f95fcc60;  1 drivers
L_0x7f557b68e648 .functor BUFT 1, C4<0>, C4<0>, C4<0>, C4<0>;
v0x55b5f95d1670_0 .net/2u *"_s188", 0 0, L_0x7f557b68e648;  1 drivers
v0x55b5f95d1750_0 .net *"_s190", 31 0, L_0x55b5f95fce80;  1 drivers
v0x55b5f95d1830_0 .net *"_s193", 0 0, L_0x55b5f95fd060;  1 drivers
v0x55b5f95d1910_0 .net *"_s195", 18 0, L_0x55b5f95fd290;  1 drivers
L_0x7f557b68e690 .functor BUFT 1, C4<000000000000>, C4<0>, C4<0>, C4<0>;
v0x55b5f95d19f0_0 .net/2u *"_s196", 11 0, L_0x7f557b68e690;  1 drivers
v0x55b5f95d1ad0_0 .net *"_s198", 31 0, L_0x55b5f95fd330;  1 drivers
L_0x7f557b68e018 .functor BUFT 1, C4<00000000000000000000000000000000>, C4<0>, C4<0>, C4<0>;
v0x55b5f95d1bb0_0 .net/2u *"_s2", 31 0, L_0x7f557b68e018;  1 drivers
L_0x7f557b68e138 .functor BUFT 1, C4<0>, C4<0>, C4<0>, C4<0>;
v0x55b5f95d1c90_0 .net/2u *"_s20", 0 0, L_0x7f557b68e138;  1 drivers
v0x55b5f95d1d70_0 .net *"_s201", 0 0, L_0x55b5f95fd660;  1 drivers
v0x55b5f95d1e50_0 .net *"_s202", 11 0, L_0x55b5f95fd700;  1 drivers
v0x55b5f95d1f30_0 .net *"_s205", 7 0, L_0x55b5f95fda10;  1 drivers
v0x55b5f95d2010_0 .net *"_s207", 0 0, L_0x55b5f95fdab0;  1 drivers
v0x55b5f95d20f0_0 .net *"_s209", 9 0, L_0x55b5f95fdd10;  1 drivers
L_0x7f557b68e6d8 .functor BUFT 1, C4<0>, C4<0>, C4<0>, C4<0>;
v0x55b5f95d21d0_0 .net/2u *"_s210", 0 0, L_0x7f557b68e6d8;  1 drivers
v0x55b5f95d22b0_0 .net *"_s212", 31 0, L_0x55b5f95fddb0;  1 drivers
L_0x7f557b68e720 .functor BUFT 1, C4<00000000000000000000000000000000>, C4<0>, C4<0>, C4<0>;
v0x55b5f95d2390_0 .net/2u *"_s214", 31 0, L_0x7f557b68e720;  1 drivers
v0x55b5f95d2470_0 .net *"_s216", 31 0, L_0x55b5f95fe160;  1 drivers
v0x55b5f95d2550_0 .net *"_s218", 31 0, L_0x55b5f95fe2a0;  1 drivers
v0x55b5f95d2630_0 .net *"_s220", 31 0, L_0x55b5f95fe5c0;  1 drivers
v0x55b5f95d2710_0 .net *"_s222", 31 0, L_0x55b5f95fe700;  1 drivers
v0x55b5f95d27f0_0 .net *"_s226", 0 0, L_0x55b5f95feb70;  1 drivers
v0x55b5f95d28b0_0 .net *"_s228", 0 0, L_0x55b5f95febe0;  1 drivers
v0x55b5f95d2970_0 .net *"_s230", 0 0, L_0x55b5f95fed90;  1 drivers
v0x55b5f95d2a30_0 .net *"_s235", 0 0, L_0x55b5f95ff050;  1 drivers
L_0x7f557b68e768 .functor BUFT 1, C4<0110111>, C4<0>, C4<0>, C4<0>;
v0x55b5f95d2b10_0 .net/2u *"_s240", 6 0, L_0x7f557b68e768;  1 drivers
L_0x7f557b68e7b0 .functor BUFT 1, C4<0010111>, C4<0>, C4<0>, C4<0>;
v0x55b5f95d2bf0_0 .net/2u *"_s244", 6 0, L_0x7f557b68e7b0;  1 drivers
L_0x7f557b68e7f8 .functor BUFT 1, C4<1101111>, C4<0>, C4<0>, C4<0>;
v0x55b5f95d2cd0_0 .net/2u *"_s248", 6 0, L_0x7f557b68e7f8;  1 drivers
L_0x7f557b68e840 .functor BUFT 1, C4<0000011>, C4<0>, C4<0>, C4<0>;
v0x55b5f95d2db0_0 .net/2u *"_s252", 6 0, L_0x7f557b68e840;  1 drivers
L_0x7f557b68e888 .functor BUFT 1, C4<0100011>, C4<0>, C4<0>, C4<0>;
v0x55b5f95d2e90_0 .net/2u *"_s256", 6 0, L_0x7f557b68e888;  1 drivers
L_0x7f557b68e8d0 .functor BUFT 1, C4<0001100111>, C4<0>, C4<0>, C4<0>;
v0x55b5f95d2f70_0 .net/2u *"_s260", 9 0, L_0x7f557b68e8d0;  1 drivers
L_0x7f557b68e918 .functor BUFT 1, C4<0001100011>, C4<0>, C4<0>, C4<0>;
v0x55b5f95d3050_0 .net/2u *"_s264", 9 0, L_0x7f557b68e918;  1 drivers
L_0x7f557b68e960 .functor BUFT 1, C4<0011100011>, C4<0>, C4<0>, C4<0>;
v0x55b5f95d3130_0 .net/2u *"_s268", 9 0, L_0x7f557b68e960;  1 drivers
L_0x7f557b68e9a8 .functor BUFT 1, C4<1001100011>, C4<0>, C4<0>, C4<0>;
v0x55b5f95d3210_0 .net/2u *"_s272", 9 0, L_0x7f557b68e9a8;  1 drivers
L_0x7f557b68e9f0 .functor BUFT 1, C4<1011100011>, C4<0>, C4<0>, C4<0>;
v0x55b5f95d32f0_0 .net/2u *"_s276", 9 0, L_0x7f557b68e9f0;  1 drivers
L_0x7f557b68ea38 .functor BUFT 1, C4<1101100011>, C4<0>, C4<0>, C4<0>;
v0x55b5f95d33d0_0 .net/2u *"_s280", 9 0, L_0x7f557b68ea38;  1 drivers
L_0x7f557b68ea80 .functor BUFT 1, C4<1111100011>, C4<0>, C4<0>, C4<0>;
v0x55b5f95d34b0_0 .net/2u *"_s284", 9 0, L_0x7f557b68ea80;  1 drivers
L_0x7f557b68eac8 .functor BUFT 1, C4<0000010011>, C4<0>, C4<0>, C4<0>;
v0x55b5f95d3590_0 .net/2u *"_s288", 9 0, L_0x7f557b68eac8;  1 drivers
L_0x7f557b68eb10 .functor BUFT 1, C4<0100010011>, C4<0>, C4<0>, C4<0>;
v0x55b5f95d3670_0 .net/2u *"_s292", 9 0, L_0x7f557b68eb10;  1 drivers
L_0x7f557b68eb58 .functor BUFT 1, C4<0110010011>, C4<0>, C4<0>, C4<0>;
v0x55b5f95d3750_0 .net/2u *"_s296", 9 0, L_0x7f557b68eb58;  1 drivers
L_0x7f557b68eba0 .functor BUFT 1, C4<1000010011>, C4<0>, C4<0>, C4<0>;
v0x55b5f95d3830_0 .net/2u *"_s300", 9 0, L_0x7f557b68eba0;  1 drivers
L_0x7f557b68ebe8 .functor BUFT 1, C4<1100010011>, C4<0>, C4<0>, C4<0>;
v0x55b5f95d3910_0 .net/2u *"_s304", 9 0, L_0x7f557b68ebe8;  1 drivers
L_0x7f557b68ec30 .functor BUFT 1, C4<1110010011>, C4<0>, C4<0>, C4<0>;
v0x55b5f95d39f0_0 .net/2u *"_s308", 9 0, L_0x7f557b68ec30;  1 drivers
L_0x7f557b68ec78 .functor BUFT 1, C4<00010010011>, C4<0>, C4<0>, C4<0>;
v0x55b5f95d3ad0_0 .net/2u *"_s312", 10 0, L_0x7f557b68ec78;  1 drivers
L_0x7f557b68ecc0 .functor BUFT 1, C4<01010010011>, C4<0>, C4<0>, C4<0>;
v0x55b5f95d3bb0_0 .net/2u *"_s316", 10 0, L_0x7f557b68ecc0;  1 drivers
L_0x7f557b68ed08 .functor BUFT 1, C4<11010010011>, C4<0>, C4<0>, C4<0>;
v0x55b5f95d3c90_0 .net/2u *"_s320", 10 0, L_0x7f557b68ed08;  1 drivers
L_0x7f557b68ed50 .functor BUFT 1, C4<00000110011>, C4<0>, C4<0>, C4<0>;
v0x55b5f95d3d70_0 .net/2u *"_s324", 10 0, L_0x7f557b68ed50;  1 drivers
L_0x7f557b68ed98 .functor BUFT 1, C4<10000110011>, C4<0>, C4<0>, C4<0>;
v0x55b5f95d3e50_0 .net/2u *"_s328", 10 0, L_0x7f557b68ed98;  1 drivers
L_0x7f557b68ede0 .functor BUFT 1, C4<00010110011>, C4<0>, C4<0>, C4<0>;
v0x55b5f95d3f30_0 .net/2u *"_s332", 10 0, L_0x7f557b68ede0;  1 drivers
L_0x7f557b68ee28 .functor BUFT 1, C4<00100110011>, C4<0>, C4<0>, C4<0>;
v0x55b5f95d4010_0 .net/2u *"_s336", 10 0, L_0x7f557b68ee28;  1 drivers
L_0x7f557b68ee70 .functor BUFT 1, C4<00110110011>, C4<0>, C4<0>, C4<0>;
v0x55b5f95d40f0_0 .net/2u *"_s340", 10 0, L_0x7f557b68ee70;  1 drivers
L_0x7f557b68eeb8 .functor BUFT 1, C4<01000110011>, C4<0>, C4<0>, C4<0>;
v0x55b5f95d41d0_0 .net/2u *"_s344", 10 0, L_0x7f557b68eeb8;  1 drivers
L_0x7f557b68ef00 .functor BUFT 1, C4<01010110011>, C4<0>, C4<0>, C4<0>;
v0x55b5f95d42b0_0 .net/2u *"_s348", 10 0, L_0x7f557b68ef00;  1 drivers
L_0x7f557b68ef48 .functor BUFT 1, C4<11010110011>, C4<0>, C4<0>, C4<0>;
v0x55b5f95d4390_0 .net/2u *"_s352", 10 0, L_0x7f557b68ef48;  1 drivers
L_0x7f557b68ef90 .functor BUFT 1, C4<01100110011>, C4<0>, C4<0>, C4<0>;
v0x55b5f95d4470_0 .net/2u *"_s356", 10 0, L_0x7f557b68ef90;  1 drivers
L_0x7f557b68efd8 .functor BUFT 1, C4<01110110011>, C4<0>, C4<0>, C4<0>;
v0x55b5f95d4550_0 .net/2u *"_s360", 10 0, L_0x7f557b68efd8;  1 drivers
v0x55b5f95d4630_0 .net *"_s37", 1 0, L_0x55b5f95f7bd0;  1 drivers
L_0x7f557b68f0f8 .functor BUFT 1, C4<00000>, C4<0>, C4<0>, C4<0>;
v0x55b5f95d4710_0 .net/2u *"_s370", 4 0, L_0x7f557b68f0f8;  1 drivers
v0x55b5f95d47f0_0 .net *"_s372", 0 0, L_0x55b5f96041a0;  1 drivers
L_0x7f557b68f140 .functor BUFT 1, C4<0>, C4<0>, C4<0>, C4<0>;
v0x55b5f95d48b0_0 .net/2u *"_s374", 0 0, L_0x7f557b68f140;  1 drivers
L_0x7f557b68f188 .functor BUFT 1, C4<0000000000000000000000000000000>, C4<0>, C4<0>, C4<0>;
v0x55b5f95d4990_0 .net/2u *"_s378", 30 0, L_0x7f557b68f188;  1 drivers
L_0x7f557b68e180 .functor BUFT 1, C4<11>, C4<0>, C4<0>, C4<0>;
v0x55b5f95d4a70_0 .net/2u *"_s38", 1 0, L_0x7f557b68e180;  1 drivers
v0x55b5f95d4b50_0 .net *"_s380", 0 0, L_0x55b5f9604760;  1 drivers
L_0x7f557b68f1d0 .functor BUFT 1, C4<0000000000000000000000000000000>, C4<0>, C4<0>, C4<0>;
v0x55b5f95d4c10_0 .net/2u *"_s384", 30 0, L_0x7f557b68f1d0;  1 drivers
v0x55b5f95d4cf0_0 .net *"_s386", 0 0, L_0x55b5f9604d00;  1 drivers
v0x55b5f95d4db0_0 .net *"_s391", 0 0, L_0x55b5f9605260;  1 drivers
v0x55b5f95d4e90_0 .net *"_s392", 31 0, L_0x55b5f96056d0;  1 drivers
v0x55b5f95d4f70_0 .net *"_s397", 4 0, L_0x55b5f9606020;  1 drivers
L_0x7f557b68e060 .functor BUFT 1, C4<00000000000000000000000000000100>, C4<0>, C4<0>, C4<0>;
v0x55b5f95d5050_0 .net/2u *"_s4", 31 0, L_0x7f557b68e060;  1 drivers
v0x55b5f95d5130_0 .net *"_s401", 4 0, L_0x55b5f9606560;  1 drivers
v0x55b5f95d5210_0 .net *"_s404", 63 0, L_0x55b5f9606a60;  1 drivers
L_0x7f557b68f218 .functor BUFT 1, C4<00000000000000000000000000000000>, C4<0>, C4<0>, C4<0>;
v0x55b5f95d52f0_0 .net *"_s407", 31 0, L_0x7f557b68f218;  1 drivers
v0x55b5f95d53d0_0 .net *"_s408", 63 0, L_0x55b5f9606f60;  1 drivers
L_0x7f557b68f260 .functor BUFT 1, C4<00000000000000000000000000000000>, C4<0>, C4<0>, C4<0>;
v0x55b5f95d54b0_0 .net *"_s411", 31 0, L_0x7f557b68f260;  1 drivers
v0x55b5f95d5590_0 .net *"_s412", 63 0, L_0x55b5f9607380;  1 drivers
v0x55b5f95d5670_0 .net *"_s414", 63 0, L_0x55b5f9607490;  1 drivers
L_0x7f557b68f2a8 .functor BUFT 1, C4<00000000000000000000000000000000>, C4<0>, C4<0>, C4<0>;
v0x55b5f95d5750_0 .net *"_s417", 31 0, L_0x7f557b68f2a8;  1 drivers
v0x55b5f95d5830_0 .net *"_s418", 63 0, L_0x55b5f9607580;  1 drivers
L_0x7f557b68e1c8 .functor BUFT 1, C4<00101>, C4<0>, C4<0>, C4<0>;
v0x55b5f95d5910_0 .net/2u *"_s42", 4 0, L_0x7f557b68e1c8;  1 drivers
L_0x7f557b68f2f0 .functor BUFT 1, C4<00000000000000000000000000000000>, C4<0>, C4<0>, C4<0>;
v0x55b5f95d59f0_0 .net *"_s421", 31 0, L_0x7f557b68f2f0;  1 drivers
v0x55b5f95d5ad0_0 .net *"_s422", 63 0, L_0x55b5f9607a30;  1 drivers
v0x55b5f95d5bb0_0 .net *"_s424", 63 0, L_0x55b5f9607c50;  1 drivers
L_0x7f557b68f338 .functor BUFT 1, C4<00000000000000000000000000000000>, C4<0>, C4<0>, C4<0>;
v0x55b5f95d5c90_0 .net *"_s427", 31 0, L_0x7f557b68f338;  1 drivers
v0x55b5f95d5d70_0 .net *"_s428", 63 0, L_0x55b5f9607d40;  1 drivers
L_0x7f557b68f380 .functor BUFT 1, C4<00000000000000000000000000000000>, C4<0>, C4<0>, C4<0>;
v0x55b5f95d5e50_0 .net *"_s431", 31 0, L_0x7f557b68f380;  1 drivers
v0x55b5f95d5f30_0 .net *"_s432", 63 0, L_0x55b5f9608200;  1 drivers
v0x55b5f95d6010_0 .net *"_s434", 63 0, L_0x55b5f9608310;  1 drivers
L_0x7f557b68f3c8 .functor BUFT 1, C4<00000000000000000000000000000000>, C4<0>, C4<0>, C4<0>;
v0x55b5f95d60f0_0 .net *"_s437", 31 0, L_0x7f557b68f3c8;  1 drivers
v0x55b5f95d61d0_0 .net *"_s438", 63 0, L_0x55b5f9608400;  1 drivers
v0x55b5f95d62b0_0 .net *"_s44", 0 0, L_0x55b5f95f7d70;  1 drivers
L_0x7f557b68f410 .functor BUFT 1, C4<00000000000000000000000000000000>, C4<0>, C4<0>, C4<0>;
v0x55b5f95d6370_0 .net *"_s441", 31 0, L_0x7f557b68f410;  1 drivers
v0x55b5f95d6450_0 .net *"_s442", 63 0, L_0x55b5f96088d0;  1 drivers
v0x55b5f95d6530_0 .net *"_s444", 63 0, L_0x55b5f9608a80;  1 drivers
L_0x7f557b68f458 .functor BUFT 1, C4<00000000000000000000000000000000>, C4<0>, C4<0>, C4<0>;
v0x55b5f95d6610_0 .net *"_s447", 31 0, L_0x7f557b68f458;  1 drivers
v0x55b5f95d66f0_0 .net *"_s449", 5 0, L_0x55b5f9608f30;  1 drivers
v0x55b5f95d6fe0_0 .net *"_s450", 63 0, L_0x55b5f96090e0;  1 drivers
v0x55b5f95d70c0_0 .net *"_s452", 63 0, L_0x55b5f9609620;  1 drivers
L_0x7f557b68f4a0 .functor BUFT 1, C4<00000000000000000000000000000000>, C4<0>, C4<0>, C4<0>;
v0x55b5f95d71a0_0 .net *"_s455", 31 0, L_0x7f557b68f4a0;  1 drivers
v0x55b5f95d7280_0 .net *"_s457", 5 0, L_0x55b5f9609710;  1 drivers
v0x55b5f95d7360_0 .net *"_s458", 63 0, L_0x55b5f9609b90;  1 drivers
L_0x7f557b68e210 .functor BUFT 1, C4<01101>, C4<0>, C4<0>, C4<0>;
v0x55b5f95d7440_0 .net/2u *"_s46", 4 0, L_0x7f557b68e210;  1 drivers
v0x55b5f95d7520_0 .net *"_s460", 63 0, L_0x55b5f9609d00;  1 drivers
L_0x7f557b68f4e8 .functor BUFT 1, C4<00000000000000000000000000000000>, C4<0>, C4<0>, C4<0>;
v0x55b5f95d7600_0 .net *"_s463", 31 0, L_0x7f557b68f4e8;  1 drivers
v0x55b5f95d76e0_0 .net *"_s464", 63 0, L_0x55b5f960a1e0;  1 drivers
L_0x7f557b68f530 .functor BUFT 1, C4<00000000000000000000000000000000>, C4<0>, C4<0>, C4<0>;
v0x55b5f95d77c0_0 .net *"_s467", 31 0, L_0x7f557b68f530;  1 drivers
v0x55b5f95d78a0_0 .net *"_s468", 63 0, L_0x55b5f9608970;  1 drivers
v0x55b5f95d7980_0 .net *"_s470", 63 0, L_0x55b5f960a470;  1 drivers
L_0x7f557b68f578 .functor BUFT 1, C4<00000000000000000000000000000000>, C4<0>, C4<0>, C4<0>;
v0x55b5f95d7a60_0 .net *"_s473", 31 0, L_0x7f557b68f578;  1 drivers
v0x55b5f95d7b40_0 .net *"_s474", 63 0, L_0x55b5f960a960;  1 drivers
L_0x7f557b68f5c0 .functor BUFT 1, C4<00000000000000000000000000000000>, C4<0>, C4<0>, C4<0>;
v0x55b5f95d7c20_0 .net *"_s477", 31 0, L_0x7f557b68f5c0;  1 drivers
v0x55b5f95d7d00_0 .net *"_s478", 63 0, L_0x55b5f960aa80;  1 drivers
v0x55b5f95d7de0_0 .net *"_s48", 0 0, L_0x55b5f95f7f20;  1 drivers
v0x55b5f95d7ea0_0 .net *"_s480", 63 0, L_0x55b5f960ab90;  1 drivers
L_0x7f557b68f608 .functor BUFT 1, C4<00000000000000000000000000000000>, C4<0>, C4<0>, C4<0>;
v0x55b5f95d7f80_0 .net *"_s483", 31 0, L_0x7f557b68f608;  1 drivers
v0x55b5f95d8060_0 .net *"_s484", 63 0, L_0x55b5f960b090;  1 drivers
L_0x7f557b68f650 .functor BUFT 1, C4<00000000000000000000000000000000>, C4<0>, C4<0>, C4<0>;
v0x55b5f95d8140_0 .net *"_s487", 31 0, L_0x7f557b68f650;  1 drivers
v0x55b5f95d8220_0 .net *"_s488", 63 0, L_0x55b5f960b1b0;  1 drivers
v0x55b5f95d8300_0 .net *"_s490", 63 0, L_0x55b5f960a350;  1 drivers
L_0x7f557b68f698 .functor BUFT 1, C4<00000000000000000000000000000000>, C4<0>, C4<0>, C4<0>;
v0x55b5f95d83e0_0 .net *"_s493", 31 0, L_0x7f557b68f698;  1 drivers
v0x55b5f95d84c0_0 .net *"_s494", 63 0, L_0x55b5f960b810;  1 drivers
L_0x7f557b68f6e0 .functor BUFT 1, C4<00000000000000000000000000000000>, C4<0>, C4<0>, C4<0>;
v0x55b5f95d85a0_0 .net *"_s497", 31 0, L_0x7f557b68f6e0;  1 drivers
v0x55b5f95d8680_0 .net *"_s498", 63 0, L_0x55b5f960b900;  1 drivers
v0x55b5f95d8760_0 .net *"_s500", 63 0, L_0x55b5f960b3f0;  1 drivers
L_0x7f557b68f728 .functor BUFT 1, C4<00000000000000000000000000000000>, C4<0>, C4<0>, C4<0>;
v0x55b5f95d8840_0 .net *"_s503", 31 0, L_0x7f557b68f728;  1 drivers
v0x55b5f95d8920_0 .net *"_s504", 63 0, L_0x55b5f960b4e0;  1 drivers
L_0x7f557b68f770 .functor BUFT 1, C4<00000000000000000000000000000000>, C4<0>, C4<0>, C4<0>;
v0x55b5f95d8a00_0 .net *"_s507", 31 0, L_0x7f557b68f770;  1 drivers
v0x55b5f95d8ae0_0 .net *"_s508", 63 0, L_0x55b5f960b600;  1 drivers
v0x55b5f95d8bc0_0 .net *"_s510", 63 0, L_0x55b5f960b740;  1 drivers
L_0x7f557b68f7b8 .functor BUFT 1, C4<00000000000000000000000000000000>, C4<0>, C4<0>, C4<0>;
v0x55b5f95d8ca0_0 .net *"_s513", 31 0, L_0x7f557b68f7b8;  1 drivers
v0x55b5f95d8d80_0 .net *"_s515", 4 0, L_0x55b5f960bf50;  1 drivers
v0x55b5f95d8e60_0 .net *"_s516", 63 0, L_0x55b5f960bff0;  1 drivers
v0x55b5f95d8f40_0 .net *"_s518", 63 0, L_0x55b5f960bab0;  1 drivers
L_0x7f557b68e258 .functor BUFT 1, C4<00000>, C4<0>, C4<0>, C4<0>;
v0x55b5f95d9020_0 .net/2u *"_s52", 4 0, L_0x7f557b68e258;  1 drivers
L_0x7f557b68f800 .functor BUFT 1, C4<00000000000000000000000000000000>, C4<0>, C4<0>, C4<0>;
v0x55b5f95d9100_0 .net *"_s521", 31 0, L_0x7f557b68f800;  1 drivers
v0x55b5f95d91e0_0 .net *"_s523", 4 0, L_0x55b5f960bba0;  1 drivers
v0x55b5f95d92c0_0 .net *"_s524", 63 0, L_0x55b5f960bc40;  1 drivers
v0x55b5f95d93a0_0 .net *"_s526", 63 0, L_0x55b5f960bdb0;  1 drivers
L_0x7f557b68f848 .functor BUFT 1, C4<00000000000000000000000000000000>, C4<0>, C4<0>, C4<0>;
v0x55b5f95d9480_0 .net *"_s529", 31 0, L_0x7f557b68f848;  1 drivers
v0x55b5f95d9560_0 .net *"_s530", 63 0, L_0x55b5f960c5b0;  1 drivers
L_0x7f557b68f890 .functor BUFT 1, C4<00000000000000000000000000000000>, C4<0>, C4<0>, C4<0>;
v0x55b5f95d9640_0 .net *"_s533", 31 0, L_0x7f557b68f890;  1 drivers
v0x55b5f95d9720_0 .net *"_s535", 19 0, L_0x55b5f960c6f0;  1 drivers
L_0x7f557b68f8d8 .functor BUFT 1, C4<000000000000>, C4<0>, C4<0>, C4<0>;
v0x55b5f95d9800_0 .net/2u *"_s536", 11 0, L_0x7f557b68f8d8;  1 drivers
v0x55b5f95d98e0_0 .net *"_s538", 31 0, L_0x55b5f960c130;  1 drivers
v0x55b5f95d99c0_0 .net *"_s54", 0 0, L_0x55b5f95f8140;  1 drivers
v0x55b5f95d9a80_0 .net *"_s540", 63 0, L_0x55b5f960c2a0;  1 drivers
L_0x7f557b68f920 .functor BUFT 1, C4<00000000000000000000000000000000>, C4<0>, C4<0>, C4<0>;
v0x55b5f95d9b60_0 .net *"_s543", 31 0, L_0x7f557b68f920;  1 drivers
v0x55b5f95d9c40_0 .net *"_s544", 63 0, L_0x55b5f960c3e0;  1 drivers
L_0x7f557b68f968 .functor BUFT 1, C4<00000000000000000000000000000000>, C4<0>, C4<0>, C4<0>;
v0x55b5f95d9d20_0 .net *"_s547", 31 0, L_0x7f557b68f968;  1 drivers
v0x55b5f95d9e00_0 .net *"_s548", 63 0, L_0x55b5f960c4d0;  1 drivers
L_0x7f557b68f9b0 .functor BUFT 1, C4<00000000000000000000000000000000>, C4<0>, C4<0>, C4<0>;
v0x55b5f95d9ee0_0 .net *"_s551", 31 0, L_0x7f557b68f9b0;  1 drivers
v0x55b5f95d9fc0_0 .net *"_s552", 63 0, L_0x55b5f960cc90;  1 drivers
v0x55b5f95da0a0_0 .net *"_s554", 63 0, L_0x55b5f960ce00;  1 drivers
L_0x7f557b68f9f8 .functor BUFT 1, C4<00000000000000000000000000000000>, C4<0>, C4<0>, C4<0>;
v0x55b5f95da180_0 .net *"_s557", 31 0, L_0x7f557b68f9f8;  1 drivers
L_0x7f557b68fa40 .functor BUFT 1, C4<0000000000000000000000000000000000000000000000000000000000000100>, C4<0>, C4<0>, C4<0>;
v0x55b5f95da260_0 .net/2u *"_s558", 63 0, L_0x7f557b68fa40;  1 drivers
L_0x7f557b68e2a0 .functor BUFT 1, C4<00001>, C4<0>, C4<0>, C4<0>;
v0x55b5f95da340_0 .net/2u *"_s56", 4 0, L_0x7f557b68e2a0;  1 drivers
v0x55b5f95da420_0 .net *"_s560", 63 0, L_0x55b5f960c7e0;  1 drivers
v0x55b5f95da500_0 .net *"_s562", 63 0, L_0x55b5f960c920;  1 drivers
L_0x7f557b68fa88 .functor BUFT 1, C4<00000000000000000000000000000000>, C4<0>, C4<0>, C4<0>;
v0x55b5f95da5e0_0 .net *"_s565", 31 0, L_0x7f557b68fa88;  1 drivers
L_0x7f557b68fad0 .functor BUFT 1, C4<0000000000000000000000000000000000000000000000000000000000000100>, C4<0>, C4<0>, C4<0>;
v0x55b5f95da6c0_0 .net/2u *"_s566", 63 0, L_0x7f557b68fad0;  1 drivers
v0x55b5f95da7a0_0 .net *"_s568", 63 0, L_0x55b5f960ca10;  1 drivers
v0x55b5f95da880_0 .net *"_s571", 0 0, L_0x55b5f960cb80;  1 drivers
v0x55b5f95da960_0 .net *"_s573", 0 0, L_0x55b5f960d380;  1 drivers
v0x55b5f95daa40_0 .net *"_s574", 0 0, L_0x55b5f960b9a0;  1 drivers
v0x55b5f95dab00_0 .net *"_s576", 63 0, L_0x55b5f960d4f0;  1 drivers
L_0x7f557b68fb18 .functor BUFT 1, C4<00000000000000000000000000000000>, C4<0>, C4<0>, C4<0>;
v0x55b5f95dabe0_0 .net *"_s579", 31 0, L_0x7f557b68fb18;  1 drivers
v0x55b5f95dacc0_0 .net *"_s58", 0 0, L_0x55b5f95f82f0;  1 drivers
L_0x7f557b68fb60 .functor BUFT 1, C4<0000000000000000000000000000000>, C4<0>, C4<0>, C4<0>;
v0x55b5f95dad80_0 .net/2u *"_s580", 30 0, L_0x7f557b68fb60;  1 drivers
v0x55b5f95dae60_0 .net *"_s583", 0 0, L_0x55b5f960cef0;  1 drivers
v0x55b5f95daf40_0 .net *"_s584", 31 0, L_0x55b5f960cfc0;  1 drivers
v0x55b5f95db020_0 .net *"_s586", 63 0, L_0x55b5f960d130;  1 drivers
L_0x7f557b68fba8 .functor BUFT 1, C4<00000000000000000000000000000000>, C4<0>, C4<0>, C4<0>;
v0x55b5f95db100_0 .net *"_s589", 31 0, L_0x7f557b68fba8;  1 drivers
v0x55b5f95db1e0_0 .net *"_s590", 63 0, L_0x55b5f960d270;  1 drivers
v0x55b5f95db2c0_0 .net *"_s593", 0 0, L_0x55b5f960db40;  1 drivers
v0x55b5f95db3a0_0 .net *"_s595", 0 0, L_0x55b5f960dbe0;  1 drivers
v0x55b5f95db480_0 .net *"_s596", 0 0, L_0x55b5f960d590;  1 drivers
v0x55b5f95db540_0 .net *"_s598", 63 0, L_0x55b5f960d7e0;  1 drivers
v0x55b5f95db620_0 .net *"_s6", 31 0, L_0x55b5f95f6ca0;  1 drivers
v0x55b5f95db700_0 .net *"_s60", 0 0, L_0x55b5f95f7eb0;  1 drivers
L_0x7f557b68fbf0 .functor BUFT 1, C4<00000000000000000000000000000000>, C4<0>, C4<0>, C4<0>;
v0x55b5f95db7c0_0 .net *"_s601", 31 0, L_0x7f557b68fbf0;  1 drivers
L_0x7f557b68fc38 .functor BUFT 1, C4<0000000000000000000000000000000>, C4<0>, C4<0>, C4<0>;
v0x55b5f95db8a0_0 .net/2u *"_s602", 30 0, L_0x7f557b68fc38;  1 drivers
v0x55b5f95db980_0 .net *"_s605", 0 0, L_0x55b5f960d8d0;  1 drivers
v0x55b5f95dba60_0 .net *"_s606", 31 0, L_0x55b5f960d970;  1 drivers
v0x55b5f95dbb40_0 .net *"_s608", 63 0, L_0x55b5f960e200;  1 drivers
L_0x7f557b68fc80 .functor BUFT 1, C4<00000000000000000000000000000000>, C4<0>, C4<0>, C4<0>;
v0x55b5f95dbc20_0 .net *"_s611", 31 0, L_0x7f557b68fc80;  1 drivers
v0x55b5f95dbd00_0 .net *"_s612", 63 0, L_0x55b5f960dcd0;  1 drivers
v0x55b5f95dbde0_0 .net *"_s615", 31 0, L_0x55b5f960de60;  1 drivers
v0x55b5f95dbec0_0 .net *"_s616", 63 0, L_0x55b5f960df50;  1 drivers
L_0x7f557b68fcc8 .functor BUFT 1, C4<00000000000000000000000000000000>, C4<0>, C4<0>, C4<0>;
v0x55b5f95dbfa0_0 .net *"_s619", 31 0, L_0x7f557b68fcc8;  1 drivers
L_0x7f557b68e2e8 .functor BUFT 1, C4<00100>, C4<0>, C4<0>, C4<0>;
v0x55b5f95dc080_0 .net/2u *"_s62", 4 0, L_0x7f557b68e2e8;  1 drivers
v0x55b5f95dc160_0 .net *"_s620", 63 0, L_0x55b5f960e090;  1 drivers
L_0x7f557b68fd10 .functor BUFT 1, C4<00000000000000000000000000000000>, C4<0>, C4<0>, C4<0>;
v0x55b5f95dc240_0 .net *"_s623", 31 0, L_0x7f557b68fd10;  1 drivers
v0x55b5f95dc320_0 .net *"_s624", 63 0, L_0x55b5f960e850;  1 drivers
L_0x7f557b68fd58 .functor BUFT 1, C4<00000000000000000000000000000000>, C4<0>, C4<0>, C4<0>;
v0x55b5f95dc400_0 .net *"_s627", 31 0, L_0x7f557b68fd58;  1 drivers
v0x55b5f95dc4e0_0 .net *"_s628", 63 0, L_0x55b5f960e940;  1 drivers
v0x55b5f95dc5c0_0 .net *"_s630", 63 0, L_0x55b5f960e2f0;  1 drivers
L_0x7f557b68fda0 .functor BUFT 1, C4<00000000000000000000000000000000>, C4<0>, C4<0>, C4<0>;
v0x55b5f95dc6a0_0 .net *"_s633", 31 0, L_0x7f557b68fda0;  1 drivers
v0x55b5f95dc780_0 .net *"_s634", 63 0, L_0x55b5f960e3e0;  1 drivers
L_0x7f557b68fde8 .functor BUFT 1, C4<00000000000000000000000000000000>, C4<0>, C4<0>, C4<0>;
v0x55b5f95dc860_0 .net *"_s637", 31 0, L_0x7f557b68fde8;  1 drivers
v0x55b5f95dc940_0 .net *"_s638", 63 0, L_0x55b5f960e4d0;  1 drivers
v0x55b5f95dca20_0 .net *"_s64", 0 0, L_0x55b5f95f8470;  1 drivers
L_0x7f557b68fe30 .functor BUFT 1, C4<0000000000000000000000000000000000000000000000000000000000000000>, C4<0>, C4<0>, C4<0>;
v0x55b5f95dcae0_0 .net/2u *"_s640", 63 0, L_0x7f557b68fe30;  1 drivers
v0x55b5f95dcbc0_0 .net *"_s642", 63 0, L_0x55b5f960e610;  1 drivers
v0x55b5f95dcca0_0 .net *"_s644", 63 0, L_0x55b5f960e750;  1 drivers
v0x55b5f95dcd80_0 .net *"_s646", 63 0, L_0x55b5f960f120;  1 drivers
v0x55b5f95dce60_0 .net *"_s648", 63 0, L_0x55b5f960ebe0;  1 drivers
v0x55b5f95dcf40_0 .net *"_s650", 63 0, L_0x55b5f960ed70;  1 drivers
v0x55b5f95dd020_0 .net *"_s652", 63 0, L_0x55b5f960ef00;  1 drivers
v0x55b5f95dd100_0 .net *"_s654", 63 0, L_0x55b5f960f7c0;  1 drivers
v0x55b5f95dd1e0_0 .net *"_s656", 63 0, L_0x55b5f960f260;  1 drivers
v0x55b5f95dd2c0_0 .net *"_s658", 63 0, L_0x55b5f960f3a0;  1 drivers
v0x55b5f95dd3a0_0 .net *"_s66", 0 0, L_0x55b5f95f85f0;  1 drivers
v0x55b5f95dd460_0 .net *"_s660", 63 0, L_0x55b5f960f530;  1 drivers
v0x55b5f95dd540_0 .net *"_s662", 63 0, L_0x55b5f960f6c0;  1 drivers
v0x55b5f95dd620_0 .net *"_s664", 63 0, L_0x55b5f960ff30;  1 drivers
v0x55b5f95dd700_0 .net *"_s666", 63 0, L_0x55b5f96100c0;  1 drivers
v0x55b5f95dd7e0_0 .net *"_s668", 63 0, L_0x55b5f960f950;  1 drivers
v0x55b5f95dd8c0_0 .net *"_s670", 63 0, L_0x55b5f960fae0;  1 drivers
v0x55b5f95dd9a0_0 .net *"_s672", 63 0, L_0x55b5f960fc70;  1 drivers
v0x55b5f95dda80_0 .net *"_s674", 63 0, L_0x55b5f9610760;  1 drivers
v0x55b5f95ddb60_0 .net *"_s676", 63 0, L_0x55b5f9610250;  1 drivers
v0x55b5f95ddc40_0 .net *"_s678", 63 0, L_0x55b5f96103e0;  1 drivers
L_0x7f557b68e330 .functor BUFT 1, C4<00110>, C4<0>, C4<0>, C4<0>;
v0x55b5f95ddd20_0 .net/2u *"_s68", 4 0, L_0x7f557b68e330;  1 drivers
v0x55b5f95dde00_0 .net *"_s680", 63 0, L_0x55b5f9610570;  1 drivers
v0x55b5f95d67d0_0 .net *"_s682", 63 0, L_0x55b5f9610e20;  1 drivers
v0x55b5f95d68b0_0 .net *"_s684", 63 0, L_0x55b5f96108a0;  1 drivers
v0x55b5f95d6990_0 .net *"_s686", 63 0, L_0x55b5f9610a30;  1 drivers
v0x55b5f95d6a70_0 .net *"_s688", 63 0, L_0x55b5f9610bc0;  1 drivers
v0x55b5f95d6b50_0 .net *"_s690", 63 0, L_0x55b5f9610d50;  1 drivers
v0x55b5f95d6c30_0 .net *"_s694", 0 0, L_0x55b5f96116f0;  1 drivers
v0x55b5f95d6cf0_0 .net *"_s696", 0 0, L_0x55b5f9610ec0;  1 drivers
v0x55b5f95d6db0_0 .net *"_s698", 0 0, L_0x55b5f9610f60;  1 drivers
v0x55b5f95d6e70_0 .net *"_s70", 0 0, L_0x55b5f95f8700;  1 drivers
v0x55b5f95deeb0_0 .net *"_s701", 0 0, L_0x55b5f9611000;  1 drivers
v0x55b5f95def50_0 .net *"_s703", 0 0, L_0x55b5f96110a0;  1 drivers
v0x55b5f95df010_0 .net *"_s704", 0 0, L_0x55b5f960e9e0;  1 drivers
v0x55b5f95df0d0_0 .net *"_s706", 0 0, L_0x55b5f96111e0;  1 drivers
v0x55b5f95df1b0_0 .net *"_s708", 0 0, L_0x55b5f9611440;  1 drivers
v0x55b5f95df270_0 .net *"_s711", 0 0, L_0x55b5f9611e10;  1 drivers
v0x55b5f95df350_0 .net *"_s713", 0 0, L_0x55b5f9611790;  1 drivers
v0x55b5f95df430_0 .net *"_s714", 0 0, L_0x55b5f9611830;  1 drivers
v0x55b5f95df4f0_0 .net *"_s716", 0 0, L_0x55b5f9611940;  1 drivers
v0x55b5f95df5d0_0 .net *"_s718", 0 0, L_0x55b5f9611bb0;  1 drivers
v0x55b5f95df690_0 .net *"_s72", 0 0, L_0x55b5f95f87f0;  1 drivers
v0x55b5f95df750_0 .net *"_s720", 0 0, L_0x55b5f9611c50;  1 drivers
L_0x7f557b68fe78 .functor BUFT 1, C4<0>, C4<0>, C4<0>, C4<0>;
v0x55b5f95df810_0 .net/2u *"_s722", 0 0, L_0x7f557b68fe78;  1 drivers
v0x55b5f95df8f0_0 .net *"_s724", 0 0, L_0x55b5f9611cf0;  1 drivers
v0x55b5f95df9d0_0 .net *"_s726", 0 0, L_0x55b5f9612600;  1 drivers
v0x55b5f95dfab0_0 .net *"_s728", 0 0, L_0x55b5f9612790;  1 drivers
v0x55b5f95dfb90_0 .net *"_s730", 0 0, L_0x55b5f9611fa0;  1 drivers
v0x55b5f95dfc70_0 .net *"_s732", 0 0, L_0x55b5f9612130;  1 drivers
L_0x7f557b68e378 .functor BUFT 1, C4<11001>, C4<0>, C4<0>, C4<0>;
v0x55b5f95dfd50_0 .net/2u *"_s74", 4 0, L_0x7f557b68e378;  1 drivers
L_0x7f557b68fec0 .functor BUFT 1, C4<1>, C4<0>, C4<0>, C4<0>;
v0x55b5f95dfe30_0 .net/2u *"_s740", 0 0, L_0x7f557b68fec0;  1 drivers
L_0x7f557b68ff08 .functor BUFT 1, C4<1>, C4<0>, C4<0>, C4<0>;
v0x55b5f95dff10_0 .net/2u *"_s744", 0 0, L_0x7f557b68ff08;  1 drivers
v0x55b5f95dfff0_0 .net *"_s749", 7 0, L_0x55b5f9612c40;  1 drivers
v0x55b5f95e00d0_0 .net *"_s753", 7 0, L_0x55b5f9613670;  1 drivers
v0x55b5f95e01b0_0 .net *"_s76", 0 0, L_0x55b5f95f8950;  1 drivers
v0x55b5f95e0270_0 .net *"_s78", 0 0, L_0x55b5f95f8bf0;  1 drivers
v0x55b5f95e0330_0 .net *"_s8", 31 0, L_0x55b5f95f6df0;  1 drivers
L_0x7f557b68e3c0 .functor BUFT 1, C4<11100>, C4<0>, C4<0>, C4<0>;
v0x55b5f95e0410_0 .net/2u *"_s80", 4 0, L_0x7f557b68e3c0;  1 drivers
v0x55b5f95e04f0_0 .net *"_s82", 0 0, L_0x55b5f95f8d00;  1 drivers
L_0x7f557b68e408 .functor BUFT 1, C4<01000>, C4<0>, C4<0>, C4<0>;
v0x55b5f95e05b0_0 .net/2u *"_s86", 4 0, L_0x7f557b68e408;  1 drivers
v0x55b5f95e0690_0 .net *"_s88", 0 0, L_0x55b5f95f8f60;  1 drivers
L_0x7f557b68e450 .functor BUFT 1, C4<01001>, C4<0>, C4<0>, C4<0>;
v0x55b5f95e0750_0 .net/2u *"_s90", 4 0, L_0x7f557b68e450;  1 drivers
v0x55b5f95e0830_0 .net *"_s92", 0 0, L_0x55b5f95f8b50;  1 drivers
L_0x7f557b68e498 .functor BUFT 1, C4<01011>, C4<0>, C4<0>, C4<0>;
v0x55b5f95e08f0_0 .net/2u *"_s96", 4 0, L_0x7f557b68e498;  1 drivers
v0x55b5f95e09d0_0 .net *"_s98", 0 0, L_0x55b5f95f9320;  1 drivers
v0x55b5f95e0a90_0 .net "addr_data", 7 0, v0x55b5f95e5cf0_0;  1 drivers
v0x55b5f95e0b70_0 .net "addr_ins", 7 0, v0x55b5f95e5de0_0;  1 drivers
v0x55b5f95e0c50_0 .net "br_tgt_pc", 31 0, L_0x55b5f96124a0;  1 drivers
v0x55b5f95e0d30_0 .net "clock", 0 0, v0x55b5f95e5fb0_0;  1 drivers
v0x55b5f95e0dd0_0 .var "clock_hf", 0 0;
v0x55b5f95e0e70_0 .var "clock_pc", 0 0;
v0x55b5f95e0f10_0 .net "data_in", 31 0, L_0x55b5f96130b0;  1 drivers
v0x55b5f95e0fd0_0 .net "data_memfull", 0 0, L_0x55b5f9613420;  alias, 1 drivers
v0x55b5f95e10a0_0 .net "data_out", 31 0, v0x55b5f95ccdd0_0;  1 drivers
v0x55b5f95e1170_0 .net "data_rden", 0 0, L_0x55b5f9612920;  1 drivers
v0x55b5f95e1240_0 .net "data_wren", 0 0, L_0x55b5f9612ab0;  1 drivers
v0x55b5f95e1310_0 .net "dati_addr", 7 0, L_0x55b5f9612d30;  1 drivers
v0x55b5f95e13e0_0 .net "dati_data", 31 0, v0x55b5f95e61e0_0;  1 drivers
v0x55b5f95e1480_0 .net "dati_ins", 31 0, v0x55b5f95e6280_0;  1 drivers
v0x55b5f95e1520_0 .net "dato_addr", 7 0, L_0x55b5f9612f70;  1 drivers
v0x55b5f95e1610_0 .net "dato_data", 31 0, L_0x55b5f9612f00;  alias, 1 drivers
v0x55b5f95e16d0_0 .net "dec_bits", 10 0, L_0x55b5f95ff2f0;  1 drivers
v0x55b5f95e17b0_0 .net "dec_bits0", 9 0, L_0x55b5f95ff430;  1 drivers
v0x55b5f95e1890_0 .net "funct3", 2 0, L_0x55b5f95f9f50;  1 drivers
v0x55b5f95e1970_0 .net "funct3_valid", 0 0, L_0x55b5f95fa320;  1 drivers
v0x55b5f95e1a30_0 .net "funct7", 6 0, L_0x55b5f95faf50;  1 drivers
v0x55b5f95e1b10_0 .net "funct7_valid", 0 0, L_0x55b5f95fb100;  1 drivers
v0x55b5f95e1bd0_0 .net "imm", 31 0, L_0x55b5f95fea30;  1 drivers
v0x55b5f95e1cb0_0 .net "imm_valid", 0 0, L_0x55b5f95fee50;  1 drivers
v0x55b5f95e1d70_0 .net "ins_memfull", 0 0, L_0x55b5f95f73c0;  alias, 1 drivers
v0x55b5f95e1e40_0 .net "insi_addr", 7 0, L_0x55b5f9519ae0;  1 drivers
v0x55b5f95e1f10_0 .net "inso_addr", 7 0, L_0x55b5f95f77c0;  1 drivers
v0x55b5f95e1fe0_0 .net "inst_in", 31 0, L_0x55b5f9519e20;  1 drivers
v0x55b5f95e20b0_0 .net "inst_out", 31 0, v0x55b5f95cdc90_0;  1 drivers
L_0x7f557b68e0a8 .functor BUFT 1, C4<1>, C4<0>, C4<0>, C4<0>;
v0x55b5f95e2180_0 .net "inst_rden", 0 0, L_0x7f557b68e0a8;  1 drivers
v0x55b5f95e2250_0 .net "inst_wren", 0 0, L_0x55b5f95f7550;  1 drivers
v0x55b5f95e2320_0 .net "instr", 31 0, L_0x55b5f9519c10;  1 drivers
v0x55b5f95e23c0_0 .net "is_add", 0 0, L_0x55b5f96024d0;  1 drivers
v0x55b5f95e2460_0 .net "is_addi", 0 0, L_0x55b5f96010b0;  1 drivers
v0x55b5f95e2520_0 .net "is_and", 0 0, L_0x55b5f9603d50;  1 drivers
v0x55b5f95e25e0_0 .net "is_andi", 0 0, L_0x55b5f9601b30;  1 drivers
v0x55b5f95e26a0_0 .net "is_auipc", 0 0, L_0x55b5f95ff810;  1 drivers
v0x55b5f95e2760_0 .net "is_b_instr", 0 0, L_0x55b5f95f9e60;  1 drivers
v0x55b5f95e2820_0 .net "is_beq", 0 0, L_0x55b5f9600440;  1 drivers
v0x55b5f95e28e0_0 .net "is_bge", 0 0, L_0x55b5f9600910;  1 drivers
v0x55b5f95e29a0_0 .net "is_bgeu", 0 0, L_0x55b5f9600d50;  1 drivers
v0x55b5f95e2a60_0 .net "is_blt", 0 0, L_0x55b5f9600820;  1 drivers
v0x55b5f95e2b20_0 .net "is_bltu", 0 0, L_0x55b5f9600c60;  1 drivers
v0x55b5f95e2be0_0 .net "is_bne", 0 0, L_0x55b5f9600530;  1 drivers
v0x55b5f95e2ca0_0 .net "is_i_instr", 0 0, L_0x55b5f95f8df0;  1 drivers
v0x55b5f95e2d60_0 .net "is_j_instr", 0 0, L_0x55b5f95f9c90;  1 drivers
v0x55b5f95e2e20_0 .net "is_jal", 0 0, L_0x55b5f95ffb20;  1 drivers
v0x55b5f95e2ee0_0 .net "is_jalr", 0 0, L_0x55b5f9600070;  1 drivers
v0x55b5f95e2fa0_0 .net "is_load", 0 0, L_0x55b5f95ffc60;  1 drivers
v0x55b5f95e3060_0 .net "is_lui", 0 0, L_0x55b5f95ff6e0;  1 drivers
v0x55b5f95e3120_0 .net "is_or", 0 0, L_0x55b5f9603930;  1 drivers
v0x55b5f95e31e0_0 .net "is_ori", 0 0, L_0x55b5f9601a10;  1 drivers
v0x55b5f95e32a0_0 .net "is_r_instr", 0 0, L_0x55b5f95f9b00;  1 drivers
v0x55b5f95e3360_0 .net "is_s_instr", 0 0, L_0x55b5f95f9100;  1 drivers
v0x55b5f95e3420_0 .net "is_sll", 0 0, L_0x55b5f96029d0;  1 drivers
v0x55b5f95e34e0_0 .net "is_slli", 0 0, L_0x55b5f9601ef0;  1 drivers
v0x55b5f95e35a0_0 .net "is_slt", 0 0, L_0x55b5f9602dc0;  1 drivers
v0x55b5f95e3660_0 .net "is_slti", 0 0, L_0x55b5f96011a0;  1 drivers
v0x55b5f95e3720_0 .net "is_sltiu", 0 0, L_0x55b5f9601540;  1 drivers
v0x55b5f95e37e0_0 .net "is_sltu", 0 0, L_0x55b5f9602ee0;  1 drivers
v0x55b5f95e38a0_0 .net "is_sra", 0 0, L_0x55b5f9603810;  1 drivers
v0x55b5f95e3960_0 .net "is_srai", 0 0, L_0x55b5f9602400;  1 drivers
v0x55b5f95e3a20_0 .net "is_srl", 0 0, L_0x55b5f9603400;  1 drivers
v0x55b5f95e3ae0_0 .net "is_srli", 0 0, L_0x55b5f9602060;  1 drivers
v0x55b5f95e3ba0_0 .net "is_store", 0 0, L_0x55b5f95fff80;  1 drivers
v0x55b5f95e3c60_0 .net "is_sub", 0 0, L_0x55b5f96028b0;  1 drivers
v0x55b5f95e3d20_0 .net "is_u_instr", 0 0, L_0x55b5f9548740;  1 drivers
v0x55b5f95e3de0_0 .net "is_xor", 0 0, L_0x55b5f96032e0;  1 drivers
v0x55b5f95e3ea0_0 .net "is_xori", 0 0, L_0x55b5f9601660;  1 drivers
v0x55b5f95e3f60_0 .net "jalr_tgt_pc", 31 0, L_0x55b5f9612830;  1 drivers
v0x55b5f95e4040_0 .net "ld_data", 31 0, L_0x55b5f9613240;  1 drivers
v0x55b5f95e4120_0 .net "mem_clr_n", 0 0, v0x55b5f95e6500_0;  1 drivers
v0x55b5f95e41c0_0 .net "next_pc", 31 0, L_0x55b5f95f7230;  1 drivers
v0x55b5f95e42a0_0 .net "opcode", 6 0, L_0x55b5f95f79f0;  1 drivers
v0x55b5f95e4380_0 .net "opcode0", 4 0, L_0x55b5f95f7b30;  1 drivers
v0x55b5f95e4460_0 .net "opcode_valid", 0 0, L_0x55b5f95f7cd0;  1 drivers
v0x55b5f95e4520_0 .var "pc", 31 0;
v0x55b5f95e4600_0 .net "rd", 4 0, L_0x55b5f95faba0;  1 drivers
v0x55b5f95e46f0_0 .net "rd_valid", 0 0, L_0x55b5f95fae40;  1 drivers
v0x55b5f95e4790_0 .net "read_data", 0 0, v0x55b5f95e6630_0;  1 drivers
v0x55b5f95e4850_0 .net "reg_wr_data", 31 0, L_0x55b5f96134c0;  1 drivers
v0x55b5f95e4940_0 .net "reg_wr_en", 0 0, L_0x55b5f9604580;  1 drivers
v0x55b5f95e4a10_0 .net "reset_n", 0 0, v0x55b5f95e6700_0;  1 drivers
v0x55b5f95e4ab0_0 .net "result", 31 0, L_0x55b5f9611600;  1 drivers
v0x55b5f95e4b70_0 .net "rs1", 4 0, L_0x55b5f95fa430;  1 drivers
v0x55b5f95e4c60_0 .net "rs1_valid", 0 0, L_0x55b5f95fa6f0;  1 drivers
v0x55b5f95e4d30_0 .net "rs2", 4 0, L_0x55b5f95fa590;  1 drivers
v0x55b5f95e4e00_0 .net "rs2_valid", 0 0, L_0x55b5f95faa70;  1 drivers
v0x55b5f95e4ed0_0 .net "sext_src1", 63 0, L_0x55b5f9605c30;  1 drivers
v0x55b5f95e4f70_0 .net "sltiu_rslt", 31 0, L_0x55b5f9605120;  1 drivers
v0x55b5f95e5030_0 .net "sltu_rslt", 31 0, L_0x55b5f9604bc0;  1 drivers
v0x55b5f95e5110_0 .net "sra_rslt", 63 0, L_0x55b5f96060c0;  1 drivers
v0x55b5f95e51f0_0 .net "srai_rslt", 63 0, L_0x55b5f9606600;  1 drivers
v0x55b5f95e52d0_0 .net "src1_value", 31 0, v0x55b5f95cf020_0;  1 drivers
v0x55b5f95e53c0_0 .net "src2_value", 31 0, v0x55b5f95cf100_0;  1 drivers
v0x55b5f95e5490_0 .net "taken_br", 0 0, L_0x55b5f96122c0;  1 drivers
v0x55b5f95e5530_0 .net "write_data", 0 0, v0x55b5f95e6910_0;  1 drivers
v0x55b5f95e55f0_0 .net "write_ins", 0 0, v0x55b5f95e69e0_0;  1 drivers
E_0x55b5f951aa70/0 .event edge, v0x55b5f95e4a10_0;
E_0x55b5f951aa70/1 .event posedge, v0x55b5f95e0e70_0;
E_0x55b5f951aa70 .event/or E_0x55b5f951aa70/0, E_0x55b5f951aa70/1;
E_0x55b5f951dec0/0 .event edge, v0x55b5f95e4a10_0;
E_0x55b5f951dec0/1 .event posedge, v0x55b5f95ccc50_0;
E_0x55b5f951dec0 .event/or E_0x55b5f951dec0/0, E_0x55b5f951dec0/1;
E_0x55b5f951dab0/0 .event edge, v0x55b5f95e4a10_0;
E_0x55b5f951dab0/1 .event posedge, v0x55b5f95cdae0_0;
E_0x55b5f951dab0 .event/or E_0x55b5f951dab0/0, E_0x55b5f951dab0/1;
L_0x55b5f95f6ca0 .arith/sum 32, v0x55b5f95e4520_0, L_0x7f557b68e060;
L_0x55b5f95f6df0 .functor MUXZ 32, L_0x55b5f95f6ca0, L_0x55b5f9612830, L_0x55b5f9600070, C4<>;
L_0x55b5f95f6f10 .functor MUXZ 32, L_0x55b5f95f6df0, L_0x55b5f96124a0, L_0x55b5f95ffb20, C4<>;
L_0x55b5f95f7060 .functor MUXZ 32, L_0x55b5f95f6f10, L_0x55b5f96124a0, L_0x55b5f96122c0, C4<>;
L_0x55b5f95f7230 .functor MUXZ 32, L_0x55b5f95f7060, L_0x7f557b68e018, L_0x55b5f94ef320, C4<>;
L_0x55b5f95f7550 .functor MUXZ 1, L_0x7f557b68e138, L_0x7f557b68e0f0, v0x55b5f95e69e0_0, C4<>;
L_0x55b5f95f77c0 .part v0x55b5f95e4520_0, 0, 8;
L_0x55b5f95f79f0 .part L_0x55b5f9519c10, 0, 7;
L_0x55b5f95f7b30 .part L_0x55b5f9519c10, 2, 5;
L_0x55b5f95f7bd0 .part L_0x55b5f9519c10, 0, 2;
L_0x55b5f95f7cd0 .cmp/eq 2, L_0x55b5f95f7bd0, L_0x7f557b68e180;
L_0x55b5f95f7d70 .cmp/eq 5, L_0x55b5f95f7b30, L_0x7f557b68e1c8;
L_0x55b5f95f7f20 .cmp/eq 5, L_0x55b5f95f7b30, L_0x7f557b68e210;
L_0x55b5f95f8140 .cmp/eq 5, L_0x55b5f95f7b30, L_0x7f557b68e258;
L_0x55b5f95f82f0 .cmp/eq 5, L_0x55b5f95f7b30, L_0x7f557b68e2a0;
L_0x55b5f95f8470 .cmp/eq 5, L_0x55b5f95f7b30, L_0x7f557b68e2e8;
L_0x55b5f95f8700 .cmp/eq 5, L_0x55b5f95f7b30, L_0x7f557b68e330;
L_0x55b5f95f8950 .cmp/eq 5, L_0x55b5f95f7b30, L_0x7f557b68e378;
L_0x55b5f95f8d00 .cmp/eq 5, L_0x55b5f95f7b30, L_0x7f557b68e3c0;
L_0x55b5f95f8f60 .cmp/eq 5, L_0x55b5f95f7b30, L_0x7f557b68e408;
L_0x55b5f95f8b50 .cmp/eq 5, L_0x55b5f95f7b30, L_0x7f557b68e450;
L_0x55b5f95f9320 .cmp/eq 5, L_0x55b5f95f7b30, L_0x7f557b68e498;
L_0x55b5f95f94d0 .cmp/eq 5, L_0x55b5f95f7b30, L_0x7f557b68e4e0;
L_0x55b5f95f9740 .cmp/eq 5, L_0x55b5f95f7b30, L_0x7f557b68e528;
L_0x55b5f95f9a10 .cmp/eq 5, L_0x55b5f95f7b30, L_0x7f557b68e570;
L_0x55b5f95f9c90 .cmp/eq 5, L_0x55b5f95f7b30, L_0x7f557b68e5b8;
L_0x55b5f95f9e60 .cmp/eq 5, L_0x55b5f95f7b30, L_0x7f557b68e600;
L_0x55b5f95f9f50 .part L_0x55b5f9519c10, 12, 3;
L_0x55b5f95fa430 .part L_0x55b5f9519c10, 15, 5;
L_0x55b5f95fa590 .part L_0x55b5f9519c10, 20, 5;
L_0x55b5f95faba0 .part L_0x55b5f9519c10, 7, 5;
L_0x55b5f95faf50 .part L_0x55b5f9519c10, 25, 7;
L_0x55b5f95fb250 .part L_0x55b5f9519c10, 31, 1;
LS_0x55b5f95fb2f0_0_0 .concat [ 1 1 1 1], L_0x55b5f95fb250, L_0x55b5f95fb250, L_0x55b5f95fb250, L_0x55b5f95fb250;
LS_0x55b5f95fb2f0_0_4 .concat [ 1 1 1 1], L_0x55b5f95fb250, L_0x55b5f95fb250, L_0x55b5f95fb250, L_0x55b5f95fb250;
LS_0x55b5f95fb2f0_0_8 .concat [ 1 1 1 1], L_0x55b5f95fb250, L_0x55b5f95fb250, L_0x55b5f95fb250, L_0x55b5f95fb250;
LS_0x55b5f95fb2f0_0_12 .concat [ 1 1 1 1], L_0x55b5f95fb250, L_0x55b5f95fb250, L_0x55b5f95fb250, L_0x55b5f95fb250;
LS_0x55b5f95fb2f0_0_16 .concat [ 1 1 1 1], L_0x55b5f95fb250, L_0x55b5f95fb250, L_0x55b5f95fb250, L_0x55b5f95fb250;
LS_0x55b5f95fb2f0_0_20 .concat [ 1 0 0 0], L_0x55b5f95fb250;
LS_0x55b5f95fb2f0_1_0 .concat [ 4 4 4 4], LS_0x55b5f95fb2f0_0_0, LS_0x55b5f95fb2f0_0_4, LS_0x55b5f95fb2f0_0_8, LS_0x55b5f95fb2f0_0_12;
LS_0x55b5f95fb2f0_1_4 .concat [ 4 1 0 0], LS_0x55b5f95fb2f0_0_16, LS_0x55b5f95fb2f0_0_20;
L_0x55b5f95fb2f0 .concat [ 16 5 0 0], LS_0x55b5f95fb2f0_1_0, LS_0x55b5f95fb2f0_1_4;
L_0x55b5f95fb820 .part L_0x55b5f9519c10, 20, 11;
L_0x55b5f95fb8c0 .concat [ 11 21 0 0], L_0x55b5f95fb820, L_0x55b5f95fb2f0;
L_0x55b5f95fb700 .part L_0x55b5f9519c10, 31, 1;
LS_0x55b5f95fbae0_0_0 .concat [ 1 1 1 1], L_0x55b5f95fb700, L_0x55b5f95fb700, L_0x55b5f95fb700, L_0x55b5f95fb700;
LS_0x55b5f95fbae0_0_4 .concat [ 1 1 1 1], L_0x55b5f95fb700, L_0x55b5f95fb700, L_0x55b5f95fb700, L_0x55b5f95fb700;
LS_0x55b5f95fbae0_0_8 .concat [ 1 1 1 1], L_0x55b5f95fb700, L_0x55b5f95fb700, L_0x55b5f95fb700, L_0x55b5f95fb700;
LS_0x55b5f95fbae0_0_12 .concat [ 1 1 1 1], L_0x55b5f95fb700, L_0x55b5f95fb700, L_0x55b5f95fb700, L_0x55b5f95fb700;
LS_0x55b5f95fbae0_0_16 .concat [ 1 1 1 1], L_0x55b5f95fb700, L_0x55b5f95fb700, L_0x55b5f95fb700, L_0x55b5f95fb700;
LS_0x55b5f95fbae0_0_20 .concat [ 1 0 0 0], L_0x55b5f95fb700;
LS_0x55b5f95fbae0_1_0 .concat [ 4 4 4 4], LS_0x55b5f95fbae0_0_0, LS_0x55b5f95fbae0_0_4, LS_0x55b5f95fbae0_0_8, LS_0x55b5f95fbae0_0_12;
LS_0x55b5f95fbae0_1_4 .concat [ 4 1 0 0], LS_0x55b5f95fbae0_0_16, LS_0x55b5f95fbae0_0_20;
L_0x55b5f95fbae0 .concat [ 16 5 0 0], LS_0x55b5f95fbae0_1_0, LS_0x55b5f95fbae0_1_4;
L_0x55b5f95fbed0 .part L_0x55b5f9519c10, 25, 6;
L_0x55b5f95fbf70 .part L_0x55b5f9519c10, 7, 5;
L_0x55b5f95fc160 .concat [ 5 6 21 0], L_0x55b5f95fbf70, L_0x55b5f95fbed0, L_0x55b5f95fbae0;
L_0x55b5f95fc2a0 .part L_0x55b5f9519c10, 31, 1;
LS_0x55b5f95fc4a0_0_0 .concat [ 1 1 1 1], L_0x55b5f95fc2a0, L_0x55b5f95fc2a0, L_0x55b5f95fc2a0, L_0x55b5f95fc2a0;
LS_0x55b5f95fc4a0_0_4 .concat [ 1 1 1 1], L_0x55b5f95fc2a0, L_0x55b5f95fc2a0, L_0x55b5f95fc2a0, L_0x55b5f95fc2a0;
LS_0x55b5f95fc4a0_0_8 .concat [ 1 1 1 1], L_0x55b5f95fc2a0, L_0x55b5f95fc2a0, L_0x55b5f95fc2a0, L_0x55b5f95fc2a0;
LS_0x55b5f95fc4a0_0_12 .concat [ 1 1 1 1], L_0x55b5f95fc2a0, L_0x55b5f95fc2a0, L_0x55b5f95fc2a0, L_0x55b5f95fc2a0;
LS_0x55b5f95fc4a0_0_16 .concat [ 1 1 1 1], L_0x55b5f95fc2a0, L_0x55b5f95fc2a0, L_0x55b5f95fc2a0, L_0x55b5f95fc2a0;
LS_0x55b5f95fc4a0_1_0 .concat [ 4 4 4 4], LS_0x55b5f95fc4a0_0_0, LS_0x55b5f95fc4a0_0_4, LS_0x55b5f95fc4a0_0_8, LS_0x55b5f95fc4a0_0_12;
LS_0x55b5f95fc4a0_1_4 .concat [ 4 0 0 0], LS_0x55b5f95fc4a0_0_16;
L_0x55b5f95fc4a0 .concat [ 16 4 0 0], LS_0x55b5f95fc4a0_1_0, LS_0x55b5f95fc4a0_1_4;
L_0x55b5f95fc7a0 .part L_0x55b5f9519c10, 7, 1;
L_0x55b5f95fcbc0 .part L_0x55b5f9519c10, 25, 6;
L_0x55b5f95fcc60 .part L_0x55b5f9519c10, 8, 4;
LS_0x55b5f95fce80_0_0 .concat [ 1 4 6 1], L_0x7f557b68e648, L_0x55b5f95fcc60, L_0x55b5f95fcbc0, L_0x55b5f95fc7a0;
LS_0x55b5f95fce80_0_4 .concat [ 20 0 0 0], L_0x55b5f95fc4a0;
L_0x55b5f95fce80 .concat [ 12 20 0 0], LS_0x55b5f95fce80_0_0, LS_0x55b5f95fce80_0_4;
L_0x55b5f95fd060 .part L_0x55b5f9519c10, 31, 1;
L_0x55b5f95fd290 .part L_0x55b5f9519c10, 12, 19;
L_0x55b5f95fd330 .concat [ 12 19 1 0], L_0x7f557b68e690, L_0x55b5f95fd290, L_0x55b5f95fd060;
L_0x55b5f95fd660 .part L_0x55b5f9519c10, 31, 1;
LS_0x55b5f95fd700_0_0 .concat [ 1 1 1 1], L_0x55b5f95fd660, L_0x55b5f95fd660, L_0x55b5f95fd660, L_0x55b5f95fd660;
LS_0x55b5f95fd700_0_4 .concat [ 1 1 1 1], L_0x55b5f95fd660, L_0x55b5f95fd660, L_0x55b5f95fd660, L_0x55b5f95fd660;
LS_0x55b5f95fd700_0_8 .concat [ 1 1 1 1], L_0x55b5f95fd660, L_0x55b5f95fd660, L_0x55b5f95fd660, L_0x55b5f95fd660;
L_0x55b5f95fd700 .concat [ 4 4 4 0], LS_0x55b5f95fd700_0_0, LS_0x55b5f95fd700_0_4, LS_0x55b5f95fd700_0_8;
L_0x55b5f95fda10 .part L_0x55b5f9519c10, 12, 8;
L_0x55b5f95fdab0 .part L_0x55b5f9519c10, 20, 1;
L_0x55b5f95fdd10 .part L_0x55b5f9519c10, 21, 10;
LS_0x55b5f95fddb0_0_0 .concat [ 1 10 1 8], L_0x7f557b68e6d8, L_0x55b5f95fdd10, L_0x55b5f95fdab0, L_0x55b5f95fda10;
LS_0x55b5f95fddb0_0_4 .concat [ 12 0 0 0], L_0x55b5f95fd700;
L_0x55b5f95fddb0 .concat [ 20 12 0 0], LS_0x55b5f95fddb0_0_0, LS_0x55b5f95fddb0_0_4;
L_0x55b5f95fe160 .functor MUXZ 32, L_0x7f557b68e720, L_0x55b5f95fddb0, L_0x55b5f95f9c90, C4<>;
L_0x55b5f95fe2a0 .functor MUXZ 32, L_0x55b5f95fe160, L_0x55b5f95fd330, L_0x55b5f9548740, C4<>;
L_0x55b5f95fe5c0 .functor MUXZ 32, L_0x55b5f95fe2a0, L_0x55b5f95fce80, L_0x55b5f95f9e60, C4<>;
L_0x55b5f95fe700 .functor MUXZ 32, L_0x55b5f95fe5c0, L_0x55b5f95fc160, L_0x55b5f95f9100, C4<>;
L_0x55b5f95fea30 .functor MUXZ 32, L_0x55b5f95fe700, L_0x55b5f95fb8c0, L_0x55b5f95f8df0, C4<>;
L_0x55b5f95ff050 .part L_0x55b5f9519c10, 30, 1;
L_0x55b5f95ff2f0 .concat [ 7 3 1 0], L_0x55b5f95f79f0, L_0x55b5f95f9f50, L_0x55b5f95ff050;
L_0x55b5f95ff430 .concat [ 7 3 0 0], L_0x55b5f95f79f0, L_0x55b5f95f9f50;
L_0x55b5f95ff6e0 .cmp/eq 7, L_0x55b5f95f79f0, L_0x7f557b68e768;
L_0x55b5f95ff810 .cmp/eq 7, L_0x55b5f95f79f0, L_0x7f557b68e7b0;
L_0x55b5f95ffb20 .cmp/eq 7, L_0x55b5f95f79f0, L_0x7f557b68e7f8;
L_0x55b5f95ffc60 .cmp/eq 7, L_0x55b5f95f79f0, L_0x7f557b68e840;
L_0x55b5f95fff80 .cmp/eq 7, L_0x55b5f95f79f0, L_0x7f557b68e888;
L_0x55b5f9600070 .cmp/eq 10, L_0x55b5f95ff430, L_0x7f557b68e8d0;
L_0x55b5f9600440 .cmp/eq 10, L_0x55b5f95ff430, L_0x7f557b68e918;
L_0x55b5f9600530 .cmp/eq 10, L_0x55b5f95ff430, L_0x7f557b68e960;
L_0x55b5f9600820 .cmp/eq 10, L_0x55b5f95ff430, L_0x7f557b68e9a8;
L_0x55b5f9600910 .cmp/eq 10, L_0x55b5f95ff430, L_0x7f557b68e9f0;
L_0x55b5f9600c60 .cmp/eq 10, L_0x55b5f95ff430, L_0x7f557b68ea38;
L_0x55b5f9600d50 .cmp/eq 10, L_0x55b5f95ff430, L_0x7f557b68ea80;
L_0x55b5f96010b0 .cmp/eq 10, L_0x55b5f95ff430, L_0x7f557b68eac8;
L_0x55b5f96011a0 .cmp/eq 10, L_0x55b5f95ff430, L_0x7f557b68eb10;
L_0x55b5f9601540 .cmp/eq 10, L_0x55b5f95ff430, L_0x7f557b68eb58;
L_0x55b5f9601660 .cmp/eq 10, L_0x55b5f95ff430, L_0x7f557b68eba0;
L_0x55b5f9601a10 .cmp/eq 10, L_0x55b5f95ff430, L_0x7f557b68ebe8;
L_0x55b5f9601b30 .cmp/eq 10, L_0x55b5f95ff430, L_0x7f557b68ec30;
L_0x55b5f9601ef0 .cmp/eq 11, L_0x55b5f95ff2f0, L_0x7f557b68ec78;
L_0x55b5f9602060 .cmp/eq 11, L_0x55b5f95ff2f0, L_0x7f557b68ecc0;
L_0x55b5f9602400 .cmp/eq 11, L_0x55b5f95ff2f0, L_0x7f557b68ed08;
L_0x55b5f96024d0 .cmp/eq 11, L_0x55b5f95ff2f0, L_0x7f557b68ed50;
L_0x55b5f96028b0 .cmp/eq 11, L_0x55b5f95ff2f0, L_0x7f557b68ed98;
L_0x55b5f96029d0 .cmp/eq 11, L_0x55b5f95ff2f0, L_0x7f557b68ede0;
L_0x55b5f9602dc0 .cmp/eq 11, L_0x55b5f95ff2f0, L_0x7f557b68ee28;
L_0x55b5f9602ee0 .cmp/eq 11, L_0x55b5f95ff2f0, L_0x7f557b68ee70;
L_0x55b5f96032e0 .cmp/eq 11, L_0x55b5f95ff2f0, L_0x7f557b68eeb8;
L_0x55b5f9603400 .cmp/eq 11, L_0x55b5f95ff2f0, L_0x7f557b68ef00;
L_0x55b5f9603810 .cmp/eq 11, L_0x55b5f95ff2f0, L_0x7f557b68ef48;
L_0x55b5f9603930 .cmp/eq 11, L_0x55b5f95ff2f0, L_0x7f557b68ef90;
L_0x55b5f9603d50 .cmp/eq 11, L_0x55b5f95ff2f0, L_0x7f557b68efd8;
L_0x55b5f96041a0 .cmp/eq 5, L_0x55b5f95faba0, L_0x7f557b68f0f8;
L_0x55b5f9604580 .functor MUXZ 1, L_0x55b5f95fae40, L_0x7f557b68f140, L_0x55b5f96041a0, C4<>;
L_0x55b5f9604760 .cmp/gt 32, v0x55b5f95cf100_0, v0x55b5f95cf020_0;
L_0x55b5f9604bc0 .concat [ 1 31 0 0], L_0x55b5f9604760, L_0x7f557b68f188;
L_0x55b5f9604d00 .cmp/gt 32, L_0x55b5f95fea30, v0x55b5f95cf020_0;
L_0x55b5f9605120 .concat [ 1 31 0 0], L_0x55b5f9604d00, L_0x7f557b68f1d0;
L_0x55b5f9605260 .part v0x55b5f95cf020_0, 31, 1;
LS_0x55b5f96056d0_0_0 .concat [ 1 1 1 1], L_0x55b5f9605260, L_0x55b5f9605260, L_0x55b5f9605260, L_0x55b5f9605260;
LS_0x55b5f96056d0_0_4 .concat [ 1 1 1 1], L_0x55b5f9605260, L_0x55b5f9605260, L_0x55b5f9605260, L_0x55b5f9605260;
LS_0x55b5f96056d0_0_8 .concat [ 1 1 1 1], L_0x55b5f9605260, L_0x55b5f9605260, L_0x55b5f9605260, L_0x55b5f9605260;
LS_0x55b5f96056d0_0_12 .concat [ 1 1 1 1], L_0x55b5f9605260, L_0x55b5f9605260, L_0x55b5f9605260, L_0x55b5f9605260;
LS_0x55b5f96056d0_0_16 .concat [ 1 1 1 1], L_0x55b5f9605260, L_0x55b5f9605260, L_0x55b5f9605260, L_0x55b5f9605260;
LS_0x55b5f96056d0_0_20 .concat [ 1 1 1 1], L_0x55b5f9605260, L_0x55b5f9605260, L_0x55b5f9605260, L_0x55b5f9605260;
LS_0x55b5f96056d0_0_24 .concat [ 1 1 1 1], L_0x55b5f9605260, L_0x55b5f9605260, L_0x55b5f9605260, L_0x55b5f9605260;
LS_0x55b5f96056d0_0_28 .concat [ 1 1 1 1], L_0x55b5f9605260, L_0x55b5f9605260, L_0x55b5f9605260, L_0x55b5f9605260;
LS_0x55b5f96056d0_1_0 .concat [ 4 4 4 4], LS_0x55b5f96056d0_0_0, LS_0x55b5f96056d0_0_4, LS_0x55b5f96056d0_0_8, LS_0x55b5f96056d0_0_12;
LS_0x55b5f96056d0_1_4 .concat [ 4 4 4 4], LS_0x55b5f96056d0_0_16, LS_0x55b5f96056d0_0_20, LS_0x55b5f96056d0_0_24, LS_0x55b5f96056d0_0_28;
L_0x55b5f96056d0 .concat [ 16 16 0 0], LS_0x55b5f96056d0_1_0, LS_0x55b5f96056d0_1_4;
L_0x55b5f9605c30 .concat [ 32 32 0 0], v0x55b5f95cf020_0, L_0x55b5f96056d0;
L_0x55b5f9606020 .part v0x55b5f95cf100_0, 0, 5;
L_0x55b5f96060c0 .shift/r 64, L_0x55b5f9605c30, L_0x55b5f9606020;
L_0x55b5f9606560 .part L_0x55b5f95fea30, 0, 5;
L_0x55b5f9606600 .shift/r 64, L_0x55b5f9605c30, L_0x55b5f9606560;
L_0x55b5f9606a60 .concat [ 32 32 0 0], v0x55b5f95cf020_0, L_0x7f557b68f218;
L_0x55b5f9606f60 .concat [ 32 32 0 0], L_0x55b5f95fea30, L_0x7f557b68f260;
L_0x55b5f9607490 .concat [ 32 32 0 0], v0x55b5f95cf020_0, L_0x7f557b68f2a8;
L_0x55b5f9607580 .concat [ 32 32 0 0], L_0x55b5f95fea30, L_0x7f557b68f2f0;
L_0x55b5f9607c50 .concat [ 32 32 0 0], v0x55b5f95cf020_0, L_0x7f557b68f338;
L_0x55b5f9607d40 .concat [ 32 32 0 0], L_0x55b5f95fea30, L_0x7f557b68f380;
L_0x55b5f9608310 .concat [ 32 32 0 0], v0x55b5f95cf020_0, L_0x7f557b68f3c8;
L_0x55b5f9608400 .concat [ 32 32 0 0], L_0x55b5f95fea30, L_0x7f557b68f410;
L_0x55b5f96088d0 .arith/sum 64, L_0x55b5f9608310, L_0x55b5f9608400;
L_0x55b5f9608a80 .concat [ 32 32 0 0], v0x55b5f95cf020_0, L_0x7f557b68f458;
L_0x55b5f9608f30 .part L_0x55b5f95fea30, 0, 6;
L_0x55b5f96090e0 .shift/l 64, L_0x55b5f9608a80, L_0x55b5f9608f30;
L_0x55b5f9609620 .concat [ 32 32 0 0], v0x55b5f95cf020_0, L_0x7f557b68f4a0;
L_0x55b5f9609710 .part L_0x55b5f95fea30, 0, 6;
L_0x55b5f9609b90 .shift/r 64, L_0x55b5f9609620, L_0x55b5f9609710;
L_0x55b5f9609d00 .concat [ 32 32 0 0], v0x55b5f95cf020_0, L_0x7f557b68f4e8;
L_0x55b5f960a1e0 .concat [ 32 32 0 0], v0x55b5f95cf100_0, L_0x7f557b68f530;
L_0x55b5f960a470 .concat [ 32 32 0 0], v0x55b5f95cf020_0, L_0x7f557b68f578;
L_0x55b5f960a960 .concat [ 32 32 0 0], v0x55b5f95cf100_0, L_0x7f557b68f5c0;
L_0x55b5f960ab90 .concat [ 32 32 0 0], v0x55b5f95cf020_0, L_0x7f557b68f608;
L_0x55b5f960b090 .concat [ 32 32 0 0], v0x55b5f95cf100_0, L_0x7f557b68f650;
L_0x55b5f960a350 .concat [ 32 32 0 0], v0x55b5f95cf020_0, L_0x7f557b68f698;
L_0x55b5f960b810 .concat [ 32 32 0 0], v0x55b5f95cf100_0, L_0x7f557b68f6e0;
L_0x55b5f960b900 .arith/sum 64, L_0x55b5f960a350, L_0x55b5f960b810;
L_0x55b5f960b3f0 .concat [ 32 32 0 0], v0x55b5f95cf020_0, L_0x7f557b68f728;
L_0x55b5f960b4e0 .concat [ 32 32 0 0], v0x55b5f95cf100_0, L_0x7f557b68f770;
L_0x55b5f960b600 .arith/sub 64, L_0x55b5f960b3f0, L_0x55b5f960b4e0;
L_0x55b5f960b740 .concat [ 32 32 0 0], v0x55b5f95cf020_0, L_0x7f557b68f7b8;
L_0x55b5f960bf50 .part v0x55b5f95cf100_0, 0, 5;
L_0x55b5f960bff0 .shift/l 64, L_0x55b5f960b740, L_0x55b5f960bf50;
L_0x55b5f960bab0 .concat [ 32 32 0 0], v0x55b5f95cf020_0, L_0x7f557b68f800;
L_0x55b5f960bba0 .part v0x55b5f95cf100_0, 0, 5;
L_0x55b5f960bc40 .shift/r 64, L_0x55b5f960bab0, L_0x55b5f960bba0;
L_0x55b5f960bdb0 .concat [ 32 32 0 0], L_0x55b5f9604bc0, L_0x7f557b68f848;
L_0x55b5f960c5b0 .concat [ 32 32 0 0], L_0x55b5f9605120, L_0x7f557b68f890;
L_0x55b5f960c6f0 .part L_0x55b5f95fea30, 12, 20;
L_0x55b5f960c130 .concat [ 12 20 0 0], L_0x7f557b68f8d8, L_0x55b5f960c6f0;
L_0x55b5f960c2a0 .concat [ 32 32 0 0], L_0x55b5f960c130, L_0x7f557b68f920;
L_0x55b5f960c3e0 .concat [ 32 32 0 0], v0x55b5f95e4520_0, L_0x7f557b68f968;
L_0x55b5f960c4d0 .concat [ 32 32 0 0], L_0x55b5f95fea30, L_0x7f557b68f9b0;
L_0x55b5f960cc90 .arith/sum 64, L_0x55b5f960c3e0, L_0x55b5f960c4d0;
L_0x55b5f960ce00 .concat [ 32 32 0 0], v0x55b5f95e4520_0, L_0x7f557b68f9f8;
L_0x55b5f960c7e0 .arith/sum 64, L_0x55b5f960ce00, L_0x7f557b68fa40;
L_0x55b5f960c920 .concat [ 32 32 0 0], v0x55b5f95e4520_0, L_0x7f557b68fa88;
L_0x55b5f960ca10 .arith/sum 64, L_0x55b5f960c920, L_0x7f557b68fad0;
L_0x55b5f960cb80 .part v0x55b5f95cf020_0, 31, 1;
L_0x55b5f960d380 .part v0x55b5f95cf100_0, 31, 1;
L_0x55b5f960d4f0 .concat [ 32 32 0 0], L_0x55b5f9604bc0, L_0x7f557b68fb18;
L_0x55b5f960cef0 .part v0x55b5f95cf020_0, 31, 1;
L_0x55b5f960cfc0 .concat [ 1 31 0 0], L_0x55b5f960cef0, L_0x7f557b68fb60;
L_0x55b5f960d130 .concat [ 32 32 0 0], L_0x55b5f960cfc0, L_0x7f557b68fba8;
L_0x55b5f960d270 .functor MUXZ 64, L_0x55b5f960d130, L_0x55b5f960d4f0, L_0x55b5f960b9a0, C4<>;
L_0x55b5f960db40 .part v0x55b5f95cf020_0, 31, 1;
L_0x55b5f960dbe0 .part L_0x55b5f95fea30, 31, 1;
L_0x55b5f960d7e0 .concat [ 32 32 0 0], L_0x55b5f9605120, L_0x7f557b68fbf0;
L_0x55b5f960d8d0 .part v0x55b5f95cf020_0, 31, 1;
L_0x55b5f960d970 .concat [ 1 31 0 0], L_0x55b5f960d8d0, L_0x7f557b68fc38;
L_0x55b5f960e200 .concat [ 32 32 0 0], L_0x55b5f960d970, L_0x7f557b68fc80;
L_0x55b5f960dcd0 .functor MUXZ 64, L_0x55b5f960e200, L_0x55b5f960d7e0, L_0x55b5f960d590, C4<>;
L_0x55b5f960de60 .part L_0x55b5f96060c0, 0, 32;
L_0x55b5f960df50 .concat [ 32 32 0 0], L_0x55b5f960de60, L_0x7f557b68fcc8;
L_0x55b5f960e090 .concat [ 32 32 0 0], v0x55b5f95cf020_0, L_0x7f557b68fd10;
L_0x55b5f960e850 .concat [ 32 32 0 0], L_0x55b5f95fea30, L_0x7f557b68fd58;
L_0x55b5f960e940 .arith/sum 64, L_0x55b5f960e090, L_0x55b5f960e850;
L_0x55b5f960e2f0 .concat [ 32 32 0 0], v0x55b5f95cf020_0, L_0x7f557b68fda0;
L_0x55b5f960e3e0 .concat [ 32 32 0 0], L_0x55b5f95fea30, L_0x7f557b68fde8;
L_0x55b5f960e4d0 .arith/sum 64, L_0x55b5f960e2f0, L_0x55b5f960e3e0;
L_0x55b5f960e610 .functor MUXZ 64, L_0x7f557b68fe30, L_0x55b5f960e4d0, L_0x55b5f95f9100, C4<>;
L_0x55b5f960e750 .functor MUXZ 64, L_0x55b5f960e610, L_0x55b5f960e940, L_0x55b5f95ffc60, C4<>;
L_0x55b5f960f120 .functor MUXZ 64, L_0x55b5f960e750, L_0x55b5f9606600, L_0x55b5f9602400, C4<>;
L_0x55b5f960ebe0 .functor MUXZ 64, L_0x55b5f960f120, L_0x55b5f960df50, L_0x55b5f9603810, C4<>;
L_0x55b5f960ed70 .functor MUXZ 64, L_0x55b5f960ebe0, L_0x55b5f960dcd0, L_0x55b5f96011a0, C4<>;
L_0x55b5f960ef00 .functor MUXZ 64, L_0x55b5f960ed70, L_0x55b5f960d270, L_0x55b5f9602dc0, C4<>;
L_0x55b5f960f7c0 .functor MUXZ 64, L_0x55b5f960ef00, L_0x55b5f960ca10, L_0x55b5f9600070, C4<>;
L_0x55b5f960f260 .functor MUXZ 64, L_0x55b5f960f7c0, L_0x55b5f960c7e0, L_0x55b5f95ffb20, C4<>;
L_0x55b5f960f3a0 .functor MUXZ 64, L_0x55b5f960f260, L_0x55b5f960cc90, L_0x55b5f95ff810, C4<>;
L_0x55b5f960f530 .functor MUXZ 64, L_0x55b5f960f3a0, L_0x55b5f960c2a0, L_0x55b5f95ff6e0, C4<>;
L_0x55b5f960f6c0 .functor MUXZ 64, L_0x55b5f960f530, L_0x55b5f960c5b0, L_0x55b5f9601540, C4<>;
L_0x55b5f960ff30 .functor MUXZ 64, L_0x55b5f960f6c0, L_0x55b5f960bdb0, L_0x55b5f9602ee0, C4<>;
L_0x55b5f96100c0 .functor MUXZ 64, L_0x55b5f960ff30, L_0x55b5f960bc40, L_0x55b5f9603400, C4<>;
L_0x55b5f960f950 .functor MUXZ 64, L_0x55b5f96100c0, L_0x55b5f960bff0, L_0x55b5f96029d0, C4<>;
L_0x55b5f960fae0 .functor MUXZ 64, L_0x55b5f960f950, L_0x55b5f960b600, L_0x55b5f96028b0, C4<>;
L_0x55b5f960fc70 .functor MUXZ 64, L_0x55b5f960fae0, L_0x55b5f960b900, L_0x55b5f96024d0, C4<>;
L_0x55b5f9610760 .functor MUXZ 64, L_0x55b5f960fc70, L_0x55b5f960b1b0, L_0x55b5f96032e0, C4<>;
L_0x55b5f9610250 .functor MUXZ 64, L_0x55b5f9610760, L_0x55b5f960aa80, L_0x55b5f9603930, C4<>;
L_0x55b5f96103e0 .functor MUXZ 64, L_0x55b5f9610250, L_0x55b5f9608970, L_0x55b5f9603d50, C4<>;
L_0x55b5f9610570 .functor MUXZ 64, L_0x55b5f96103e0, L_0x55b5f9609b90, L_0x55b5f9602060, C4<>;
L_0x55b5f9610e20 .functor MUXZ 64, L_0x55b5f9610570, L_0x55b5f96090e0, L_0x55b5f9601ef0, C4<>;
L_0x55b5f96108a0 .functor MUXZ 64, L_0x55b5f9610e20, L_0x55b5f96088d0, L_0x55b5f96010b0, C4<>;
L_0x55b5f9610a30 .functor MUXZ 64, L_0x55b5f96108a0, L_0x55b5f9608200, L_0x55b5f9601660, C4<>;
L_0x55b5f9610bc0 .functor MUXZ 64, L_0x55b5f9610a30, L_0x55b5f9607a30, L_0x55b5f9601a10, C4<>;
L_0x55b5f9610d50 .functor MUXZ 64, L_0x55b5f9610bc0, L_0x55b5f9607380, L_0x55b5f9601b30, C4<>;
L_0x55b5f9611600 .part L_0x55b5f9610d50, 0, 32;
L_0x55b5f96116f0 .cmp/eq 32, v0x55b5f95cf020_0, v0x55b5f95cf100_0;
L_0x55b5f9610ec0 .cmp/ne 32, v0x55b5f95cf020_0, v0x55b5f95cf100_0;
L_0x55b5f9610f60 .cmp/gt 32, v0x55b5f95cf100_0, v0x55b5f95cf020_0;
L_0x55b5f9611000 .part v0x55b5f95cf020_0, 31, 1;
L_0x55b5f96110a0 .part v0x55b5f95cf100_0, 31, 1;
L_0x55b5f9611440 .cmp/ge 32, v0x55b5f95cf020_0, v0x55b5f95cf100_0;
L_0x55b5f9611e10 .part v0x55b5f95cf020_0, 31, 1;
L_0x55b5f9611790 .part v0x55b5f95cf100_0, 31, 1;
L_0x55b5f9611bb0 .cmp/gt 32, v0x55b5f95cf100_0, v0x55b5f95cf020_0;
L_0x55b5f9611c50 .cmp/ge 32, v0x55b5f95cf020_0, v0x55b5f95cf100_0;
L_0x55b5f9611cf0 .functor MUXZ 1, L_0x7f557b68fe78, L_0x55b5f9611c50, L_0x55b5f9600d50, C4<>;
L_0x55b5f9612600 .functor MUXZ 1, L_0x55b5f9611cf0, L_0x55b5f9611bb0, L_0x55b5f9600c60, C4<>;
L_0x55b5f9612790 .functor MUXZ 1, L_0x55b5f9612600, L_0x55b5f9611940, L_0x55b5f9600910, C4<>;
L_0x55b5f9611fa0 .functor MUXZ 1, L_0x55b5f9612790, L_0x55b5f96111e0, L_0x55b5f9600820, C4<>;
L_0x55b5f9612130 .functor MUXZ 1, L_0x55b5f9611fa0, L_0x55b5f9610ec0, L_0x55b5f9600530, C4<>;
L_0x55b5f96122c0 .functor MUXZ 1, L_0x55b5f9612130, L_0x55b5f96116f0, L_0x55b5f9600440, C4<>;
L_0x55b5f96124a0 .arith/sum 32, v0x55b5f95e4520_0, L_0x55b5f95fea30;
L_0x55b5f9612830 .arith/sum 32, v0x55b5f95cf020_0, L_0x55b5f95fea30;
L_0x55b5f9612920 .functor MUXZ 1, L_0x55b5f95ffc60, L_0x7f557b68fec0, v0x55b5f95e6630_0, C4<>;
L_0x55b5f9612ab0 .functor MUXZ 1, L_0x55b5f95f9100, L_0x7f557b68ff08, v0x55b5f95e6910_0, C4<>;
L_0x55b5f9612c40 .part L_0x55b5f9611600, 0, 8;
L_0x55b5f9612d30 .functor MUXZ 8, L_0x55b5f9612c40, v0x55b5f95e5cf0_0, v0x55b5f95e6910_0, C4<>;
L_0x55b5f9613670 .part L_0x55b5f9611600, 0, 8;
L_0x55b5f9612f70 .functor MUXZ 8, L_0x55b5f9613670, v0x55b5f95e5cf0_0, v0x55b5f95e6630_0, C4<>;
L_0x55b5f96130b0 .functor MUXZ 32, v0x55b5f95cf100_0, v0x55b5f95e61e0_0, v0x55b5f95e6910_0, C4<>;
L_0x55b5f96134c0 .functor MUXZ 32, L_0x55b5f9611600, L_0x55b5f9613240, L_0x55b5f95ffc60, C4<>;
S_0x55b5f9577620 .scope module, "dat_mem0" "SRAM" 3 388, 4 13 0, S_0x55b5f9576e00;
 .timescale -8 -12;
    .port_info 0 /INPUT 1 "clock"
    .port_info 1 /INPUT 1 "reset_n"
    .port_info 2 /INPUT 1 "data_rden"
    .port_info 3 /INPUT 1 "data_wren"
    .port_info 4 /INPUT 32 "data_in"
    .port_info 5 /OUTPUT 32 "data_out"
    .port_info 6 /INPUT 8 "addr_in"
    .port_info 7 /INPUT 8 "addr_out"
    .port_info 8 /OUTPUT 1 "sram_full"
P_0x55b5f954d2a0 .param/l "DATA_SIZE" 0 4 14, +C4<00000000000000000000000000100000>;
P_0x55b5f954d2e0 .param/l "SRAM_DEPTH" 0 4 16, +C4<00000000000000000000000100000000>;
P_0x55b5f954d320 .param/l "SRAM_DEPTH_LOG2" 0 4 15, +C4<00000000000000000000000000001000>;
v0x55b5f957c6f0_0 .net "addr_in", 7 0, L_0x55b5f9612d30;  alias, 1 drivers
v0x55b5f957c790_0 .net "addr_out", 7 0, L_0x55b5f9612f70;  alias, 1 drivers
v0x55b5f95ccc50_0 .net "clock", 0 0, v0x55b5f95e0dd0_0;  1 drivers
v0x55b5f95cccf0_0 .net "data_in", 31 0, L_0x55b5f96130b0;  alias, 1 drivers
v0x55b5f95ccdd0_0 .var "data_out", 31 0;
v0x55b5f95ccf00_0 .net "data_rden", 0 0, L_0x55b5f9612920;  alias, 1 drivers
v0x55b5f95ccfc0_0 .net "data_wren", 0 0, L_0x55b5f9612ab0;  alias, 1 drivers
v0x55b5f95cd080_0 .var/i "i", 31 0;
v0x55b5f95cd160 .array "memory", 0 255, 31 0;
v0x55b5f95cd220_0 .net "reset_n", 0 0, v0x55b5f95e6500_0;  alias, 1 drivers
v0x55b5f95cd2e0_0 .net "sram_full", 0 0, L_0x55b5f9613420;  alias, 1 drivers
E_0x55b5f951a240/0 .event negedge, v0x55b5f95cd220_0;
E_0x55b5f951a240/1 .event posedge, v0x55b5f95ccc50_0;
E_0x55b5f951a240 .event/or E_0x55b5f951a240/0, E_0x55b5f951a240/1;
L_0x55b5f9613420 .reduce/and L_0x55b5f9612d30;
S_0x55b5f9577e40 .scope module, "ins_mem0" "SRAM" 3 183, 4 13 0, S_0x55b5f9576e00;
 .timescale -8 -12;
    .port_info 0 /INPUT 1 "clock"
    .port_info 1 /INPUT 1 "reset_n"
    .port_info 2 /INPUT 1 "data_rden"
    .port_info 3 /INPUT 1 "data_wren"
    .port_info 4 /INPUT 32 "data_in"
    .port_info 5 /OUTPUT 32 "data_out"
    .port_info 6 /INPUT 8 "addr_in"
    .port_info 7 /INPUT 8 "addr_out"
    .port_info 8 /OUTPUT 1 "sram_full"
P_0x55b5f95cd530 .param/l "DATA_SIZE" 0 4 14, +C4<00000000000000000000000000100000>;
P_0x55b5f95cd570 .param/l "SRAM_DEPTH" 0 4 16, +C4<00000000000000000000000100000000>;
P_0x55b5f95cd5b0 .param/l "SRAM_DEPTH_LOG2" 0 4 15, +C4<00000000000000000000000000001000>;
v0x55b5f95cd900_0 .net "addr_in", 7 0, L_0x55b5f9519ae0;  alias, 1 drivers
v0x55b5f95cda00_0 .net "addr_out", 7 0, L_0x55b5f95f77c0;  alias, 1 drivers
v0x55b5f95cdae0_0 .net "clock", 0 0, v0x55b5f95e5fb0_0;  alias, 1 drivers
v0x55b5f95cdbb0_0 .net "data_in", 31 0, L_0x55b5f9519e20;  alias, 1 drivers
v0x55b5f95cdc90_0 .var "data_out", 31 0;
v0x55b5f95cddc0_0 .net "data_rden", 0 0, L_0x7f557b68e0a8;  alias, 1 drivers
v0x55b5f95cde80_0 .net "data_wren", 0 0, L_0x55b5f95f7550;  alias, 1 drivers
v0x55b5f95cdf40_0 .var/i "i", 31 0;
v0x55b5f95ce020 .array "memory", 0 255, 31 0;
v0x55b5f95ce0e0_0 .net "reset_n", 0 0, v0x55b5f95e6500_0;  alias, 1 drivers
v0x55b5f95ce180_0 .net "sram_full", 0 0, L_0x55b5f95f73c0;  alias, 1 drivers
E_0x55b5f95b7850/0 .event negedge, v0x55b5f95cd220_0;
E_0x55b5f95b7850/1 .event posedge, v0x55b5f95cdae0_0;
E_0x55b5f95b7850 .event/or E_0x55b5f95b7850/0, E_0x55b5f95b7850/1;
L_0x55b5f95f73c0 .reduce/and L_0x55b5f9519ae0;
S_0x55b5f9578660 .scope module, "reg_mem0" "RAM_2R2W" 3 304, 5 13 0, S_0x55b5f9576e00;
 .timescale -8 -12;
    .port_info 0 /INPUT 1 "clock"
    .port_info 1 /INPUT 1 "reset_n"
    .port_info 2 /INPUT 1 "data_rden1"
    .port_info 3 /INPUT 1 "data_wren1"
    .port_info 4 /INPUT 1 "data_rden2"
    .port_info 5 /INPUT 1 "data_wren2"
    .port_info 6 /INPUT 32 "data_in1"
    .port_info 7 /INPUT 32 "data_in2"
    .port_info 8 /OUTPUT 32 "data_out1"
    .port_info 9 /OUTPUT 32 "data_out2"
    .port_info 10 /INPUT 5 "addr_in1rd"
    .port_info 11 /INPUT 5 "addr_in2rd"
    .port_info 12 /INPUT 5 "addr_in1wr"
    .port_info 13 /INPUT 5 "addr_in2wr"
    .port_info 14 /OUTPUT 1 "RAM_full"
P_0x55b5f95ce370 .param/l "DATA_SIZE" 0 5 14, +C4<00000000000000000000000000100000>;
P_0x55b5f95ce3b0 .param/l "RAM_DEPTH" 0 5 16, +C4<00000000000000000000000000100000>;
P_0x55b5f95ce3f0 .param/l "RAM_DEPTH_LOG2" 0 5 15, +C4<00000000000000000000000000000101>;
L_0x55b5f9604010 .functor OR 1, L_0x55b5f9603e70, L_0x55b5f9603f10, C4<0>, C4<0>;
v0x55b5f95ce7c0_0 .net "RAM_full", 0 0, L_0x55b5f9604010;  1 drivers
v0x55b5f95ce880_0 .net *"_s1", 0 0, L_0x55b5f9603e70;  1 drivers
v0x55b5f95ce940_0 .net *"_s3", 0 0, L_0x55b5f9603f10;  1 drivers
v0x55b5f95cea10_0 .net "addr_in1rd", 4 0, L_0x55b5f95fa430;  alias, 1 drivers
v0x55b5f95ceaf0_0 .net "addr_in1wr", 4 0, L_0x55b5f95faba0;  alias, 1 drivers
v0x55b5f95cec20_0 .net "addr_in2rd", 4 0, L_0x55b5f95fa590;  alias, 1 drivers
L_0x7f557b68f0b0 .functor BUFT 1, C4<00000>, C4<0>, C4<0>, C4<0>;
v0x55b5f95ced00_0 .net "addr_in2wr", 4 0, L_0x7f557b68f0b0;  1 drivers
v0x55b5f95cede0_0 .net "clock", 0 0, v0x55b5f95e0dd0_0;  alias, 1 drivers
v0x55b5f95cee80_0 .net "data_in1", 31 0, L_0x55b5f96134c0;  alias, 1 drivers
L_0x7f557b68f068 .functor BUFT 1, C4<00000000000000000000000000000000>, C4<0>, C4<0>, C4<0>;
v0x55b5f95cef40_0 .net "data_in2", 31 0, L_0x7f557b68f068;  1 drivers
v0x55b5f95cf020_0 .var "data_out1", 31 0;
v0x55b5f95cf100_0 .var "data_out2", 31 0;
v0x55b5f95cf1e0_0 .net "data_rden1", 0 0, L_0x55b5f95fa6f0;  alias, 1 drivers
v0x55b5f95cf2a0_0 .net "data_rden2", 0 0, L_0x55b5f95faa70;  alias, 1 drivers
v0x55b5f95cf360_0 .net "data_wren1", 0 0, L_0x55b5f9604580;  alias, 1 drivers
L_0x7f557b68f020 .functor BUFT 1, C4<0>, C4<0>, C4<0>, C4<0>;
v0x55b5f95cf420_0 .net "data_wren2", 0 0, L_0x7f557b68f020;  1 drivers
v0x55b5f95cf4e0_0 .var/i "i", 31 0;
v0x55b5f95cf5c0 .array "memory", 0 31, 31 0;
v0x55b5f95cf680_0 .net "reset_n", 0 0, v0x55b5f95e6500_0;  alias, 1 drivers
L_0x55b5f9603e70 .reduce/and L_0x55b5f95faba0;
L_0x55b5f9603f10 .reduce/and L_0x7f557b68f0b0;
S_0x55b5f9578e80 .scope module, "instrs" "codes" 2 43, 6 5 0, S_0x55b5f9556400;
 .timescale -8 -12;
    .port_info 0 /OUTPUT 32 "instruction"
    .port_info 1 /INPUT 8 "address"
L_0x55b5f95225a0 .functor BUFZ 32, L_0x55b5f95e6ab0, C4<00000000000000000000000000000000>, C4<00000000000000000000000000000000>, C4<00000000000000000000000000000000>;
v0x55b5f95e5900_0 .net *"_s0", 31 0, L_0x55b5f95e6ab0;  1 drivers
v0x55b5f95e5a00_0 .net "address", 7 0, v0x55b5f95e5eb0_0;  1 drivers
v0x55b5f95e5ae0 .array "instrs", 0 57, 31 0;
v0x55b5f95e5bb0_0 .net "instruction", 31 0, L_0x55b5f95225a0;  alias, 1 drivers
L_0x55b5f95e6ab0 .array/port v0x55b5f95e5ae0, v0x55b5f95e5eb0_0;
    .scope S_0x55b5f9578e80;
T_0 ;
    %pushi/vec4 22020243, 0, 32;
    %ix/load 4, 0, 0;
    %flag_set/imm 4, 0;
    %store/vec4a v0x55b5f95e5ae0, 4, 0;
    %pushi/vec4 7340307, 0, 32;
    %ix/load 4, 1, 0;
    %flag_set/imm 4, 0;
    %store/vec4a v0x55b5f95e5ae0, 4, 0;
    %pushi/vec4 4290773395, 0, 32;
    %ix/load 4, 2, 0;
    %flag_set/imm 4, 0;
    %store/vec4a v0x55b5f95e5ae0, 4, 0;
    %pushi/vec4 96531091, 0, 32;
    %ix/load 4, 3, 0;
    %flag_set/imm 4, 0;
    %store/vec4a v0x55b5f95e5ae0, 4, 0;
    %pushi/vec4 22200979, 0, 32;
    %ix/load 4, 4, 0;
    %flag_set/imm 4, 0;
    %store/vec4a v0x55b5f95e5ae0, 4, 0;
    %pushi/vec4 96527123, 0, 32;
    %ix/load 4, 5, 0;
    %flag_set/imm 4, 0;
    %store/vec4a v0x55b5f95e5ae0, 4, 0;
    %pushi/vec4 96682771, 0, 32;
    %ix/load 4, 6, 0;
    %flag_set/imm 4, 0;
    %store/vec4a v0x55b5f95e5ae0, 4, 0;
    %pushi/vec4 7373715, 0, 32;
    %ix/load 4, 7, 0;
    %flag_set/imm 4, 0;
    %store/vec4a v0x55b5f95e5ae0, 4, 0;
    %pushi/vec4 30655379, 0, 32;
    %ix/load 4, 8, 0;
    %flag_set/imm 4, 0;
    %store/vec4a v0x55b5f95e5ae0, 4, 0;
    %pushi/vec4 6329363, 0, 32;
    %ix/load 4, 9, 0;
    %flag_set/imm 4, 0;
    %store/vec4a v0x55b5f95e5ae0, 4, 0;
    %pushi/vec4 1410614291, 0, 32;
    %ix/load 4, 10, 0;
    %flag_set/imm 4, 0;
    %store/vec4a v0x55b5f95e5ae0, 4, 0;
    %pushi/vec4 2151571, 0, 32;
    %ix/load 4, 11, 0;
    %flag_set/imm 4, 0;
    %store/vec4a v0x55b5f95e5ae0, 4, 0;
    %pushi/vec4 4506771, 0, 32;
    %ix/load 4, 12, 0;
    %flag_set/imm 4, 0;
    %store/vec4a v0x55b5f95e5ae0, 4, 0;
    %pushi/vec4 2159923, 0, 32;
    %ix/load 4, 13, 0;
    %flag_set/imm 4, 0;
    %store/vec4a v0x55b5f95e5ae0, 4, 0;
    %pushi/vec4 4539667, 0, 32;
    %ix/load 4, 14, 0;
    %flag_set/imm 4, 0;
    %store/vec4a v0x55b5f95e5ae0, 4, 0;
    %pushi/vec4 2155955, 0, 32;
    %ix/load 4, 15, 0;
    %flag_set/imm 4, 0;
    %store/vec4a v0x55b5f95e5ae0, 4, 0;
    %pushi/vec4 23446931, 0, 32;
    %ix/load 4, 16, 0;
    %flag_set/imm 4, 0;
    %store/vec4a v0x55b5f95e5ae0, 4, 0;
    %pushi/vec4 2147891, 0, 32;
    %ix/load 4, 17, 0;
    %flag_set/imm 4, 0;
    %store/vec4a v0x55b5f95e5ae0, 4, 0;
    %pushi/vec4 20334099, 0, 32;
    %ix/load 4, 18, 0;
    %flag_set/imm 4, 0;
    %store/vec4a v0x55b5f95e5ae0, 4, 0;
    %pushi/vec4 2131635, 0, 32;
    %ix/load 4, 19, 0;
    %flag_set/imm 4, 0;
    %store/vec4a v0x55b5f95e5ae0, 4, 0;
    %pushi/vec4 30852755, 0, 32;
    %ix/load 4, 20, 0;
    %flag_set/imm 4, 0;
    %store/vec4a v0x55b5f95e5ae0, 4, 0;
    %pushi/vec4 1075873587, 0, 32;
    %ix/load 4, 21, 0;
    %flag_set/imm 4, 0;
    %store/vec4a v0x55b5f95e5ae0, 4, 0;
    %pushi/vec4 16205587, 0, 32;
    %ix/load 4, 22, 0;
    %flag_set/imm 4, 0;
    %store/vec4a v0x55b5f95e5ae0, 4, 0;
    %pushi/vec4 2168755, 0, 32;
    %ix/load 4, 23, 0;
    %flag_set/imm 4, 0;
    %store/vec4a v0x55b5f95e5ae0, 4, 0;
    %pushi/vec4 941082515, 0, 32;
    %ix/load 4, 24, 0;
    %flag_set/imm 4, 0;
    %store/vec4a v0x55b5f95e5ae0, 4, 0;
    %pushi/vec4 2152499, 0, 32;
    %ix/load 4, 25, 0;
    %flag_set/imm 4, 0;
    %store/vec4a v0x55b5f95e5ae0, 4, 0;
    %pushi/vec4 1591315, 0, 32;
    %ix/load 4, 26, 0;
    %flag_set/imm 4, 0;
    %store/vec4a v0x55b5f95e5ae0, 4, 0;
    %pushi/vec4 1128627, 0, 32;
    %ix/load 4, 27, 0;
    %flag_set/imm 4, 0;
    %store/vec4a v0x55b5f95e5ae0, 4, 0;
    %pushi/vec4 575635, 0, 32;
    %ix/load 4, 28, 0;
    %flag_set/imm 4, 0;
    %store/vec4a v0x55b5f95e5ae0, 4, 0;
    %pushi/vec4 22100243, 0, 32;
    %ix/load 4, 29, 0;
    %flag_set/imm 4, 0;
    %store/vec4a v0x55b5f95e5ae0, 4, 0;
    %pushi/vec4 608531, 0, 32;
    %ix/load 4, 30, 0;
    %flag_set/imm 4, 0;
    %store/vec4a v0x55b5f95e5ae0, 4, 0;
    %pushi/vec4 2487, 0, 32;
    %ix/load 4, 31, 0;
    %flag_set/imm 4, 0;
    %store/vec4a v0x55b5f95e5ae0, 4, 0;
    %pushi/vec4 1690003, 0, 32;
    %ix/load 4, 32, 0;
    %flag_set/imm 4, 0;
    %store/vec4a v0x55b5f95e5ae0, 4, 0;
    %pushi/vec4 1074911763, 0, 32;
    %ix/load 4, 33, 0;
    %flag_set/imm 4, 0;
    %store/vec4a v0x55b5f95e5ae0, 4, 0;
    %pushi/vec4 4294593043, 0, 32;
    %ix/load 4, 34, 0;
    %flag_set/imm 4, 0;
    %store/vec4a v0x55b5f95e5ae0, 4, 0;
    %pushi/vec4 1157811, 0, 32;
    %ix/load 4, 35, 0;
    %flag_set/imm 4, 0;
    %store/vec4a v0x55b5f95e5ae0, 4, 0;
    %pushi/vec4 707219, 0, 32;
    %ix/load 4, 36, 0;
    %flag_set/imm 4, 0;
    %store/vec4a v0x55b5f95e5ae0, 4, 0;
    %pushi/vec4 1157907, 0, 32;
    %ix/load 4, 37, 0;
    %flag_set/imm 4, 0;
    %store/vec4a v0x55b5f95e5ae0, 4, 0;
    %pushi/vec4 740115, 0, 32;
    %ix/load 4, 38, 0;
    %flag_set/imm 4, 0;
    %store/vec4a v0x55b5f95e5ae0, 4, 0;
    %pushi/vec4 1075895219, 0, 32;
    %ix/load 4, 39, 0;
    %flag_set/imm 4, 0;
    %store/vec4a v0x55b5f95e5ae0, 4, 0;
    %pushi/vec4 1821587, 0, 32;
    %ix/load 4, 40, 0;
    %flag_set/imm 4, 0;
    %store/vec4a v0x55b5f95e5ae0, 4, 0;
    %pushi/vec4 16919, 0, 32;
    %ix/load 4, 41, 0;
    %flag_set/imm 4, 0;
    %store/vec4a v0x55b5f95e5ae0, 4, 0;
    %pushi/vec4 7494675, 0, 32;
    %ix/load 4, 42, 0;
    %flag_set/imm 4, 0;
    %store/vec4a v0x55b5f95e5ae0, 4, 0;
    %pushi/vec4 135023635, 0, 32;
    %ix/load 4, 43, 0;
    %flag_set/imm 4, 0;
    %store/vec4a v0x55b5f95e5ae0, 4, 0;
    %pushi/vec4 4197615, 0, 32;
    %ix/load 4, 44, 0;
    %flag_set/imm 4, 0;
    %store/vec4a v0x55b5f95e5ae0, 4, 0;
    %pushi/vec4 535, 0, 32;
    %ix/load 4, 45, 0;
    %flag_set/imm 4, 0;
    %store/vec4a v0x55b5f95e5ae0, 4, 0;
    %pushi/vec4 5033139, 0, 32;
    %ix/load 4, 46, 0;
    %flag_set/imm 4, 0;
    %store/vec4a v0x55b5f95e5ae0, 4, 0;
    %pushi/vec4 1887379, 0, 32;
    %ix/load 4, 47, 0;
    %flag_set/imm 4, 0;
    %store/vec4a v0x55b5f95e5ae0, 4, 0;
    %pushi/vec4 16911719, 0, 32;
    %ix/load 4, 48, 0;
    %flag_set/imm 4, 0;
    %store/vec4a v0x55b5f95e5ae0, 4, 0;
    %pushi/vec4 1078791475, 0, 32;
    %ix/load 4, 49, 0;
    %flag_set/imm 4, 0;
    %store/vec4a v0x55b5f95e5ae0, 4, 0;
    %pushi/vec4 4280093971, 0, 32;
    %ix/load 4, 50, 0;
    %flag_set/imm 4, 0;
    %store/vec4a v0x55b5f95e5ae0, 4, 0;
    %pushi/vec4 1122467, 0, 32;
    %ix/load 4, 51, 0;
    %flag_set/imm 4, 0;
    %store/vec4a v0x55b5f95e5ae0, 4, 0;
    %pushi/vec4 1125763, 0, 32;
    %ix/load 4, 52, 0;
    %flag_set/imm 4, 0;
    %store/vec4a v0x55b5f95e5ae0, 4, 0;
    %pushi/vec4 21876115, 0, 32;
    %ix/load 4, 53, 0;
    %flag_set/imm 4, 0;
    %store/vec4a v0x55b5f95e5ae0, 4, 0;
    %pushi/vec4 1052179, 0, 32;
    %ix/load 4, 54, 0;
    %flag_set/imm 4, 0;
    %store/vec4a v0x55b5f95e5ae0, 4, 0;
    %pushi/vec4 1052307, 0, 32;
    %ix/load 4, 55, 0;
    %flag_set/imm 4, 0;
    %store/vec4a v0x55b5f95e5ae0, 4, 0;
    %pushi/vec4 1052435, 0, 32;
    %ix/load 4, 56, 0;
    %flag_set/imm 4, 0;
    %store/vec4a v0x55b5f95e5ae0, 4, 0;
    %pushi/vec4 111, 0, 32;
    %ix/load 4, 57, 0;
    %flag_set/imm 4, 0;
    %store/vec4a v0x55b5f95e5ae0, 4, 0;
    %end;
    .thread T_0;
    .scope S_0x55b5f9577e40;
T_1 ;
    %pushi/vec4 0, 0, 32;
    %store/vec4 v0x55b5f95cdf40_0, 0, 32;
    %end;
    .thread T_1;
    .scope S_0x55b5f9577e40;
T_2 ;
    %pushi/vec4 0, 0, 32;
    %store/vec4 v0x55b5f95cdc90_0, 0, 32;
    %pushi/vec4 0, 0, 32;
    %store/vec4 v0x55b5f95cdf40_0, 0, 32;
T_2.0 ;
    %load/vec4 v0x55b5f95cdf40_0;
    %cmpi/s 256, 0, 32;
    %jmp/0xz T_2.1, 5;
    %pushi/vec4 0, 0, 32;
    %ix/getv/s 4, v0x55b5f95cdf40_0;
    %store/vec4a v0x55b5f95ce020, 4, 0;
    %load/vec4 v0x55b5f95cdf40_0;
    %addi 1, 0, 32;
    %store/vec4 v0x55b5f95cdf40_0, 0, 32;
    %jmp T_2.0;
T_2.1 ;
    %end;
    .thread T_2;
    .scope S_0x55b5f9577e40;
T_3 ;
    %wait E_0x55b5f95b7850;
    %load/vec4 v0x55b5f95ce0e0_0;
    %inv;
    %flag_set/vec4 8;
    %jmp/0xz  T_3.0, 8;
    %pushi/vec4 0, 0, 32;
    %store/vec4 v0x55b5f95cdc90_0, 0, 32;
    %pushi/vec4 0, 0, 32;
    %store/vec4 v0x55b5f95cdf40_0, 0, 32;
T_3.2 ;
    %load/vec4 v0x55b5f95cdf40_0;
    %cmpi/s 256, 0, 32;
    %jmp/0xz T_3.3, 5;
    %pushi/vec4 0, 0, 32;
    %ix/getv/s 4, v0x55b5f95cdf40_0;
    %store/vec4a v0x55b5f95ce020, 4, 0;
    %load/vec4 v0x55b5f95cdf40_0;
    %addi 1, 0, 32;
    %store/vec4 v0x55b5f95cdf40_0, 0, 32;
    %jmp T_3.2;
T_3.3 ;
    %jmp T_3.1;
T_3.0 ;
    %load/vec4 v0x55b5f95cde80_0;
    %flag_set/vec4 8;
    %jmp/0xz  T_3.4, 8;
    %load/vec4 v0x55b5f95cdbb0_0;
    %load/vec4 v0x55b5f95cd900_0;
    %pad/u 32;
    %pushi/vec4 4, 0, 32;
    %div;
    %ix/vec4 3;
    %ix/load 4, 0, 0; Constant delay
    %assign/vec4/a/d v0x55b5f95ce020, 0, 4;
T_3.4 ;
    %load/vec4 v0x55b5f95cddc0_0;
    %flag_set/vec4 8;
    %jmp/0xz  T_3.6, 8;
    %load/vec4 v0x55b5f95cda00_0;
    %pad/u 32;
    %pushi/vec4 4, 0, 32;
    %div;
    %ix/vec4 4;
    %load/vec4a v0x55b5f95ce020, 4;
    %assign/vec4 v0x55b5f95cdc90_0, 0;
T_3.6 ;
T_3.1 ;
    %jmp T_3;
    .thread T_3;
    .scope S_0x55b5f9578660;
T_4 ;
    %pushi/vec4 0, 0, 32;
    %store/vec4 v0x55b5f95cf4e0_0, 0, 32;
    %end;
    .thread T_4;
    .scope S_0x55b5f9578660;
T_5 ;
    %pushi/vec4 0, 0, 32;
    %store/vec4 v0x55b5f95cf020_0, 0, 32;
    %pushi/vec4 0, 0, 32;
    %store/vec4 v0x55b5f95cf100_0, 0, 32;
    %pushi/vec4 0, 0, 32;
    %store/vec4 v0x55b5f95cf4e0_0, 0, 32;
T_5.0 ;
    %load/vec4 v0x55b5f95cf4e0_0;
    %cmpi/s 32, 0, 32;
    %jmp/0xz T_5.1, 5;
    %pushi/vec4 0, 0, 32;
    %ix/getv/s 4, v0x55b5f95cf4e0_0;
    %store/vec4a v0x55b5f95cf5c0, 4, 0;
    %load/vec4 v0x55b5f95cf4e0_0;
    %addi 1, 0, 32;
    %store/vec4 v0x55b5f95cf4e0_0, 0, 32;
    %jmp T_5.0;
T_5.1 ;
    %end;
    .thread T_5;
    .scope S_0x55b5f9578660;
T_6 ;
    %wait E_0x55b5f951a240;
    %load/vec4 v0x55b5f95cf680_0;
    %inv;
    %flag_set/vec4 8;
    %jmp/0xz  T_6.0, 8;
    %pushi/vec4 0, 0, 32;
    %store/vec4 v0x55b5f95cf020_0, 0, 32;
    %pushi/vec4 0, 0, 32;
    %store/vec4 v0x55b5f95cf100_0, 0, 32;
    %pushi/vec4 0, 0, 32;
    %store/vec4 v0x55b5f95cf4e0_0, 0, 32;
T_6.2 ;
    %load/vec4 v0x55b5f95cf4e0_0;
    %cmpi/s 32, 0, 32;
    %jmp/0xz T_6.3, 5;
    %pushi/vec4 0, 0, 32;
    %ix/getv/s 4, v0x55b5f95cf4e0_0;
    %store/vec4a v0x55b5f95cf5c0, 4, 0;
    %load/vec4 v0x55b5f95cf4e0_0;
    %addi 1, 0, 32;
    %store/vec4 v0x55b5f95cf4e0_0, 0, 32;
    %jmp T_6.2;
T_6.3 ;
    %jmp T_6.1;
T_6.0 ;
    %load/vec4 v0x55b5f95cf360_0;
    %flag_set/vec4 8;
    %jmp/0xz  T_6.4, 8;
    %load/vec4 v0x55b5f95cee80_0;
    %load/vec4 v0x55b5f95ceaf0_0;
    %pad/u 7;
    %ix/vec4 3;
    %ix/load 4, 0, 0; Constant delay
    %assign/vec4/a/d v0x55b5f95cf5c0, 0, 4;
T_6.4 ;
    %load/vec4 v0x55b5f95cf1e0_0;
    %flag_set/vec4 8;
    %jmp/0xz  T_6.6, 8;
    %load/vec4 v0x55b5f95cea10_0;
    %pad/u 7;
    %ix/vec4 4;
    %load/vec4a v0x55b5f95cf5c0, 4;
    %assign/vec4 v0x55b5f95cf020_0, 0;
T_6.6 ;
    %load/vec4 v0x55b5f95cf420_0;
    %flag_set/vec4 8;
    %jmp/0xz  T_6.8, 8;
    %load/vec4 v0x55b5f95cef40_0;
    %load/vec4 v0x55b5f95ced00_0;
    %pad/u 7;
    %ix/vec4 3;
    %ix/load 4, 0, 0; Constant delay
    %assign/vec4/a/d v0x55b5f95cf5c0, 0, 4;
T_6.8 ;
    %load/vec4 v0x55b5f95cf2a0_0;
    %flag_set/vec4 8;
    %jmp/0xz  T_6.10, 8;
    %load/vec4 v0x55b5f95cec20_0;
    %pad/u 7;
    %ix/vec4 4;
    %load/vec4a v0x55b5f95cf5c0, 4;
    %assign/vec4 v0x55b5f95cf100_0, 0;
T_6.10 ;
T_6.1 ;
    %jmp T_6;
    .thread T_6;
    .scope S_0x55b5f9577620;
T_7 ;
    %pushi/vec4 0, 0, 32;
    %store/vec4 v0x55b5f95cd080_0, 0, 32;
    %end;
    .thread T_7;
    .scope S_0x55b5f9577620;
T_8 ;
    %pushi/vec4 0, 0, 32;
    %store/vec4 v0x55b5f95ccdd0_0, 0, 32;
    %pushi/vec4 0, 0, 32;
    %store/vec4 v0x55b5f95cd080_0, 0, 32;
T_8.0 ;
    %load/vec4 v0x55b5f95cd080_0;
    %cmpi/s 256, 0, 32;
    %jmp/0xz T_8.1, 5;
    %pushi/vec4 0, 0, 32;
    %ix/getv/s 4, v0x55b5f95cd080_0;
    %store/vec4a v0x55b5f95cd160, 4, 0;
    %load/vec4 v0x55b5f95cd080_0;
    %addi 1, 0, 32;
    %store/vec4 v0x55b5f95cd080_0, 0, 32;
    %jmp T_8.0;
T_8.1 ;
    %end;
    .thread T_8;
    .scope S_0x55b5f9577620;
T_9 ;
    %wait E_0x55b5f951a240;
    %load/vec4 v0x55b5f95cd220_0;
    %inv;
    %flag_set/vec4 8;
    %jmp/0xz  T_9.0, 8;
    %pushi/vec4 0, 0, 32;
    %store/vec4 v0x55b5f95ccdd0_0, 0, 32;
    %pushi/vec4 0, 0, 32;
    %store/vec4 v0x55b5f95cd080_0, 0, 32;
T_9.2 ;
    %load/vec4 v0x55b5f95cd080_0;
    %cmpi/s 256, 0, 32;
    %jmp/0xz T_9.3, 5;
    %pushi/vec4 0, 0, 32;
    %ix/getv/s 4, v0x55b5f95cd080_0;
    %store/vec4a v0x55b5f95cd160, 4, 0;
    %load/vec4 v0x55b5f95cd080_0;
    %addi 1, 0, 32;
    %store/vec4 v0x55b5f95cd080_0, 0, 32;
    %jmp T_9.2;
T_9.3 ;
    %jmp T_9.1;
T_9.0 ;
    %load/vec4 v0x55b5f95ccfc0_0;
    %flag_set/vec4 8;
    %jmp/0xz  T_9.4, 8;
    %load/vec4 v0x55b5f95cccf0_0;
    %load/vec4 v0x55b5f957c6f0_0;
    %pad/u 32;
    %pushi/vec4 4, 0, 32;
    %div;
    %ix/vec4 3;
    %ix/load 4, 0, 0; Constant delay
    %assign/vec4/a/d v0x55b5f95cd160, 0, 4;
T_9.4 ;
    %load/vec4 v0x55b5f95ccf00_0;
    %flag_set/vec4 8;
    %jmp/0xz  T_9.6, 8;
    %load/vec4 v0x55b5f957c790_0;
    %pad/u 32;
    %pushi/vec4 4, 0, 32;
    %div;
    %ix/vec4 4;
    %load/vec4a v0x55b5f95cd160, 4;
    %assign/vec4 v0x55b5f95ccdd0_0, 0;
T_9.6 ;
T_9.1 ;
    %jmp T_9;
    .thread T_9;
    .scope S_0x55b5f9576e00;
T_10 ;
    %wait E_0x55b5f951dab0;
    %load/vec4 v0x55b5f95e4a10_0;
    %inv;
    %flag_set/vec4 8;
    %jmp/0xz  T_10.0, 8;
    %pushi/vec4 0, 0, 1;
    %assign/vec4 v0x55b5f95e0dd0_0, 0;
    %jmp T_10.1;
T_10.0 ;
    %load/vec4 v0x55b5f95e0dd0_0;
    %inv;
    %assign/vec4 v0x55b5f95e0dd0_0, 0;
T_10.1 ;
    %jmp T_10;
    .thread T_10;
    .scope S_0x55b5f9576e00;
T_11 ;
    %wait E_0x55b5f951dec0;
    %load/vec4 v0x55b5f95e4a10_0;
    %inv;
    %flag_set/vec4 8;
    %jmp/0xz  T_11.0, 8;
    %pushi/vec4 0, 0, 1;
    %assign/vec4 v0x55b5f95e0e70_0, 0;
    %jmp T_11.1;
T_11.0 ;
    %load/vec4 v0x55b5f95e0e70_0;
    %inv;
    %assign/vec4 v0x55b5f95e0e70_0, 0;
T_11.1 ;
    %jmp T_11;
    .thread T_11;
    .scope S_0x55b5f9576e00;
T_12 ;
    %wait E_0x55b5f951aa70;
    %load/vec4 v0x55b5f95e4a10_0;
    %inv;
    %flag_set/vec4 8;
    %jmp/0xz  T_12.0, 8;
    %pushi/vec4 0, 0, 32;
    %assign/vec4 v0x55b5f95e4520_0, 0;
    %jmp T_12.1;
T_12.0 ;
    %load/vec4 v0x55b5f95e41c0_0;
    %assign/vec4 v0x55b5f95e4520_0, 0;
T_12.1 ;
    %jmp T_12;
    .thread T_12;
    .scope S_0x55b5f9556400;
T_13 ;
    %pushi/vec4 0, 0, 1;
    %store/vec4 v0x55b5f95e5fb0_0, 0, 1;
    %pushi/vec4 0, 0, 1;
    %store/vec4 v0x55b5f95e6700_0, 0, 1;
    %pushi/vec4 0, 0, 1;
    %store/vec4 v0x55b5f95e6500_0, 0, 1;
    %pushi/vec4 0, 0, 1;
    %store/vec4 v0x55b5f95e69e0_0, 0, 1;
    %pushi/vec4 0, 0, 1;
    %store/vec4 v0x55b5f95e6910_0, 0, 1;
    %pushi/vec4 0, 0, 1;
    %store/vec4 v0x55b5f95e6630_0, 0, 1;
    %pushi/vec4 0, 0, 8;
    %store/vec4 v0x55b5f95e5de0_0, 0, 8;
    %pushi/vec4 0, 0, 32;
    %store/vec4 v0x55b5f95e6280_0, 0, 32;
    %pushi/vec4 0, 0, 8;
    %store/vec4 v0x55b5f95e5cf0_0, 0, 8;
    %pushi/vec4 0, 0, 32;
    %store/vec4 v0x55b5f95e61e0_0, 0, 32;
    %pushi/vec4 0, 0, 32;
    %store/vec4 v0x55b5f95e6870_0, 0, 32;
    %end;
    .thread T_13;
    .scope S_0x55b5f9556400;
T_14 ;
    %delay 10000, 0;
    %load/vec4 v0x55b5f95e5fb0_0;
    %inv;
    %assign/vec4 v0x55b5f95e5fb0_0, 0;
    %jmp T_14;
    .thread T_14;
    .scope S_0x55b5f9556400;
T_15 ;
    %delay 20000, 0;
    %pushi/vec4 1, 0, 1;
    %store/vec4 v0x55b5f95e6500_0, 0, 1;
    %delay 20000, 0;
    %pushi/vec4 1, 0, 1;
    %store/vec4 v0x55b5f95e69e0_0, 0, 1;
    %pushi/vec4 0, 0, 32;
    %store/vec4 v0x55b5f95e67d0_0, 0, 32;
T_15.0 ;
    %load/vec4 v0x55b5f95e67d0_0;
    %cmpi/s 58, 0, 32;
    %jmp/0xz T_15.1, 5;
    %delay 20000, 0;
    %load/vec4 v0x55b5f95e67d0_0;
    %muli 4, 0, 32;
    %pad/s 8;
    %store/vec4 v0x55b5f95e5de0_0, 0, 8;
    %load/vec4 v0x55b5f95e67d0_0;
    %pad/s 8;
    %store/vec4 v0x55b5f95e5eb0_0, 0, 8;
    %delay 20000, 0;
    %load/vec4 v0x55b5f95e6460_0;
    %store/vec4 v0x55b5f95e6280_0, 0, 32;
    %load/vec4 v0x55b5f95e67d0_0;
    %addi 1, 0, 32;
    %store/vec4 v0x55b5f95e67d0_0, 0, 32;
    %jmp T_15.0;
T_15.1 ;
    %delay 20000, 0;
    %pushi/vec4 0, 0, 1;
    %store/vec4 v0x55b5f95e69e0_0, 0, 1;
    %delay 40000, 0;
    %pushi/vec4 1, 0, 1;
    %store/vec4 v0x55b5f95e6700_0, 0, 1;
    %delay 5000000, 0;
    %vpi_call 2 118 "$display", "Data from memory" {0 0 0};
    %delay 20000, 0;
    %pushi/vec4 8, 0, 8;
    %store/vec4 v0x55b5f95e5cf0_0, 0, 8;
    %delay 20000, 0;
    %pushi/vec4 1, 0, 1;
    %store/vec4 v0x55b5f95e6630_0, 0, 1;
    %delay 60000, 0;
    %pushi/vec4 0, 0, 1;
    %store/vec4 v0x55b5f95e6630_0, 0, 1;
    %delay 20000, 0;
    %vpi_call 2 122 "$display", v0x55b5f95e5cf0_0, " : ", v0x55b5f95e6320_0 {0 0 0};
    %load/vec4 v0x55b5f95e6320_0;
    %cmpi/e 21, 0, 32;
    %jmp/0xz  T_15.2, 4;
    %vpi_call 2 126 "$display", "All tests are passed!!!" {0 0 0};
    %jmp T_15.3;
T_15.2 ;
    %vpi_call 2 128 "$display", "Test failed..." {0 0 0};
T_15.3 ;
    %delay 20000, 0;
    %vpi_call 2 130 "$finish" {0 0 0};
    %end;
    .thread T_15;
    .scope S_0x55b5f9556400;
T_16 ;
    %vpi_call 2 134 "$dumpfile", "RISC_V_tb.vcd" {0 0 0};
    %vpi_call 2 135 "$dumpvars", 32'sb00000000000000000000000000000000, S_0x55b5f9556400 {0 0 0};
    %pushi/vec4 1000, 0, 32;
T_16.0 %dup/vec4;
    %pushi/vec4 0, 0, 32;
    %cmp/s;
    %jmp/1xz T_16.1, 5;
    %jmp/1 T_16.1, 4;
    %pushi/vec4 1, 0, 32;
    %sub;
    %wait E_0x55b5f951a650;
    %jmp T_16.0;
T_16.1 ;
    %pop/vec4 1;
    %vpi_call 2 138 "$display", "Monitor: Timeout; Test failed..." {0 0 0};
    %vpi_call 2 139 "$finish" {0 0 0};
    %end;
    .thread T_16;
# The file index is used to find the file name in the following table.
:file_names 7;
    "N/A";
    "<interactive>";
    "RISC_V_tb.v";
    "RISC_V_core.v";
    "SRAM.v";
    "RAM_2R2W.v";
    "Sample_code.v";
