#! /usr/bin/vvp
:ivl_version "10.3 (stable)";
:ivl_delay_selection "TYPICAL";
:vpi_time_precision - 12;
:vpi_module "system";
:vpi_module "vhdl_sys";
:vpi_module "v2005_math";
:vpi_module "va_math";
S_0x55b6fcbc60f0 .scope module, "Fifo_tb" "Fifo_tb" 2 10;
 .timescale -8 -12;
v0x55b6fcc23580_0 .var "clock", 0 0;
v0x55b6fcc23640_0 .var "data_in", 7 0;
v0x55b6fcc23710_0 .var "data_inen", 0 0;
v0x55b6fcc23810_0 .net "data_out", 7 0, v0x55b6fcc22b70_0;  1 drivers
v0x55b6fcc238e0_0 .var "data_outen", 0 0;
v0x55b6fcc23980_0 .net "fifo_empty", 0 0, L_0x55b6fcc03050;  1 drivers
v0x55b6fcc23a50_0 .net "fifo_full", 0 0, L_0x55b6fcc23c40;  1 drivers
v0x55b6fcc23b20_0 .var "reset_n", 0 0;
E_0x55b6fcc05b20 .event posedge, v0x55b6fcc02d40_0;
S_0x55b6fcbc6270 .scope module, "Fifo" "Fifo" 2 25, 3 10 0, S_0x55b6fcbc60f0;
 .timescale -8 -12;
    .port_info 0 /INPUT 1 "clock"
    .port_info 1 /INPUT 1 "reset_n"
    .port_info 2 /INPUT 1 "data_inen"
    .port_info 3 /INPUT 1 "data_outen"
    .port_info 4 /OUTPUT 1 "fifo_empty"
    .port_info 5 /OUTPUT 1 "fifo_full"
    .port_info 6 /INPUT 8 "data_in"
    .port_info 7 /OUTPUT 8 "data_out"
P_0x55b6fcbc63f0 .param/l "FIFO_SIZE" 0 3 11, +C4<00000000000000000000000000010000>;
L_0x55b6fcc03050 .functor BUFZ 1, v0x55b6fcc22e20_0, C4<0>, C4<0>, C4<0>;
L_0x55b6fcc23c40 .functor BUFZ 1, v0x55b6fcc22fa0_0, C4<0>, C4<0>, C4<0>;
v0x55b6fcc02d40_0 .net "clock", 0 0, v0x55b6fcc23580_0;  1 drivers
v0x55b6fcc229f0_0 .net "data_in", 7 0, v0x55b6fcc23640_0;  1 drivers
v0x55b6fcc22ad0_0 .net "data_inen", 0 0, v0x55b6fcc23710_0;  1 drivers
v0x55b6fcc22b70_0 .var "data_out", 7 0;
v0x55b6fcc22c50_0 .net "data_outen", 0 0, v0x55b6fcc238e0_0;  1 drivers
v0x55b6fcc22d60_0 .net "fifo_empty", 0 0, L_0x55b6fcc03050;  alias, 1 drivers
v0x55b6fcc22e20_0 .var "fifo_emptyreg", 0 0;
v0x55b6fcc22ee0_0 .net "fifo_full", 0 0, L_0x55b6fcc23c40;  alias, 1 drivers
v0x55b6fcc22fa0_0 .var "fifo_fullreg", 0 0;
v0x55b6fcc23060_0 .var/i "i", 31 0;
v0x55b6fcc23140 .array "memory", 0 15, 7 0;
v0x55b6fcc23200_0 .net "reset_n", 0 0, v0x55b6fcc23b20_0;  1 drivers
v0x55b6fcc232c0_0 .var "rptr", 3 0;
v0x55b6fcc233a0_0 .var "wptr", 3 0;
E_0x55b6fcc05680/0 .event negedge, v0x55b6fcc23200_0;
E_0x55b6fcc05680/1 .event posedge, v0x55b6fcc02d40_0;
E_0x55b6fcc05680 .event/or E_0x55b6fcc05680/0, E_0x55b6fcc05680/1;
    .scope S_0x55b6fcbc6270;
T_0 ;
    %pushi/vec4 0, 0, 32;
    %store/vec4 v0x55b6fcc23060_0, 0, 32;
    %end;
    .thread T_0;
    .scope S_0x55b6fcbc6270;
T_1 ;
    %pushi/vec4 0, 0, 4;
    %store/vec4 v0x55b6fcc233a0_0, 0, 4;
    %pushi/vec4 0, 0, 4;
    %store/vec4 v0x55b6fcc232c0_0, 0, 4;
    %pushi/vec4 1, 0, 1;
    %store/vec4 v0x55b6fcc22e20_0, 0, 1;
    %pushi/vec4 0, 0, 1;
    %store/vec4 v0x55b6fcc22fa0_0, 0, 1;
    %pushi/vec4 0, 0, 8;
    %store/vec4 v0x55b6fcc22b70_0, 0, 8;
    %pushi/vec4 0, 0, 32;
    %store/vec4 v0x55b6fcc23060_0, 0, 32;
T_1.0 ;
    %load/vec4 v0x55b6fcc23060_0;
    %cmpi/s 16, 0, 32;
    %jmp/0xz T_1.1, 5;
    %pushi/vec4 0, 0, 8;
    %ix/getv/s 4, v0x55b6fcc23060_0;
    %store/vec4a v0x55b6fcc23140, 4, 0;
    %load/vec4 v0x55b6fcc23060_0;
    %addi 1, 0, 32;
    %store/vec4 v0x55b6fcc23060_0, 0, 32;
    %jmp T_1.0;
T_1.1 ;
    %end;
    .thread T_1;
    .scope S_0x55b6fcbc6270;
T_2 ;
    %wait E_0x55b6fcc05680;
    %load/vec4 v0x55b6fcc23200_0;
    %inv;
    %flag_set/vec4 8;
    %jmp/0xz  T_2.0, 8;
    %pushi/vec4 0, 0, 4;
    %store/vec4 v0x55b6fcc233a0_0, 0, 4;
    %pushi/vec4 0, 0, 4;
    %store/vec4 v0x55b6fcc232c0_0, 0, 4;
    %pushi/vec4 1, 0, 1;
    %store/vec4 v0x55b6fcc22e20_0, 0, 1;
    %pushi/vec4 0, 0, 1;
    %store/vec4 v0x55b6fcc22fa0_0, 0, 1;
    %pushi/vec4 0, 0, 8;
    %store/vec4 v0x55b6fcc22b70_0, 0, 8;
    %pushi/vec4 0, 0, 32;
    %store/vec4 v0x55b6fcc23060_0, 0, 32;
T_2.2 ;
    %load/vec4 v0x55b6fcc23060_0;
    %cmpi/s 16, 0, 32;
    %jmp/0xz T_2.3, 5;
    %pushi/vec4 0, 0, 8;
    %ix/getv/s 4, v0x55b6fcc23060_0;
    %store/vec4a v0x55b6fcc23140, 4, 0;
    %load/vec4 v0x55b6fcc23060_0;
    %addi 1, 0, 32;
    %store/vec4 v0x55b6fcc23060_0, 0, 32;
    %jmp T_2.2;
T_2.3 ;
    %jmp T_2.1;
T_2.0 ;
    %load/vec4 v0x55b6fcc22fa0_0;
    %inv;
    %load/vec4 v0x55b6fcc22ad0_0;
    %and;
    %flag_set/vec4 8;
    %jmp/0xz  T_2.4, 8;
    %load/vec4 v0x55b6fcc229f0_0;
    %load/vec4 v0x55b6fcc233a0_0;
    %pad/u 6;
    %ix/vec4 3;
    %ix/load 4, 0, 0; Constant delay
    %assign/vec4/a/d v0x55b6fcc23140, 0, 4;
    %load/vec4 v0x55b6fcc233a0_0;
    %addi 1, 0, 4;
    %assign/vec4 v0x55b6fcc233a0_0, 0;
    %pushi/vec4 0, 0, 1;
    %assign/vec4 v0x55b6fcc22e20_0, 0;
    %load/vec4 v0x55b6fcc233a0_0;
    %pad/u 32;
    %addi 1, 0, 32;
    %load/vec4 v0x55b6fcc232c0_0;
    %pad/u 32;
    %cmp/e;
    %jmp/0xz  T_2.6, 4;
    %pushi/vec4 1, 0, 1;
    %assign/vec4 v0x55b6fcc22fa0_0, 0;
    %jmp T_2.7;
T_2.6 ;
    %pushi/vec4 0, 0, 1;
    %assign/vec4 v0x55b6fcc22fa0_0, 0;
T_2.7 ;
T_2.4 ;
    %load/vec4 v0x55b6fcc22e20_0;
    %inv;
    %load/vec4 v0x55b6fcc22c50_0;
    %and;
    %flag_set/vec4 8;
    %jmp/0xz  T_2.8, 8;
    %load/vec4 v0x55b6fcc232c0_0;
    %pad/u 6;
    %ix/vec4 4;
    %load/vec4a v0x55b6fcc23140, 4;
    %assign/vec4 v0x55b6fcc22b70_0, 0;
    %load/vec4 v0x55b6fcc232c0_0;
    %addi 1, 0, 4;
    %assign/vec4 v0x55b6fcc232c0_0, 0;
    %pushi/vec4 0, 0, 1;
    %assign/vec4 v0x55b6fcc22fa0_0, 0;
    %load/vec4 v0x55b6fcc232c0_0;
    %pad/u 32;
    %addi 1, 0, 32;
    %load/vec4 v0x55b6fcc233a0_0;
    %pad/u 32;
    %cmp/e;
    %jmp/0xz  T_2.10, 4;
    %pushi/vec4 1, 0, 1;
    %assign/vec4 v0x55b6fcc22e20_0, 0;
    %jmp T_2.11;
T_2.10 ;
    %pushi/vec4 0, 0, 1;
    %assign/vec4 v0x55b6fcc22e20_0, 0;
T_2.11 ;
T_2.8 ;
T_2.1 ;
    %jmp T_2;
    .thread T_2;
    .scope S_0x55b6fcbc60f0;
T_3 ;
    %pushi/vec4 0, 0, 1;
    %store/vec4 v0x55b6fcc23580_0, 0, 1;
    %pushi/vec4 0, 0, 1;
    %store/vec4 v0x55b6fcc23b20_0, 0, 1;
    %pushi/vec4 0, 0, 1;
    %store/vec4 v0x55b6fcc23710_0, 0, 1;
    %pushi/vec4 0, 0, 1;
    %store/vec4 v0x55b6fcc238e0_0, 0, 1;
    %pushi/vec4 0, 0, 8;
    %store/vec4 v0x55b6fcc23640_0, 0, 8;
    %end;
    .thread T_3;
    .scope S_0x55b6fcbc60f0;
T_4 ;
    %delay 10000, 0;
    %load/vec4 v0x55b6fcc23580_0;
    %inv;
    %assign/vec4 v0x55b6fcc23580_0, 0;
    %jmp T_4;
    .thread T_4;
    .scope S_0x55b6fcbc60f0;
T_5 ;
    %delay 1000000, 0;
    %pushi/vec4 1, 0, 1;
    %store/vec4 v0x55b6fcc23b20_0, 0, 1;
    %delay 100000, 0;
    %pushi/vec4 240, 0, 8;
    %store/vec4 v0x55b6fcc23640_0, 0, 8;
    %delay 100000, 0;
    %pushi/vec4 1, 0, 1;
    %store/vec4 v0x55b6fcc23710_0, 0, 1;
    %delay 20000, 0;
    %pushi/vec4 0, 0, 1;
    %store/vec4 v0x55b6fcc23710_0, 0, 1;
    %delay 20000, 0;
    %pushi/vec4 1, 0, 1;
    %store/vec4 v0x55b6fcc238e0_0, 0, 1;
    %delay 50000, 0;
    %pushi/vec4 0, 0, 1;
    %store/vec4 v0x55b6fcc238e0_0, 0, 1;
    %delay 100000, 0;
    %pushi/vec4 1, 0, 1;
    %store/vec4 v0x55b6fcc23710_0, 0, 1;
    %delay 20000, 0;
    %pushi/vec4 1, 0, 8;
    %store/vec4 v0x55b6fcc23640_0, 0, 8;
    %delay 20000, 0;
    %pushi/vec4 2, 0, 8;
    %store/vec4 v0x55b6fcc23640_0, 0, 8;
    %delay 20000, 0;
    %pushi/vec4 3, 0, 8;
    %store/vec4 v0x55b6fcc23640_0, 0, 8;
    %delay 20000, 0;
    %pushi/vec4 4, 0, 8;
    %store/vec4 v0x55b6fcc23640_0, 0, 8;
    %delay 20000, 0;
    %pushi/vec4 5, 0, 8;
    %store/vec4 v0x55b6fcc23640_0, 0, 8;
    %delay 20000, 0;
    %pushi/vec4 6, 0, 8;
    %store/vec4 v0x55b6fcc23640_0, 0, 8;
    %delay 20000, 0;
    %pushi/vec4 7, 0, 8;
    %store/vec4 v0x55b6fcc23640_0, 0, 8;
    %delay 20000, 0;
    %pushi/vec4 8, 0, 8;
    %store/vec4 v0x55b6fcc23640_0, 0, 8;
    %delay 20000, 0;
    %pushi/vec4 9, 0, 8;
    %store/vec4 v0x55b6fcc23640_0, 0, 8;
    %delay 20000, 0;
    %pushi/vec4 10, 0, 8;
    %store/vec4 v0x55b6fcc23640_0, 0, 8;
    %delay 20000, 0;
    %pushi/vec4 11, 0, 8;
    %store/vec4 v0x55b6fcc23640_0, 0, 8;
    %delay 20000, 0;
    %pushi/vec4 12, 0, 8;
    %store/vec4 v0x55b6fcc23640_0, 0, 8;
    %delay 20000, 0;
    %pushi/vec4 13, 0, 8;
    %store/vec4 v0x55b6fcc23640_0, 0, 8;
    %delay 20000, 0;
    %pushi/vec4 14, 0, 8;
    %store/vec4 v0x55b6fcc23640_0, 0, 8;
    %delay 20000, 0;
    %pushi/vec4 15, 0, 8;
    %store/vec4 v0x55b6fcc23640_0, 0, 8;
    %delay 20000, 0;
    %pushi/vec4 16, 0, 8;
    %store/vec4 v0x55b6fcc23640_0, 0, 8;
    %delay 20000, 0;
    %pushi/vec4 17, 0, 8;
    %store/vec4 v0x55b6fcc23640_0, 0, 8;
    %delay 20000, 0;
    %pushi/vec4 18, 0, 8;
    %store/vec4 v0x55b6fcc23640_0, 0, 8;
    %delay 20000, 0;
    %pushi/vec4 0, 0, 1;
    %store/vec4 v0x55b6fcc23710_0, 0, 1;
    %delay 20000, 0;
    %pushi/vec4 1, 0, 1;
    %store/vec4 v0x55b6fcc238e0_0, 0, 1;
    %delay 500000, 0;
    %vpi_call 2 68 "$display", "All test cases finished!" {0 0 0};
    %vpi_call 2 69 "$finish" {0 0 0};
    %end;
    .thread T_5;
    .scope S_0x55b6fcbc60f0;
T_6 ;
    %vpi_call 2 73 "$dumpfile", "Fifo_tb.vcd" {0 0 0};
    %vpi_call 2 74 "$dumpvars", 32'sb00000000000000000000000000000000, S_0x55b6fcbc60f0 {0 0 0};
    %pushi/vec4 250, 0, 32;
T_6.0 %dup/vec4;
    %pushi/vec4 0, 0, 32;
    %cmp/s;
    %jmp/1xz T_6.1, 5;
    %jmp/1 T_6.1, 4;
    %pushi/vec4 1, 0, 32;
    %sub;
    %wait E_0x55b6fcc05b20;
    %jmp T_6.0;
T_6.1 ;
    %pop/vec4 1;
    %vpi_call 2 77 "$display", "Monitor: Timeout; Test failed..." {0 0 0};
    %vpi_call 2 78 "$finish" {0 0 0};
    %end;
    .thread T_6;
# The file index is used to find the file name in the following table.
:file_names 4;
    "N/A";
    "<interactive>";
    "Fifo_tb.v";
    "Fifo.v";
