#! /usr/bin/vvp
:ivl_version "10.3 (stable)";
:ivl_delay_selection "TYPICAL";
:vpi_time_precision - 12;
:vpi_module "system";
:vpi_module "vhdl_sys";
:vpi_module "v2005_math";
:vpi_module "va_math";
S_0x55b1f2270c50 .scope module, "UART_cntrl_tb" "UART_cntrl_tb" 2 10;
 .timescale -8 -12;
v0x55b1f22bb550_0 .var "UART_Rx", 0 0;
v0x55b1f22e4f70_0 .net "UART_Tx", 0 0, v0x55b1f22e1f80_0;  1 drivers
v0x55b1f22e5030_0 .net "busy_rx", 0 0, v0x55b1f22e2e40_0;  1 drivers
v0x55b1f22e50d0_0 .net "busy_tx", 0 0, v0x55b1f22e2f10_0;  1 drivers
v0x55b1f22e51a0_0 .var "check_reg_tb0", 7 0;
v0x55b1f22e5290_0 .var "check_reg_tb1", 7 0;
v0x55b1f22e5330_0 .var "check_reg_tb2", 7 0;
v0x55b1f22e5410_0 .var "clk_ratio", 7 0;
v0x55b1f22e54d0_0 .var "clock", 0 0;
v0x55b1f22e5600_0 .net "data_emptyrx", 0 0, L_0x55b1f22e61d0;  1 drivers
v0x55b1f22e56a0_0 .net "data_emptytx", 0 0, L_0x55b1f2284790;  1 drivers
v0x55b1f22e5770_0 .net "data_fullrx", 0 0, L_0x55b1f22848a0;  1 drivers
v0x55b1f22e5840_0 .net "data_fulltx", 0 0, L_0x55b1f22767f0;  1 drivers
v0x55b1f22e5910_0 .var "data_in", 7 0;
v0x55b1f22e59b0_0 .net "data_out", 7 0, v0x55b1f22a75a0_0;  1 drivers
v0x55b1f22e5aa0_0 .var "fifo_rden", 0 0;
v0x55b1f22e5b90_0 .var "fifo_wren", 0 0;
v0x55b1f22e5c80_0 .var "parityen", 0 0;
v0x55b1f22e5d20_0 .var "parityodd", 0 0;
v0x55b1f22e5dc0_0 .var "reset_n", 0 0;
v0x55b1f22e5e60_0 .var "start_rx", 0 0;
v0x55b1f22e5f00_0 .var "start_tx", 0 0;
E_0x55b1f2287580 .event posedge, v0x55b1f22bb5f0_0;
S_0x55b1f2270dd0 .scope module, "UART0" "UART_cntrl" 2 42, 3 14 0, S_0x55b1f2270c50;
 .timescale -8 -12;
    .port_info 0 /INPUT 1 "clock"
    .port_info 1 /INPUT 1 "reset_n"
    .port_info 2 /INPUT 1 "start_tx"
    .port_info 3 /INPUT 1 "start_rx"
    .port_info 4 /INPUT 8 "clk_ratio"
    .port_info 5 /INPUT 1 "fifo_wren"
    .port_info 6 /INPUT 1 "fifo_rden"
    .port_info 7 /INPUT 8 "data_in"
    .port_info 8 /OUTPUT 8 "data_out"
    .port_info 9 /INPUT 1 "parityen"
    .port_info 10 /INPUT 1 "parityodd"
    .port_info 11 /OUTPUT 1 "busy_tx"
    .port_info 12 /OUTPUT 1 "busy_rx"
    .port_info 13 /OUTPUT 1 "data_fulltx"
    .port_info 14 /OUTPUT 1 "data_emptytx"
    .port_info 15 /OUTPUT 1 "data_fullrx"
    .port_info 16 /OUTPUT 1 "data_emptyrx"
    .port_info 17 /OUTPUT 1 "UART_Tx"
    .port_info 18 /INPUT 1 "UART_Rx"
P_0x55b1f22bc9b0 .param/l "idle_st" 1 3 69, C4<00>;
P_0x55b1f22bc9f0 .param/l "read_st" 1 3 70, C4<01>;
P_0x55b1f22bca30 .param/l "stop_st" 1 3 72, C4<11>;
P_0x55b1f22bca70 .param/l "write_st" 1 3 71, C4<10>;
L_0x55b1f22767f0 .functor BUFZ 1, v0x55b1f22dff00_0, C4<0>, C4<0>, C4<0>;
L_0x55b1f2284790 .functor BUFZ 1, v0x55b1f22dfd80_0, C4<0>, C4<0>, C4<0>;
L_0x55b1f22848a0 .functor BUFZ 1, v0x55b1f22def60_0, C4<0>, C4<0>, C4<0>;
L_0x55b1f22e61d0 .functor BUFZ 1, v0x55b1f22dede0_0, C4<0>, C4<0>, C4<0>;
v0x55b1f22e2c80_0 .net "UART_Rx", 0 0, v0x55b1f22bb550_0;  1 drivers
v0x55b1f22e2d70_0 .net "UART_Tx", 0 0, v0x55b1f22e1f80_0;  alias, 1 drivers
v0x55b1f22e2e40_0 .var "busy_rx", 0 0;
v0x55b1f22e2f10_0 .var "busy_tx", 0 0;
v0x55b1f22e2fb0_0 .net "busyrx", 0 0, v0x55b1f22e0b80_0;  1 drivers
v0x55b1f22e3050_0 .net "busytx", 0 0, v0x55b1f22e2040_0;  1 drivers
v0x55b1f22e3120_0 .net "clk_ratio", 7 0, v0x55b1f22e5410_0;  1 drivers
v0x55b1f22e3210_0 .net "clock", 0 0, v0x55b1f22e54d0_0;  1 drivers
v0x55b1f22e3340_0 .var "curr_rx", 1 0;
v0x55b1f22e3470_0 .var "curr_tx", 1 0;
v0x55b1f22e3550_0 .net "data_emptyrx", 0 0, L_0x55b1f22e61d0;  alias, 1 drivers
v0x55b1f22e3610_0 .net "data_emptytx", 0 0, L_0x55b1f2284790;  alias, 1 drivers
v0x55b1f22e36d0_0 .net "data_fullrx", 0 0, L_0x55b1f22848a0;  alias, 1 drivers
v0x55b1f22e3790_0 .net "data_fulltx", 0 0, L_0x55b1f22767f0;  alias, 1 drivers
v0x55b1f22e3850_0 .net "data_in", 7 0, v0x55b1f22e5910_0;  1 drivers
v0x55b1f22e3910_0 .net "data_out", 7 0, v0x55b1f22a75a0_0;  alias, 1 drivers
v0x55b1f22e39e0_0 .net "data_rx", 7 0, v0x55b1f22e0e20_0;  1 drivers
v0x55b1f22e3bc0_0 .var "data_rxfifo", 7 0;
v0x55b1f22e3c90_0 .net "data_tx", 7 0, v0x55b1f22dfad0_0;  1 drivers
v0x55b1f22e3d30_0 .var "dataen_rx", 0 0;
v0x55b1f22e3dd0_0 .var "dataen_tx", 0 0;
v0x55b1f22e3ea0_0 .net "done_rx", 0 0, v0x55b1f22e1110_0;  1 drivers
v0x55b1f22e3f70_0 .net "done_tx", 0 0, v0x55b1f22e2430_0;  1 drivers
v0x55b1f22e4040_0 .net "fifo_emptyrx", 0 0, v0x55b1f22dede0_0;  1 drivers
v0x55b1f22e4110_0 .net "fifo_emptytx", 0 0, v0x55b1f22dfd80_0;  1 drivers
v0x55b1f22e41e0_0 .net "fifo_fullrx", 0 0, v0x55b1f22def60_0;  1 drivers
v0x55b1f22e42b0_0 .net "fifo_fulltx", 0 0, v0x55b1f22dff00_0;  1 drivers
v0x55b1f22e4380_0 .net "fifo_rden", 0 0, v0x55b1f22e5aa0_0;  1 drivers
v0x55b1f22e4450_0 .net "fifo_wren", 0 0, v0x55b1f22e5b90_0;  1 drivers
v0x55b1f22e4520_0 .net "parity_err", 0 0, v0x55b1f22e1290_0;  1 drivers
v0x55b1f22e45f0_0 .net "parityen", 0 0, v0x55b1f22e5c80_0;  1 drivers
v0x55b1f22e4690_0 .net "parityodd", 0 0, v0x55b1f22e5d20_0;  1 drivers
v0x55b1f22e4730_0 .var "prty_enrx", 0 0;
v0x55b1f22e4800_0 .var "prty_entx", 0 0;
v0x55b1f22e48d0_0 .var "prty_oddrx", 0 0;
v0x55b1f22e49a0_0 .var "prty_oddtx", 0 0;
v0x55b1f22e4a70_0 .net "reset_n", 0 0, v0x55b1f22e5dc0_0;  1 drivers
v0x55b1f22e4b10_0 .var "rx_start", 0 0;
v0x55b1f22e4be0_0 .net "start_rx", 0 0, v0x55b1f22e5e60_0;  1 drivers
v0x55b1f22e4c80_0 .net "start_tx", 0 0, v0x55b1f22e5f00_0;  1 drivers
v0x55b1f22e4d20_0 .var "tx_start", 0 0;
S_0x55b1f2232050 .scope module, "Fifo_rx" "Fifo" 3 81, 4 11 0, S_0x55b1f2270dd0;
 .timescale -8 -12;
    .port_info 0 /INPUT 1 "clock"
    .port_info 1 /INPUT 1 "reset_n"
    .port_info 2 /INPUT 1 "data_inen"
    .port_info 3 /INPUT 1 "data_outen"
    .port_info 4 /OUTPUT 1 "fifo_empty"
    .port_info 5 /OUTPUT 1 "fifo_full"
    .port_info 6 /INPUT 8 "data_in"
    .port_info 7 /OUTPUT 8 "data_out"
P_0x55b1f22b35c0 .param/l "DATA_SIZE" 0 4 12, +C4<00000000000000000000000000001000>;
P_0x55b1f22b3600 .param/l "FIFO_SIZE" 0 4 13, +C4<00000000000000000000000000001000>;
v0x55b1f22bb5f0_0 .net "clock", 0 0, v0x55b1f22e54d0_0;  alias, 1 drivers
v0x55b1f22b0440_0 .net "data_in", 7 0, v0x55b1f22e3bc0_0;  1 drivers
v0x55b1f22b04e0_0 .net "data_inen", 0 0, v0x55b1f22e3d30_0;  1 drivers
v0x55b1f22a75a0_0 .var "data_out", 7 0;
v0x55b1f22a7640_0 .net "data_outen", 0 0, v0x55b1f22e5aa0_0;  alias, 1 drivers
v0x55b1f2273dd0_0 .net "fifo_empty", 0 0, v0x55b1f22dede0_0;  alias, 1 drivers
v0x55b1f22dede0_0 .var "fifo_emptyreg", 0 0;
v0x55b1f22deea0_0 .net "fifo_full", 0 0, v0x55b1f22def60_0;  alias, 1 drivers
v0x55b1f22def60_0 .var "fifo_fullreg", 0 0;
v0x55b1f22df020_0 .var/i "i", 31 0;
v0x55b1f22df100 .array "memory", 0 7, 7 0;
v0x55b1f22df1c0_0 .net "reset_n", 0 0, v0x55b1f22e5dc0_0;  alias, 1 drivers
v0x55b1f22df280_0 .var "rptr", 2 0;
v0x55b1f22df360_0 .var "wptr", 2 0;
E_0x55b1f2287170/0 .event negedge, v0x55b1f22df1c0_0;
E_0x55b1f2287170/1 .event posedge, v0x55b1f22bb5f0_0;
E_0x55b1f2287170 .event/or E_0x55b1f2287170/0, E_0x55b1f2287170/1;
S_0x55b1f22df540 .scope module, "Fifo_tx" "Fifo" 3 75, 4 11 0, S_0x55b1f2270dd0;
 .timescale -8 -12;
    .port_info 0 /INPUT 1 "clock"
    .port_info 1 /INPUT 1 "reset_n"
    .port_info 2 /INPUT 1 "data_inen"
    .port_info 3 /INPUT 1 "data_outen"
    .port_info 4 /OUTPUT 1 "fifo_empty"
    .port_info 5 /OUTPUT 1 "fifo_full"
    .port_info 6 /INPUT 8 "data_in"
    .port_info 7 /OUTPUT 8 "data_out"
P_0x55b1f229cc40 .param/l "DATA_SIZE" 0 4 12, +C4<00000000000000000000000000001000>;
P_0x55b1f229cc80 .param/l "FIFO_SIZE" 0 4 13, +C4<00000000000000000000000000001000>;
v0x55b1f22df8a0_0 .net "clock", 0 0, v0x55b1f22e54d0_0;  alias, 1 drivers
v0x55b1f22df940_0 .net "data_in", 7 0, v0x55b1f22e5910_0;  alias, 1 drivers
v0x55b1f22dfa00_0 .net "data_inen", 0 0, v0x55b1f22e5b90_0;  alias, 1 drivers
v0x55b1f22dfad0_0 .var "data_out", 7 0;
v0x55b1f22dfbb0_0 .net "data_outen", 0 0, v0x55b1f22e3dd0_0;  1 drivers
v0x55b1f22dfcc0_0 .net "fifo_empty", 0 0, v0x55b1f22dfd80_0;  alias, 1 drivers
v0x55b1f22dfd80_0 .var "fifo_emptyreg", 0 0;
v0x55b1f22dfe40_0 .net "fifo_full", 0 0, v0x55b1f22dff00_0;  alias, 1 drivers
v0x55b1f22dff00_0 .var "fifo_fullreg", 0 0;
v0x55b1f22dffc0_0 .var/i "i", 31 0;
v0x55b1f22e00a0 .array "memory", 0 7, 7 0;
v0x55b1f22e0160_0 .net "reset_n", 0 0, v0x55b1f22e5dc0_0;  alias, 1 drivers
v0x55b1f22e0200_0 .var "rptr", 2 0;
v0x55b1f22e02c0_0 .var "wptr", 2 0;
S_0x55b1f22e04a0 .scope module, "rx0" "uart_rx" 3 93, 5 4 0, S_0x55b1f2270dd0;
 .timescale -8 -12;
    .port_info 0 /INPUT 1 "clk"
    .port_info 1 /INPUT 1 "reset_n"
    .port_info 2 /INPUT 8 "ratio"
    .port_info 3 /INPUT 1 "rx_enb"
    .port_info 4 /OUTPUT 1 "busy"
    .port_info 5 /OUTPUT 1 "new_data"
    .port_info 6 /OUTPUT 8 "data"
    .port_info 7 /INPUT 1 "parity_en"
    .port_info 8 /INPUT 1 "parity_odd"
    .port_info 9 /OUTPUT 1 "parity_err"
    .port_info 10 /INPUT 1 "UART_RX"
P_0x55b1f22e0650 .param/l "DATA_BITS" 0 5 7, +C4<00000000000000000000000000001000>;
P_0x55b1f22e0690 .param/l "RATIO_REG_SIZE" 0 5 6, +C4<00000000000000000000000000001000>;
P_0x55b1f22e06d0 .param/l "data_rx" 1 5 33, C4<01>;
P_0x55b1f22e0710 .param/l "idle" 1 5 32, C4<00>;
P_0x55b1f22e0750 .param/l "verify_st" 1 5 34, C4<10>;
v0x55b1f22e0aa0_0 .net "UART_RX", 0 0, v0x55b1f22bb550_0;  alias, 1 drivers
v0x55b1f22e0b80_0 .var "busy", 0 0;
v0x55b1f22e0c40_0 .net "clk", 0 0, v0x55b1f22e54d0_0;  alias, 1 drivers
v0x55b1f22e0d60_0 .var "curr_wrk", 1 0;
v0x55b1f22e0e20_0 .var "data", 7 0;
v0x55b1f22e0f50_0 .var "data_reg", 10 0;
v0x55b1f22e1030_0 .var "index", 3 0;
v0x55b1f22e1110_0 .var "new_data", 0 0;
v0x55b1f22e11d0_0 .net "parity_en", 0 0, v0x55b1f22e4730_0;  1 drivers
v0x55b1f22e1290_0 .var "parity_err", 0 0;
v0x55b1f22e1350_0 .net "parity_odd", 0 0, v0x55b1f22e48d0_0;  1 drivers
v0x55b1f22e1410_0 .var "prescaler", 7 0;
v0x55b1f22e14f0_0 .net "ratio", 7 0, v0x55b1f22e5410_0;  alias, 1 drivers
v0x55b1f22e15d0_0 .var "ratio_reg", 7 0;
v0x55b1f22e16b0_0 .net "reset_n", 0 0, v0x55b1f22e5dc0_0;  alias, 1 drivers
v0x55b1f22e1750_0 .net "rx_enb", 0 0, v0x55b1f22e4b10_0;  1 drivers
E_0x55b1f2284d10 .event posedge, v0x55b1f22df1c0_0, v0x55b1f22bb5f0_0;
S_0x55b1f22e1970 .scope module, "tx0" "uart_tx" 3 87, 6 4 0, S_0x55b1f2270dd0;
 .timescale -8 -12;
    .port_info 0 /INPUT 1 "clk"
    .port_info 1 /INPUT 1 "reset_n"
    .port_info 2 /INPUT 8 "ratio"
    .port_info 3 /INPUT 1 "tx_enb"
    .port_info 4 /OUTPUT 1 "busy"
    .port_info 5 /OUTPUT 1 "done"
    .port_info 6 /INPUT 8 "data"
    .port_info 7 /INPUT 1 "parity_en"
    .port_info 8 /INPUT 1 "parity_odd"
    .port_info 9 /OUTPUT 1 "UART_TX"
P_0x55b1f22e1b40 .param/l "DATA_BITS" 0 6 7, +C4<00000000000000000000000000001000>;
P_0x55b1f22e1b80 .param/l "RATIO_REG_SIZE" 0 6 6, +C4<00000000000000000000000000001000>;
P_0x55b1f22e1bc0 .param/l "data_tx" 1 6 32, C4<1>;
P_0x55b1f22e1c00 .param/l "idle" 1 6 31, C4<0>;
v0x55b1f22e1f80_0 .var "UART_TX", 0 0;
v0x55b1f22e2040_0 .var "busy", 0 0;
v0x55b1f22e2100_0 .net "clk", 0 0, v0x55b1f22e54d0_0;  alias, 1 drivers
v0x55b1f22e21a0_0 .var "curr_wrk", 1 0;
v0x55b1f22e2260_0 .net "data", 7 0, v0x55b1f22dfad0_0;  alias, 1 drivers
v0x55b1f22e2370_0 .var "data_reg", 10 0;
v0x55b1f22e2430_0 .var "done", 0 0;
v0x55b1f22e24f0_0 .var "index", 3 0;
v0x55b1f22e25d0_0 .net "parity_en", 0 0, v0x55b1f22e4800_0;  1 drivers
v0x55b1f22e2690_0 .net "parity_odd", 0 0, v0x55b1f22e49a0_0;  1 drivers
v0x55b1f22e2750_0 .var "prescaler", 7 0;
v0x55b1f22e2830_0 .net "ratio", 7 0, v0x55b1f22e5410_0;  alias, 1 drivers
v0x55b1f22e2920_0 .var "ratio_reg", 7 0;
v0x55b1f22e29e0_0 .net "reset_n", 0 0, v0x55b1f22e5dc0_0;  alias, 1 drivers
v0x55b1f22e2a80_0 .net "tx_enb", 0 0, v0x55b1f22e4d20_0;  1 drivers
    .scope S_0x55b1f22df540;
T_0 ;
    %pushi/vec4 0, 0, 32;
    %store/vec4 v0x55b1f22dffc0_0, 0, 32;
    %end;
    .thread T_0;
    .scope S_0x55b1f22df540;
T_1 ;
    %pushi/vec4 0, 0, 3;
    %store/vec4 v0x55b1f22e02c0_0, 0, 3;
    %pushi/vec4 0, 0, 3;
    %store/vec4 v0x55b1f22e0200_0, 0, 3;
    %pushi/vec4 1, 0, 1;
    %store/vec4 v0x55b1f22dfd80_0, 0, 1;
    %pushi/vec4 0, 0, 1;
    %store/vec4 v0x55b1f22dff00_0, 0, 1;
    %pushi/vec4 0, 0, 8;
    %store/vec4 v0x55b1f22dfad0_0, 0, 8;
    %pushi/vec4 0, 0, 32;
    %store/vec4 v0x55b1f22dffc0_0, 0, 32;
T_1.0 ;
    %load/vec4 v0x55b1f22dffc0_0;
    %cmpi/s 8, 0, 32;
    %jmp/0xz T_1.1, 5;
    %pushi/vec4 0, 0, 8;
    %ix/getv/s 4, v0x55b1f22dffc0_0;
    %store/vec4a v0x55b1f22e00a0, 4, 0;
    %load/vec4 v0x55b1f22dffc0_0;
    %addi 1, 0, 32;
    %store/vec4 v0x55b1f22dffc0_0, 0, 32;
    %jmp T_1.0;
T_1.1 ;
    %end;
    .thread T_1;
    .scope S_0x55b1f22df540;
T_2 ;
    %wait E_0x55b1f2287170;
    %load/vec4 v0x55b1f22e0160_0;
    %inv;
    %flag_set/vec4 8;
    %jmp/0xz  T_2.0, 8;
    %pushi/vec4 0, 0, 3;
    %store/vec4 v0x55b1f22e02c0_0, 0, 3;
    %pushi/vec4 0, 0, 3;
    %store/vec4 v0x55b1f22e0200_0, 0, 3;
    %pushi/vec4 1, 0, 1;
    %store/vec4 v0x55b1f22dfd80_0, 0, 1;
    %pushi/vec4 0, 0, 1;
    %store/vec4 v0x55b1f22dff00_0, 0, 1;
    %pushi/vec4 0, 0, 8;
    %store/vec4 v0x55b1f22dfad0_0, 0, 8;
    %pushi/vec4 0, 0, 32;
    %store/vec4 v0x55b1f22dffc0_0, 0, 32;
T_2.2 ;
    %load/vec4 v0x55b1f22dffc0_0;
    %cmpi/s 8, 0, 32;
    %jmp/0xz T_2.3, 5;
    %pushi/vec4 0, 0, 8;
    %ix/getv/s 4, v0x55b1f22dffc0_0;
    %store/vec4a v0x55b1f22e00a0, 4, 0;
    %load/vec4 v0x55b1f22dffc0_0;
    %addi 1, 0, 32;
    %store/vec4 v0x55b1f22dffc0_0, 0, 32;
    %jmp T_2.2;
T_2.3 ;
    %jmp T_2.1;
T_2.0 ;
    %load/vec4 v0x55b1f22dff00_0;
    %inv;
    %load/vec4 v0x55b1f22dfa00_0;
    %and;
    %flag_set/vec4 8;
    %jmp/0xz  T_2.4, 8;
    %load/vec4 v0x55b1f22df940_0;
    %load/vec4 v0x55b1f22e02c0_0;
    %pad/u 5;
    %ix/vec4 3;
    %ix/load 4, 0, 0; Constant delay
    %assign/vec4/a/d v0x55b1f22e00a0, 0, 4;
    %load/vec4 v0x55b1f22e02c0_0;
    %addi 1, 0, 3;
    %assign/vec4 v0x55b1f22e02c0_0, 0;
    %pushi/vec4 0, 0, 1;
    %assign/vec4 v0x55b1f22dfd80_0, 0;
    %load/vec4 v0x55b1f22e02c0_0;
    %addi 1, 0, 3;
    %load/vec4 v0x55b1f22e0200_0;
    %cmp/e;
    %jmp/0xz  T_2.6, 4;
    %pushi/vec4 1, 0, 1;
    %assign/vec4 v0x55b1f22dff00_0, 0;
    %jmp T_2.7;
T_2.6 ;
    %pushi/vec4 0, 0, 1;
    %assign/vec4 v0x55b1f22dff00_0, 0;
T_2.7 ;
T_2.4 ;
    %load/vec4 v0x55b1f22dfd80_0;
    %inv;
    %load/vec4 v0x55b1f22dfbb0_0;
    %and;
    %flag_set/vec4 8;
    %jmp/0xz  T_2.8, 8;
    %load/vec4 v0x55b1f22e0200_0;
    %pad/u 5;
    %ix/vec4 4;
    %load/vec4a v0x55b1f22e00a0, 4;
    %assign/vec4 v0x55b1f22dfad0_0, 0;
    %load/vec4 v0x55b1f22e0200_0;
    %addi 1, 0, 3;
    %assign/vec4 v0x55b1f22e0200_0, 0;
    %pushi/vec4 0, 0, 1;
    %assign/vec4 v0x55b1f22dff00_0, 0;
    %load/vec4 v0x55b1f22e0200_0;
    %addi 1, 0, 3;
    %load/vec4 v0x55b1f22e02c0_0;
    %cmp/e;
    %jmp/0xz  T_2.10, 4;
    %pushi/vec4 1, 0, 1;
    %assign/vec4 v0x55b1f22dfd80_0, 0;
    %jmp T_2.11;
T_2.10 ;
    %pushi/vec4 0, 0, 1;
    %assign/vec4 v0x55b1f22dfd80_0, 0;
T_2.11 ;
T_2.8 ;
T_2.1 ;
    %jmp T_2;
    .thread T_2;
    .scope S_0x55b1f2232050;
T_3 ;
    %pushi/vec4 0, 0, 32;
    %store/vec4 v0x55b1f22df020_0, 0, 32;
    %end;
    .thread T_3;
    .scope S_0x55b1f2232050;
T_4 ;
    %pushi/vec4 0, 0, 3;
    %store/vec4 v0x55b1f22df360_0, 0, 3;
    %pushi/vec4 0, 0, 3;
    %store/vec4 v0x55b1f22df280_0, 0, 3;
    %pushi/vec4 1, 0, 1;
    %store/vec4 v0x55b1f22dede0_0, 0, 1;
    %pushi/vec4 0, 0, 1;
    %store/vec4 v0x55b1f22def60_0, 0, 1;
    %pushi/vec4 0, 0, 8;
    %store/vec4 v0x55b1f22a75a0_0, 0, 8;
    %pushi/vec4 0, 0, 32;
    %store/vec4 v0x55b1f22df020_0, 0, 32;
T_4.0 ;
    %load/vec4 v0x55b1f22df020_0;
    %cmpi/s 8, 0, 32;
    %jmp/0xz T_4.1, 5;
    %pushi/vec4 0, 0, 8;
    %ix/getv/s 4, v0x55b1f22df020_0;
    %store/vec4a v0x55b1f22df100, 4, 0;
    %load/vec4 v0x55b1f22df020_0;
    %addi 1, 0, 32;
    %store/vec4 v0x55b1f22df020_0, 0, 32;
    %jmp T_4.0;
T_4.1 ;
    %end;
    .thread T_4;
    .scope S_0x55b1f2232050;
T_5 ;
    %wait E_0x55b1f2287170;
    %load/vec4 v0x55b1f22df1c0_0;
    %inv;
    %flag_set/vec4 8;
    %jmp/0xz  T_5.0, 8;
    %pushi/vec4 0, 0, 3;
    %store/vec4 v0x55b1f22df360_0, 0, 3;
    %pushi/vec4 0, 0, 3;
    %store/vec4 v0x55b1f22df280_0, 0, 3;
    %pushi/vec4 1, 0, 1;
    %store/vec4 v0x55b1f22dede0_0, 0, 1;
    %pushi/vec4 0, 0, 1;
    %store/vec4 v0x55b1f22def60_0, 0, 1;
    %pushi/vec4 0, 0, 8;
    %store/vec4 v0x55b1f22a75a0_0, 0, 8;
    %pushi/vec4 0, 0, 32;
    %store/vec4 v0x55b1f22df020_0, 0, 32;
T_5.2 ;
    %load/vec4 v0x55b1f22df020_0;
    %cmpi/s 8, 0, 32;
    %jmp/0xz T_5.3, 5;
    %pushi/vec4 0, 0, 8;
    %ix/getv/s 4, v0x55b1f22df020_0;
    %store/vec4a v0x55b1f22df100, 4, 0;
    %load/vec4 v0x55b1f22df020_0;
    %addi 1, 0, 32;
    %store/vec4 v0x55b1f22df020_0, 0, 32;
    %jmp T_5.2;
T_5.3 ;
    %jmp T_5.1;
T_5.0 ;
    %load/vec4 v0x55b1f22def60_0;
    %inv;
    %load/vec4 v0x55b1f22b04e0_0;
    %and;
    %flag_set/vec4 8;
    %jmp/0xz  T_5.4, 8;
    %load/vec4 v0x55b1f22b0440_0;
    %load/vec4 v0x55b1f22df360_0;
    %pad/u 5;
    %ix/vec4 3;
    %ix/load 4, 0, 0; Constant delay
    %assign/vec4/a/d v0x55b1f22df100, 0, 4;
    %load/vec4 v0x55b1f22df360_0;
    %addi 1, 0, 3;
    %assign/vec4 v0x55b1f22df360_0, 0;
    %pushi/vec4 0, 0, 1;
    %assign/vec4 v0x55b1f22dede0_0, 0;
    %load/vec4 v0x55b1f22df360_0;
    %addi 1, 0, 3;
    %load/vec4 v0x55b1f22df280_0;
    %cmp/e;
    %jmp/0xz  T_5.6, 4;
    %pushi/vec4 1, 0, 1;
    %assign/vec4 v0x55b1f22def60_0, 0;
    %jmp T_5.7;
T_5.6 ;
    %pushi/vec4 0, 0, 1;
    %assign/vec4 v0x55b1f22def60_0, 0;
T_5.7 ;
T_5.4 ;
    %load/vec4 v0x55b1f22dede0_0;
    %inv;
    %load/vec4 v0x55b1f22a7640_0;
    %and;
    %flag_set/vec4 8;
    %jmp/0xz  T_5.8, 8;
    %load/vec4 v0x55b1f22df280_0;
    %pad/u 5;
    %ix/vec4 4;
    %load/vec4a v0x55b1f22df100, 4;
    %assign/vec4 v0x55b1f22a75a0_0, 0;
    %load/vec4 v0x55b1f22df280_0;
    %addi 1, 0, 3;
    %assign/vec4 v0x55b1f22df280_0, 0;
    %pushi/vec4 0, 0, 1;
    %assign/vec4 v0x55b1f22def60_0, 0;
    %load/vec4 v0x55b1f22df280_0;
    %addi 1, 0, 3;
    %load/vec4 v0x55b1f22df360_0;
    %cmp/e;
    %jmp/0xz  T_5.10, 4;
    %pushi/vec4 1, 0, 1;
    %assign/vec4 v0x55b1f22dede0_0, 0;
    %jmp T_5.11;
T_5.10 ;
    %pushi/vec4 0, 0, 1;
    %assign/vec4 v0x55b1f22dede0_0, 0;
T_5.11 ;
T_5.8 ;
T_5.1 ;
    %jmp T_5;
    .thread T_5;
    .scope S_0x55b1f22e1970;
T_6 ;
    %pushi/vec4 0, 0, 2;
    %store/vec4 v0x55b1f22e21a0_0, 0, 2;
    %end;
    .thread T_6;
    .scope S_0x55b1f22e1970;
T_7 ;
    %wait E_0x55b1f2284d10;
    %load/vec4 v0x55b1f22e29e0_0;
    %inv;
    %flag_set/vec4 8;
    %jmp/0xz  T_7.0, 8;
    %pushi/vec4 0, 0, 8;
    %assign/vec4 v0x55b1f22e2750_0, 0;
    %pushi/vec4 0, 0, 8;
    %assign/vec4 v0x55b1f22e2920_0, 0;
    %pushi/vec4 0, 0, 11;
    %assign/vec4 v0x55b1f22e2370_0, 0;
    %pushi/vec4 0, 0, 4;
    %assign/vec4 v0x55b1f22e24f0_0, 0;
    %pushi/vec4 0, 0, 1;
    %assign/vec4 v0x55b1f22e2040_0, 0;
    %pushi/vec4 0, 0, 1;
    %assign/vec4 v0x55b1f22e2430_0, 0;
    %pushi/vec4 1, 0, 1;
    %assign/vec4 v0x55b1f22e1f80_0, 0;
    %pushi/vec4 0, 0, 2;
    %assign/vec4 v0x55b1f22e21a0_0, 0;
    %jmp T_7.1;
T_7.0 ;
    %load/vec4 v0x55b1f22e21a0_0;
    %dup/vec4;
    %pushi/vec4 0, 0, 2;
    %cmp/u;
    %jmp/1 T_7.2, 6;
    %dup/vec4;
    %pushi/vec4 1, 0, 2;
    %cmp/u;
    %jmp/1 T_7.3, 6;
    %jmp T_7.4;
T_7.2 ;
    %pushi/vec4 0, 0, 8;
    %assign/vec4 v0x55b1f22e2750_0, 0;
    %pushi/vec4 0, 0, 8;
    %assign/vec4 v0x55b1f22e2920_0, 0;
    %pushi/vec4 0, 0, 11;
    %assign/vec4 v0x55b1f22e2370_0, 0;
    %pushi/vec4 0, 0, 4;
    %assign/vec4 v0x55b1f22e24f0_0, 0;
    %pushi/vec4 0, 0, 1;
    %assign/vec4 v0x55b1f22e2040_0, 0;
    %pushi/vec4 0, 0, 1;
    %assign/vec4 v0x55b1f22e2430_0, 0;
    %pushi/vec4 1, 0, 1;
    %assign/vec4 v0x55b1f22e1f80_0, 0;
    %load/vec4 v0x55b1f22e2a80_0;
    %flag_set/vec4 8;
    %jmp/0xz  T_7.5, 8;
    %load/vec4 v0x55b1f22e2830_0;
    %assign/vec4 v0x55b1f22e2920_0, 0;
    %pushi/vec4 0, 0, 1;
    %ix/load 4, 0, 0;
    %ix/load 5, 0, 0;
    %flag_set/imm 4, 0;
    %assign/vec4/off/d v0x55b1f22e2370_0, 4, 5;
    %load/vec4 v0x55b1f22e2260_0;
    %ix/load 4, 1, 0;
    %ix/load 5, 0, 0;
    %flag_set/imm 4, 0;
    %assign/vec4/off/d v0x55b1f22e2370_0, 4, 5;
    %pushi/vec4 1, 0, 1;
    %ix/load 4, 10, 0;
    %ix/load 5, 0, 0;
    %flag_set/imm 4, 0;
    %assign/vec4/off/d v0x55b1f22e2370_0, 4, 5;
    %load/vec4 v0x55b1f22e25d0_0;
    %flag_set/vec4 8;
    %jmp/0xz  T_7.7, 8;
    %load/vec4 v0x55b1f22e2690_0;
    %flag_set/vec4 8;
    %jmp/0xz  T_7.9, 8;
    %load/vec4 v0x55b1f22e2260_0;
    %xor/r;
    %inv;
    %ix/load 4, 9, 0;
    %ix/load 5, 0, 0;
    %flag_set/imm 4, 0;
    %assign/vec4/off/d v0x55b1f22e2370_0, 4, 5;
    %jmp T_7.10;
T_7.9 ;
    %load/vec4 v0x55b1f22e2260_0;
    %xor/r;
    %ix/load 4, 9, 0;
    %ix/load 5, 0, 0;
    %flag_set/imm 4, 0;
    %assign/vec4/off/d v0x55b1f22e2370_0, 4, 5;
T_7.10 ;
    %jmp T_7.8;
T_7.7 ;
    %pushi/vec4 1, 0, 1;
    %ix/load 4, 9, 0;
    %ix/load 5, 0, 0;
    %flag_set/imm 4, 0;
    %assign/vec4/off/d v0x55b1f22e2370_0, 4, 5;
T_7.8 ;
    %pushi/vec4 1, 0, 1;
    %assign/vec4 v0x55b1f22e2040_0, 0;
    %pushi/vec4 1, 0, 2;
    %assign/vec4 v0x55b1f22e21a0_0, 0;
T_7.5 ;
    %jmp T_7.4;
T_7.3 ;
    %load/vec4 v0x55b1f22e2750_0;
    %pad/u 32;
    %load/vec4 v0x55b1f22e2920_0;
    %pad/u 32;
    %subi 1, 0, 32;
    %cmp/u;
    %jmp/0xz  T_7.11, 5;
    %load/vec4 v0x55b1f22e2750_0;
    %addi 1, 0, 8;
    %assign/vec4 v0x55b1f22e2750_0, 0;
    %jmp T_7.12;
T_7.11 ;
    %pushi/vec4 0, 0, 8;
    %assign/vec4 v0x55b1f22e2750_0, 0;
T_7.12 ;
    %load/vec4 v0x55b1f22e2750_0;
    %load/vec4 v0x55b1f22e2920_0;
    %ix/load 4, 1, 0;
    %flag_set/imm 4, 0;
    %shiftr 4;
    %cmp/e;
    %jmp/0xz  T_7.13, 4;
    %load/vec4 v0x55b1f22e24f0_0;
    %pad/u 32;
    %cmpi/u 11, 0, 32;
    %jmp/0xz  T_7.15, 5;
    %load/vec4 v0x55b1f22e2370_0;
    %load/vec4 v0x55b1f22e24f0_0;
    %part/u 1;
    %assign/vec4 v0x55b1f22e1f80_0, 0;
    %load/vec4 v0x55b1f22e24f0_0;
    %addi 1, 0, 4;
    %assign/vec4 v0x55b1f22e24f0_0, 0;
    %load/vec4 v0x55b1f22e25d0_0;
    %inv;
    %load/vec4 v0x55b1f22e24f0_0;
    %pad/u 32;
    %pushi/vec4 9, 0, 32;
    %cmp/e;
    %flag_get/vec4 4;
    %and;
    %flag_set/vec4 8;
    %jmp/0xz  T_7.17, 8;
    %pushi/vec4 1, 0, 1;
    %assign/vec4 v0x55b1f22e2430_0, 0;
    %pushi/vec4 0, 0, 2;
    %assign/vec4 v0x55b1f22e21a0_0, 0;
T_7.17 ;
    %jmp T_7.16;
T_7.15 ;
    %pushi/vec4 1, 0, 1;
    %assign/vec4 v0x55b1f22e2430_0, 0;
    %pushi/vec4 0, 0, 2;
    %assign/vec4 v0x55b1f22e21a0_0, 0;
T_7.16 ;
T_7.13 ;
    %jmp T_7.4;
T_7.4 ;
    %pop/vec4 1;
T_7.1 ;
    %jmp T_7;
    .thread T_7;
    .scope S_0x55b1f22e04a0;
T_8 ;
    %pushi/vec4 0, 0, 2;
    %store/vec4 v0x55b1f22e0d60_0, 0, 2;
    %end;
    .thread T_8;
    .scope S_0x55b1f22e04a0;
T_9 ;
    %wait E_0x55b1f2284d10;
    %load/vec4 v0x55b1f22e16b0_0;
    %inv;
    %flag_set/vec4 8;
    %jmp/0xz  T_9.0, 8;
    %pushi/vec4 0, 0, 8;
    %assign/vec4 v0x55b1f22e1410_0, 0;
    %pushi/vec4 0, 0, 8;
    %assign/vec4 v0x55b1f22e15d0_0, 0;
    %pushi/vec4 0, 0, 11;
    %assign/vec4 v0x55b1f22e0f50_0, 0;
    %pushi/vec4 0, 0, 4;
    %assign/vec4 v0x55b1f22e1030_0, 0;
    %pushi/vec4 0, 0, 1;
    %assign/vec4 v0x55b1f22e0b80_0, 0;
    %pushi/vec4 0, 0, 1;
    %assign/vec4 v0x55b1f22e1110_0, 0;
    %pushi/vec4 0, 0, 8;
    %store/vec4 v0x55b1f22e0e20_0, 0, 8;
    %pushi/vec4 0, 0, 1;
    %store/vec4 v0x55b1f22e1290_0, 0, 1;
    %pushi/vec4 0, 0, 2;
    %assign/vec4 v0x55b1f22e0d60_0, 0;
    %jmp T_9.1;
T_9.0 ;
    %load/vec4 v0x55b1f22e0d60_0;
    %dup/vec4;
    %pushi/vec4 0, 0, 2;
    %cmp/u;
    %jmp/1 T_9.2, 6;
    %dup/vec4;
    %pushi/vec4 1, 0, 2;
    %cmp/u;
    %jmp/1 T_9.3, 6;
    %dup/vec4;
    %pushi/vec4 2, 0, 2;
    %cmp/u;
    %jmp/1 T_9.4, 6;
    %pushi/vec4 0, 0, 2;
    %assign/vec4 v0x55b1f22e0d60_0, 0;
    %jmp T_9.6;
T_9.2 ;
    %pushi/vec4 0, 0, 8;
    %assign/vec4 v0x55b1f22e1410_0, 0;
    %pushi/vec4 0, 0, 8;
    %assign/vec4 v0x55b1f22e15d0_0, 0;
    %pushi/vec4 0, 0, 11;
    %assign/vec4 v0x55b1f22e0f50_0, 0;
    %pushi/vec4 0, 0, 4;
    %assign/vec4 v0x55b1f22e1030_0, 0;
    %pushi/vec4 0, 0, 1;
    %assign/vec4 v0x55b1f22e0b80_0, 0;
    %pushi/vec4 0, 0, 1;
    %assign/vec4 v0x55b1f22e1110_0, 0;
    %pushi/vec4 0, 0, 1;
    %store/vec4 v0x55b1f22e1290_0, 0, 1;
    %load/vec4 v0x55b1f22e0aa0_0;
    %inv;
    %load/vec4 v0x55b1f22e1750_0;
    %and;
    %flag_set/vec4 8;
    %jmp/0xz  T_9.7, 8;
    %load/vec4 v0x55b1f22e14f0_0;
    %assign/vec4 v0x55b1f22e15d0_0, 0;
    %pushi/vec4 1, 0, 1;
    %assign/vec4 v0x55b1f22e0b80_0, 0;
    %pushi/vec4 1, 0, 2;
    %assign/vec4 v0x55b1f22e0d60_0, 0;
T_9.7 ;
    %jmp T_9.6;
T_9.3 ;
    %load/vec4 v0x55b1f22e1410_0;
    %pad/u 32;
    %load/vec4 v0x55b1f22e15d0_0;
    %pad/u 32;
    %subi 1, 0, 32;
    %cmp/u;
    %jmp/0xz  T_9.9, 5;
    %load/vec4 v0x55b1f22e1410_0;
    %addi 1, 0, 8;
    %assign/vec4 v0x55b1f22e1410_0, 0;
    %jmp T_9.10;
T_9.9 ;
    %pushi/vec4 0, 0, 8;
    %assign/vec4 v0x55b1f22e1410_0, 0;
T_9.10 ;
    %load/vec4 v0x55b1f22e1410_0;
    %load/vec4 v0x55b1f22e15d0_0;
    %ix/load 4, 1, 0;
    %flag_set/imm 4, 0;
    %shiftr 4;
    %cmp/e;
    %jmp/0xz  T_9.11, 4;
    %load/vec4 v0x55b1f22e1030_0;
    %pad/u 32;
    %cmpi/u 11, 0, 32;
    %jmp/0xz  T_9.13, 5;
    %load/vec4 v0x55b1f22e0aa0_0;
    %ix/load 5, 0, 0;
    %ix/getv 4, v0x55b1f22e1030_0;
    %assign/vec4/off/d v0x55b1f22e0f50_0, 4, 5;
    %load/vec4 v0x55b1f22e1030_0;
    %addi 1, 0, 4;
    %assign/vec4 v0x55b1f22e1030_0, 0;
    %load/vec4 v0x55b1f22e11d0_0;
    %inv;
    %load/vec4 v0x55b1f22e1030_0;
    %pad/u 32;
    %pushi/vec4 9, 0, 32;
    %cmp/e;
    %flag_get/vec4 4;
    %and;
    %flag_set/vec4 8;
    %jmp/0xz  T_9.15, 8;
    %load/vec4 v0x55b1f22e0aa0_0;
    %flag_set/vec4 8;
    %jmp/0xz  T_9.17, 8;
    %pushi/vec4 2, 0, 2;
    %assign/vec4 v0x55b1f22e0d60_0, 0;
    %jmp T_9.18;
T_9.17 ;
    %pushi/vec4 0, 0, 2;
    %assign/vec4 v0x55b1f22e0d60_0, 0;
T_9.18 ;
T_9.15 ;
    %jmp T_9.14;
T_9.13 ;
    %load/vec4 v0x55b1f22e0aa0_0;
    %flag_set/vec4 8;
    %jmp/0xz  T_9.19, 8;
    %pushi/vec4 2, 0, 2;
    %assign/vec4 v0x55b1f22e0d60_0, 0;
    %jmp T_9.20;
T_9.19 ;
    %pushi/vec4 0, 0, 2;
    %assign/vec4 v0x55b1f22e0d60_0, 0;
T_9.20 ;
T_9.14 ;
T_9.11 ;
    %jmp T_9.6;
T_9.4 ;
    %load/vec4 v0x55b1f22e0f50_0;
    %parti/s 8, 1, 2;
    %assign/vec4 v0x55b1f22e0e20_0, 0;
    %load/vec4 v0x55b1f22e11d0_0;
    %flag_set/vec4 8;
    %jmp/0xz  T_9.21, 8;
    %load/vec4 v0x55b1f22e1350_0;
    %flag_set/vec4 8;
    %jmp/0xz  T_9.23, 8;
    %load/vec4 v0x55b1f22e0f50_0;
    %parti/s 1, 9, 5;
    %load/vec4 v0x55b1f22e0f50_0;
    %parti/s 8, 1, 2;
    %xor/r;
    %inv;
    %cmp/e;
    %flag_mov 8, 4;
    %jmp/0 T_9.25, 8;
    %pushi/vec4 0, 0, 1;
    %jmp/1 T_9.26, 8;
T_9.25 ; End of true expr.
    %pushi/vec4 1, 0, 1;
    %jmp/0 T_9.26, 8;
 ; End of false expr.
    %blend;
T_9.26;
    %store/vec4 v0x55b1f22e1290_0, 0, 1;
    %jmp T_9.24;
T_9.23 ;
    %load/vec4 v0x55b1f22e0f50_0;
    %parti/s 1, 9, 5;
    %load/vec4 v0x55b1f22e0f50_0;
    %parti/s 8, 1, 2;
    %xor/r;
    %cmp/e;
    %flag_mov 8, 4;
    %jmp/0 T_9.27, 8;
    %pushi/vec4 0, 0, 1;
    %jmp/1 T_9.28, 8;
T_9.27 ; End of true expr.
    %pushi/vec4 1, 0, 1;
    %jmp/0 T_9.28, 8;
 ; End of false expr.
    %blend;
T_9.28;
    %store/vec4 v0x55b1f22e1290_0, 0, 1;
T_9.24 ;
T_9.21 ;
    %pushi/vec4 1, 0, 1;
    %assign/vec4 v0x55b1f22e1110_0, 0;
    %pushi/vec4 0, 0, 2;
    %assign/vec4 v0x55b1f22e0d60_0, 0;
    %jmp T_9.6;
T_9.6 ;
    %pop/vec4 1;
T_9.1 ;
    %jmp T_9;
    .thread T_9;
    .scope S_0x55b1f2270dd0;
T_10 ;
    %pushi/vec4 0, 0, 1;
    %store/vec4 v0x55b1f22e2f10_0, 0, 1;
    %pushi/vec4 0, 0, 1;
    %store/vec4 v0x55b1f22e2e40_0, 0, 1;
    %pushi/vec4 0, 0, 1;
    %store/vec4 v0x55b1f22e3dd0_0, 0, 1;
    %pushi/vec4 0, 0, 1;
    %store/vec4 v0x55b1f22e4d20_0, 0, 1;
    %pushi/vec4 0, 0, 1;
    %store/vec4 v0x55b1f22e4800_0, 0, 1;
    %pushi/vec4 0, 0, 1;
    %store/vec4 v0x55b1f22e49a0_0, 0, 1;
    %pushi/vec4 0, 0, 1;
    %store/vec4 v0x55b1f22e3d30_0, 0, 1;
    %pushi/vec4 0, 0, 1;
    %store/vec4 v0x55b1f22e4b10_0, 0, 1;
    %pushi/vec4 0, 0, 1;
    %store/vec4 v0x55b1f22e4730_0, 0, 1;
    %pushi/vec4 0, 0, 1;
    %store/vec4 v0x55b1f22e48d0_0, 0, 1;
    %pushi/vec4 0, 0, 2;
    %store/vec4 v0x55b1f22e3470_0, 0, 2;
    %pushi/vec4 0, 0, 2;
    %store/vec4 v0x55b1f22e3340_0, 0, 2;
    %pushi/vec4 0, 0, 8;
    %store/vec4 v0x55b1f22e3bc0_0, 0, 8;
    %end;
    .thread T_10;
    .scope S_0x55b1f2270dd0;
T_11 ;
    %wait E_0x55b1f2287170;
    %load/vec4 v0x55b1f22e4a70_0;
    %inv;
    %flag_set/vec4 8;
    %jmp/0xz  T_11.0, 8;
    %pushi/vec4 0, 0, 2;
    %store/vec4 v0x55b1f22e3470_0, 0, 2;
    %pushi/vec4 0, 0, 2;
    %store/vec4 v0x55b1f22e3340_0, 0, 2;
    %jmp T_11.1;
T_11.0 ;
    %load/vec4 v0x55b1f22e3470_0;
    %dup/vec4;
    %pushi/vec4 0, 0, 2;
    %cmp/u;
    %jmp/1 T_11.2, 6;
    %dup/vec4;
    %pushi/vec4 1, 0, 2;
    %cmp/u;
    %jmp/1 T_11.3, 6;
    %dup/vec4;
    %pushi/vec4 2, 0, 2;
    %cmp/u;
    %jmp/1 T_11.4, 6;
    %dup/vec4;
    %pushi/vec4 3, 0, 2;
    %cmp/u;
    %jmp/1 T_11.5, 6;
    %jmp T_11.6;
T_11.2 ;
    %pushi/vec4 0, 0, 1;
    %assign/vec4 v0x55b1f22e2f10_0, 0;
    %pushi/vec4 0, 0, 1;
    %assign/vec4 v0x55b1f22e3dd0_0, 0;
    %pushi/vec4 0, 0, 1;
    %assign/vec4 v0x55b1f22e4d20_0, 0;
    %pushi/vec4 0, 0, 1;
    %assign/vec4 v0x55b1f22e4800_0, 0;
    %pushi/vec4 0, 0, 1;
    %assign/vec4 v0x55b1f22e49a0_0, 0;
    %load/vec4 v0x55b1f22e4c80_0;
    %load/vec4 v0x55b1f22e4110_0;
    %inv;
    %and;
    %flag_set/vec4 8;
    %jmp/0xz  T_11.7, 8;
    %load/vec4 v0x55b1f22e45f0_0;
    %assign/vec4 v0x55b1f22e4800_0, 0;
    %load/vec4 v0x55b1f22e4690_0;
    %assign/vec4 v0x55b1f22e49a0_0, 0;
    %pushi/vec4 1, 0, 1;
    %assign/vec4 v0x55b1f22e2f10_0, 0;
    %pushi/vec4 1, 0, 2;
    %assign/vec4 v0x55b1f22e3470_0, 0;
T_11.7 ;
    %jmp T_11.6;
T_11.3 ;
    %load/vec4 v0x55b1f22e3050_0;
    %inv;
    %flag_set/vec4 8;
    %jmp/0xz  T_11.9, 8;
    %pushi/vec4 1, 0, 1;
    %assign/vec4 v0x55b1f22e3dd0_0, 0;
    %pushi/vec4 2, 0, 2;
    %assign/vec4 v0x55b1f22e3470_0, 0;
T_11.9 ;
    %jmp T_11.6;
T_11.4 ;
    %pushi/vec4 0, 0, 1;
    %assign/vec4 v0x55b1f22e3dd0_0, 0;
    %pushi/vec4 1, 0, 1;
    %assign/vec4 v0x55b1f22e4d20_0, 0;
    %pushi/vec4 3, 0, 2;
    %assign/vec4 v0x55b1f22e3470_0, 0;
    %jmp T_11.6;
T_11.5 ;
    %pushi/vec4 0, 0, 1;
    %assign/vec4 v0x55b1f22e3dd0_0, 0;
    %pushi/vec4 0, 0, 1;
    %assign/vec4 v0x55b1f22e4d20_0, 0;
    %load/vec4 v0x55b1f22e3f70_0;
    %flag_set/vec4 8;
    %jmp/0xz  T_11.11, 8;
    %load/vec4 v0x55b1f22e4110_0;
    %flag_set/vec4 8;
    %jmp/0xz  T_11.13, 8;
    %pushi/vec4 0, 0, 2;
    %assign/vec4 v0x55b1f22e3470_0, 0;
    %jmp T_11.14;
T_11.13 ;
    %pushi/vec4 1, 0, 2;
    %assign/vec4 v0x55b1f22e3470_0, 0;
T_11.14 ;
T_11.11 ;
    %jmp T_11.6;
T_11.6 ;
    %pop/vec4 1;
    %load/vec4 v0x55b1f22e3340_0;
    %dup/vec4;
    %pushi/vec4 0, 0, 2;
    %cmp/u;
    %jmp/1 T_11.15, 6;
    %dup/vec4;
    %pushi/vec4 1, 0, 2;
    %cmp/u;
    %jmp/1 T_11.16, 6;
    %dup/vec4;
    %pushi/vec4 2, 0, 2;
    %cmp/u;
    %jmp/1 T_11.17, 6;
    %dup/vec4;
    %pushi/vec4 3, 0, 2;
    %cmp/u;
    %jmp/1 T_11.18, 6;
    %jmp T_11.19;
T_11.15 ;
    %pushi/vec4 0, 0, 1;
    %assign/vec4 v0x55b1f22e2e40_0, 0;
    %pushi/vec4 0, 0, 1;
    %assign/vec4 v0x55b1f22e3d30_0, 0;
    %pushi/vec4 0, 0, 1;
    %assign/vec4 v0x55b1f22e4b10_0, 0;
    %pushi/vec4 0, 0, 1;
    %assign/vec4 v0x55b1f22e4730_0, 0;
    %pushi/vec4 0, 0, 1;
    %assign/vec4 v0x55b1f22e48d0_0, 0;
    %pushi/vec4 0, 0, 8;
    %assign/vec4 v0x55b1f22e3bc0_0, 0;
    %load/vec4 v0x55b1f22e4be0_0;
    %load/vec4 v0x55b1f22e41e0_0;
    %inv;
    %and;
    %flag_set/vec4 8;
    %jmp/0xz  T_11.20, 8;
    %load/vec4 v0x55b1f22e45f0_0;
    %assign/vec4 v0x55b1f22e4730_0, 0;
    %load/vec4 v0x55b1f22e4690_0;
    %assign/vec4 v0x55b1f22e48d0_0, 0;
    %pushi/vec4 1, 0, 1;
    %assign/vec4 v0x55b1f22e4b10_0, 0;
    %pushi/vec4 1, 0, 2;
    %assign/vec4 v0x55b1f22e3340_0, 0;
T_11.20 ;
    %jmp T_11.19;
T_11.16 ;
    %load/vec4 v0x55b1f22e2fb0_0;
    %load/vec4 v0x55b1f22e3ea0_0;
    %and;
    %flag_set/vec4 8;
    %jmp/0xz  T_11.22, 8;
    %load/vec4 v0x55b1f22e4520_0;
    %inv;
    %flag_set/vec4 8;
    %jmp/0xz  T_11.24, 8;
    %pushi/vec4 1, 0, 1;
    %assign/vec4 v0x55b1f22e3d30_0, 0;
    %load/vec4 v0x55b1f22e39e0_0;
    %assign/vec4 v0x55b1f22e3bc0_0, 0;
T_11.24 ;
    %pushi/vec4 2, 0, 2;
    %assign/vec4 v0x55b1f22e3340_0, 0;
T_11.22 ;
    %load/vec4 v0x55b1f22e2fb0_0;
    %flag_set/vec4 8;
    %jmp/0xz  T_11.26, 8;
    %pushi/vec4 1, 0, 1;
    %assign/vec4 v0x55b1f22e2e40_0, 0;
    %jmp T_11.27;
T_11.26 ;
    %pushi/vec4 0, 0, 1;
    %assign/vec4 v0x55b1f22e2e40_0, 0;
T_11.27 ;
    %jmp T_11.19;
T_11.17 ;
    %pushi/vec4 0, 0, 1;
    %assign/vec4 v0x55b1f22e3d30_0, 0;
    %pushi/vec4 0, 0, 1;
    %assign/vec4 v0x55b1f22e2e40_0, 0;
    %pushi/vec4 3, 0, 2;
    %assign/vec4 v0x55b1f22e3340_0, 0;
    %jmp T_11.19;
T_11.18 ;
    %load/vec4 v0x55b1f22e4be0_0;
    %load/vec4 v0x55b1f22e41e0_0;
    %inv;
    %and;
    %flag_set/vec4 8;
    %jmp/0xz  T_11.28, 8;
    %pushi/vec4 1, 0, 2;
    %assign/vec4 v0x55b1f22e3340_0, 0;
    %jmp T_11.29;
T_11.28 ;
    %pushi/vec4 0, 0, 2;
    %assign/vec4 v0x55b1f22e3340_0, 0;
T_11.29 ;
    %jmp T_11.19;
T_11.19 ;
    %pop/vec4 1;
T_11.1 ;
    %jmp T_11;
    .thread T_11;
    .scope S_0x55b1f2270c50;
T_12 ;
    %pushi/vec4 0, 0, 1;
    %store/vec4 v0x55b1f22e54d0_0, 0, 1;
    %pushi/vec4 0, 0, 1;
    %store/vec4 v0x55b1f22e5dc0_0, 0, 1;
    %pushi/vec4 0, 0, 1;
    %store/vec4 v0x55b1f22e5f00_0, 0, 1;
    %pushi/vec4 0, 0, 1;
    %store/vec4 v0x55b1f22e5e60_0, 0, 1;
    %pushi/vec4 0, 0, 1;
    %store/vec4 v0x55b1f22e5b90_0, 0, 1;
    %pushi/vec4 0, 0, 1;
    %store/vec4 v0x55b1f22e5aa0_0, 0, 1;
    %pushi/vec4 0, 0, 1;
    %store/vec4 v0x55b1f22e5c80_0, 0, 1;
    %pushi/vec4 0, 0, 1;
    %store/vec4 v0x55b1f22e5d20_0, 0, 1;
    %pushi/vec4 0, 0, 1;
    %store/vec4 v0x55b1f22bb550_0, 0, 1;
    %pushi/vec4 0, 0, 8;
    %store/vec4 v0x55b1f22e5410_0, 0, 8;
    %pushi/vec4 0, 0, 8;
    %store/vec4 v0x55b1f22e5910_0, 0, 8;
    %end;
    .thread T_12;
    .scope S_0x55b1f2270c50;
T_13 ;
    %delay 10000, 0;
    %load/vec4 v0x55b1f22e54d0_0;
    %inv;
    %assign/vec4 v0x55b1f22e54d0_0, 0;
    %jmp T_13;
    .thread T_13;
    .scope S_0x55b1f2270c50;
T_14 ;
    %wait E_0x55b1f2287580;
    %load/vec4 v0x55b1f22e4f70_0;
    %assign/vec4 v0x55b1f22bb550_0, 0;
    %jmp T_14;
    .thread T_14;
    .scope S_0x55b1f2270c50;
T_15 ;
    %delay 100000, 0;
    %pushi/vec4 1, 0, 1;
    %store/vec4 v0x55b1f22e5dc0_0, 0, 1;
    %delay 20000, 0;
    %pushi/vec4 8, 0, 8;
    %store/vec4 v0x55b1f22e5410_0, 0, 8;
    %pushi/vec4 1, 0, 1;
    %store/vec4 v0x55b1f22e5c80_0, 0, 1;
    %pushi/vec4 1, 0, 1;
    %store/vec4 v0x55b1f22e5d20_0, 0, 1;
    %delay 20000, 0;
    %pushi/vec4 165, 0, 8;
    %store/vec4 v0x55b1f22e5910_0, 0, 8;
    %pushi/vec4 1, 0, 1;
    %store/vec4 v0x55b1f22e5b90_0, 0, 1;
    %delay 20000, 0;
    %pushi/vec4 33, 0, 8;
    %store/vec4 v0x55b1f22e5910_0, 0, 8;
    %delay 20000, 0;
    %pushi/vec4 61, 0, 8;
    %store/vec4 v0x55b1f22e5910_0, 0, 8;
    %delay 20000, 0;
    %pushi/vec4 0, 0, 1;
    %store/vec4 v0x55b1f22e5b90_0, 0, 1;
    %delay 20000, 0;
    %pushi/vec4 1, 0, 1;
    %store/vec4 v0x55b1f22e5e60_0, 0, 1;
    %pushi/vec4 1, 0, 1;
    %store/vec4 v0x55b1f22e5f00_0, 0, 1;
    %delay 8000000, 0;
    %pushi/vec4 0, 0, 1;
    %store/vec4 v0x55b1f22e5f00_0, 0, 1;
    %pushi/vec4 0, 0, 1;
    %store/vec4 v0x55b1f22e5e60_0, 0, 1;
    %delay 20000, 0;
    %pushi/vec4 1, 0, 1;
    %store/vec4 v0x55b1f22e5aa0_0, 0, 1;
    %delay 20000, 0;
    %load/vec4 v0x55b1f22e59b0_0;
    %store/vec4 v0x55b1f22e51a0_0, 0, 8;
    %delay 20000, 0;
    %load/vec4 v0x55b1f22e59b0_0;
    %store/vec4 v0x55b1f22e5290_0, 0, 8;
    %delay 20000, 0;
    %load/vec4 v0x55b1f22e59b0_0;
    %store/vec4 v0x55b1f22e5330_0, 0, 8;
    %delay 20000, 0;
    %pushi/vec4 0, 0, 1;
    %store/vec4 v0x55b1f22e5aa0_0, 0, 1;
    %vpi_call 2 96 "$display", "check_reg_tb0 : ", v0x55b1f22e51a0_0 {0 0 0};
    %vpi_call 2 97 "$display", "check_reg_tb1 : ", v0x55b1f22e5290_0 {0 0 0};
    %vpi_call 2 98 "$display", "check_reg_tb2 : ", v0x55b1f22e5330_0 {0 0 0};
    %load/vec4 v0x55b1f22e51a0_0;
    %pushi/vec4 165, 0, 8;
    %cmp/e;
    %flag_get/vec4 4;
    %load/vec4 v0x55b1f22e5290_0;
    %pushi/vec4 33, 0, 8;
    %cmp/e;
    %flag_get/vec4 4;
    %and;
    %load/vec4 v0x55b1f22e5330_0;
    %pushi/vec4 61, 0, 8;
    %cmp/e;
    %flag_get/vec4 4;
    %and;
    %flag_set/vec4 8;
    %jmp/0xz  T_15.0, 8;
    %vpi_call 2 102 "$display", "All Test casses passed!!!" {0 0 0};
    %jmp T_15.1;
T_15.0 ;
    %vpi_call 2 104 "$display", "Test Failed..." {0 0 0};
T_15.1 ;
    %vpi_call 2 105 "$finish" {0 0 0};
    %end;
    .thread T_15;
    .scope S_0x55b1f2270c50;
T_16 ;
    %vpi_call 2 109 "$dumpfile", "UART_cntrl_tb.vcd" {0 0 0};
    %vpi_call 2 110 "$dumpvars", 32'sb00000000000000000000000000000000, S_0x55b1f2270c50 {0 0 0};
    %pushi/vec4 1000, 0, 32;
T_16.0 %dup/vec4;
    %pushi/vec4 0, 0, 32;
    %cmp/s;
    %jmp/1xz T_16.1, 5;
    %jmp/1 T_16.1, 4;
    %pushi/vec4 1, 0, 32;
    %sub;
    %wait E_0x55b1f2287580;
    %jmp T_16.0;
T_16.1 ;
    %pop/vec4 1;
    %vpi_call 2 113 "$display", "Monitor: Timeout; Test failed..." {0 0 0};
    %vpi_call 2 114 "$finish" {0 0 0};
    %end;
    .thread T_16;
# The file index is used to find the file name in the following table.
:file_names 7;
    "N/A";
    "<interactive>";
    "UART_cntrl_tb.v";
    "UART_cntrl.v";
    "Fifo.v";
    "uart_rx.v";
    "uart_tx.v";
